
Cadence Innovus(TM) Implementation System.
Copyright 2018 Cadence Design Systems, Inc. All rights reserved worldwide.

Version:	v18.10-p002_1, built Tue May 29 19:19:55 PDT 2018
Options:	
Date:		Sun Jan  4 16:16:53 2026
Host:		ug253 (x86_64 w/Linux 6.1.0-37-amd64) (12cores*48cpus*Intel(R) Xeon(R) Silver 4310 CPU @ 2.10GHz 18432KB)
OS:		Unsupported OS as /etc does not have release info

License:
		invs	Innovus Implementation System	18.1	checkout succeeded
		8 CPU jobs allowed with the current license(s). Use setMultiCpuUsage to set your required CPU count.
Change the soft stacksize limit to 0.2%RAM (515 mbytes). Set global soft_stack_size_limit to change the value.

**INFO:  MMMC transition support version v31-84 

<CMD> set_global _enable_mmmc_by_default_flow      $CTE::mmmc_default
<CMD> suppressMessage ENCEXT-2799
<CMD> getVersion
[INFO] Loading fill procedures release ... 2017_02_14_15_15 for PVS build 15.23
<CMD> win
<CMD> set ::TimeLib::tsgMarkCellLatchConstructFlag 1
<CMD> set defHierChar /
Set Default Input Pin Transition as 0.1 ps.
<CMD> set delaycal_input_transition_delay 0.1ps
<CMD> set distributed_client_message_echo 1
<CMD> set distributed_mmmc_disable_reports_auto_redirection 0
<CMD> set enc_enable_print_mode_command_reset_options 1
<CMD> set floorplan_default_site core
<CMD> set fpIsMaxIoHeight 0
<CMD> set init_gnd_net VSS
<CMD> set init_lef_file {/nfs/vrg/cmc/cmc/kits/tsmc_65nm_libs/OA_libs/tcbn65gplus/tcbn65gplus_200a/TSMCHOME/digital/Back_End/lef/tcbn65gplus_200a/lef/tcbn65gplus_9lmT2.lef /nfs/vrg/cmc/cmc/kits/tsmc_65nm_libs/OA_libs/tpan65gpgv2od3/tpan65gpgv2od3_200b/TSMCHOME/digital/Back_End/lef/tpan65gpgv2od3_200a/mt/9lm/lef/tpan65gpgv2od3_9lm.lef}
<CMD> set init_mmmc_file kf_top.view
<CMD> set init_oa_search_lib {}
<CMD> set init_original_verilog_files kf_top_syn.v
<CMD> set init_pwr_net VDD
<CMD> set init_verilog kf_top_syn.v
<CMD> set latch_time_borrow_mode max_borrow
<CMD> set pegDefaultResScaleFactor 1
<CMD> set pegDetailResScaleFactor 1
<CMD> set report_inactive_arcs_format {from to when arc_type sense reason}
<CMD> set soft_stack_size_limit 128
<CMD> init_design
#% Begin Load MMMC data ... (date=01/04 16:17:27, mem=589.0M)
#% End Load MMMC data ... (date=01/04 16:17:27, total cpu=0:00:00.0, real=0:00:00.0, peak res=589.3M, current mem=589.3M)
worst best typical

Loading LEF file /nfs/vrg/cmc/cmc/kits/tsmc_65nm_libs/OA_libs/tcbn65gplus/tcbn65gplus_200a/TSMCHOME/digital/Back_End/lef/tcbn65gplus_200a/lef/tcbn65gplus_9lmT2.lef ...
Set DBUPerIGU to M2 pitch 400.

Loading LEF file /nfs/vrg/cmc/cmc/kits/tsmc_65nm_libs/OA_libs/tpan65gpgv2od3/tpan65gpgv2od3_200b/TSMCHOME/digital/Back_End/lef/tpan65gpgv2od3_200a/mt/9lm/lef/tpan65gpgv2od3_9lm.lef ...
WARNING (LEFPARS-2001): No VERSION statement found, using the default value 5.8. See file /nfs/vrg/cmc/cmc/kits/tsmc_65nm_libs/OA_libs/tpan65gpgv2od3/tpan65gpgv2od3_200b/TSMCHOME/digital/Back_End/lef/tpan65gpgv2od3_200a/mt/9lm/lef/tpan65gpgv2od3_9lm.lef at line 1418.
**WARN: (IMPLF-201):	Pin 'AVSS' in macro 'PVSS3AC' has no ANTENNADIFFAREA value defined. The library data is incomplete and some process antenna rules will not be checked correctly.
Type 'man IMPLF-201' for more detail.
**WARN: (IMPLF-200):	Pin 'AVSS' in macro 'PVSS3AC' has no ANTENNAGATEAREA value defined. The library data is incomplete and some process antenna rules will not be checked correctly.
Type 'man IMPLF-200' for more detail.
**WARN: (IMPLF-201):	Pin 'AVSS' in macro 'PVSS3A' has no ANTENNADIFFAREA value defined. The library data is incomplete and some process antenna rules will not be checked correctly.
Type 'man IMPLF-201' for more detail.
**WARN: (IMPLF-200):	Pin 'AVSS' in macro 'PVSS3A' has no ANTENNAGATEAREA value defined. The library data is incomplete and some process antenna rules will not be checked correctly.
Type 'man IMPLF-200' for more detail.
**WARN: (IMPLF-201):	Pin 'VSS' in macro 'PVSS2AC' has no ANTENNADIFFAREA value defined. The library data is incomplete and some process antenna rules will not be checked correctly.
Type 'man IMPLF-201' for more detail.
**WARN: (IMPLF-200):	Pin 'VSS' in macro 'PVSS2AC' has no ANTENNAGATEAREA value defined. The library data is incomplete and some process antenna rules will not be checked correctly.
Type 'man IMPLF-200' for more detail.
**WARN: (IMPLF-201):	Pin 'VSS' in macro 'PVSS2A' has no ANTENNADIFFAREA value defined. The library data is incomplete and some process antenna rules will not be checked correctly.
Type 'man IMPLF-201' for more detail.
**WARN: (IMPLF-200):	Pin 'VSS' in macro 'PVSS2A' has no ANTENNAGATEAREA value defined. The library data is incomplete and some process antenna rules will not be checked correctly.
Type 'man IMPLF-200' for more detail.
**WARN: (IMPLF-201):	Pin 'TACVDD' in macro 'PVDD3AC' has no ANTENNADIFFAREA value defined. The library data is incomplete and some process antenna rules will not be checked correctly.
Type 'man IMPLF-201' for more detail.
**WARN: (IMPLF-200):	Pin 'TACVDD' in macro 'PVDD3AC' has no ANTENNAGATEAREA value defined. The library data is incomplete and some process antenna rules will not be checked correctly.
Type 'man IMPLF-200' for more detail.
**WARN: (IMPLF-201):	Pin 'AVDD' in macro 'PVDD3AC' has no ANTENNADIFFAREA value defined. The library data is incomplete and some process antenna rules will not be checked correctly.
Type 'man IMPLF-201' for more detail.
**WARN: (IMPLF-200):	Pin 'AVDD' in macro 'PVDD3AC' has no ANTENNAGATEAREA value defined. The library data is incomplete and some process antenna rules will not be checked correctly.
Type 'man IMPLF-200' for more detail.
**WARN: (IMPLF-201):	Pin 'TAVDD' in macro 'PVDD3A' has no ANTENNADIFFAREA value defined. The library data is incomplete and some process antenna rules will not be checked correctly.
Type 'man IMPLF-201' for more detail.
**WARN: (IMPLF-200):	Pin 'TAVDD' in macro 'PVDD3A' has no ANTENNAGATEAREA value defined. The library data is incomplete and some process antenna rules will not be checked correctly.
Type 'man IMPLF-200' for more detail.
**WARN: (IMPLF-201):	Pin 'AVDD' in macro 'PVDD3A' has no ANTENNADIFFAREA value defined. The library data is incomplete and some process antenna rules will not be checked correctly.
Type 'man IMPLF-201' for more detail.
**WARN: (IMPLF-200):	Pin 'AVDD' in macro 'PVDD3A' has no ANTENNAGATEAREA value defined. The library data is incomplete and some process antenna rules will not be checked correctly.
Type 'man IMPLF-200' for more detail.
**WARN: (IMPLF-201):	Pin 'VBUS' in macro 'PVBUS' has no ANTENNADIFFAREA value defined. The library data is incomplete and some process antenna rules will not be checked correctly.
Type 'man IMPLF-201' for more detail.
**WARN: (IMPLF-200):	Pin 'VBUS' in macro 'PVBUS' has no ANTENNAGATEAREA value defined. The library data is incomplete and some process antenna rules will not be checked correctly.
Type 'man IMPLF-200' for more detail.
**WARN: (IMPLF-201):	Pin 'AIO' in macro 'PDB3AC' has no ANTENNADIFFAREA value defined. The library data is incomplete and some process antenna rules will not be checked correctly.
Type 'man IMPLF-201' for more detail.
**WARN: (IMPLF-200):	Pin 'AIO' in macro 'PDB3AC' has no ANTENNAGATEAREA value defined. The library data is incomplete and some process antenna rules will not be checked correctly.
Type 'man IMPLF-200' for more detail.
**WARN: (IMPLF-201):	Pin 'AIO' in macro 'PDB3A' has no ANTENNADIFFAREA value defined. The library data is incomplete and some process antenna rules will not be checked correctly.
Type 'man IMPLF-201' for more detail.
**WARN: (IMPLF-200):	Pin 'AIO' in macro 'PDB3A' has no ANTENNAGATEAREA value defined. The library data is incomplete and some process antenna rules will not be checked correctly.
Type 'man IMPLF-200' for more detail.
**WARN: (IMPLF-201):	Pin 'AIO' in macro 'PDB2AC' has no ANTENNADIFFAREA value defined. The library data is incomplete and some process antenna rules will not be checked correctly.
Type 'man IMPLF-201' for more detail.
**WARN: (IMPLF-200):	Pin 'AIO' in macro 'PDB2AC' has no ANTENNAGATEAREA value defined. The library data is incomplete and some process antenna rules will not be checked correctly.
Type 'man IMPLF-200' for more detail.
**WARN: (IMPLF-201):	Pin 'AIO' in macro 'PDB2A' has no ANTENNADIFFAREA value defined. The library data is incomplete and some process antenna rules will not be checked correctly.
Type 'man IMPLF-201' for more detail.
**WARN: (IMPLF-200):	Pin 'AIO' in macro 'PDB2A' has no ANTENNAGATEAREA value defined. The library data is incomplete and some process antenna rules will not be checked correctly.
Type 'man IMPLF-200' for more detail.
**WARN: (IMPLF-201):	Pin 'AIO' in macro 'PDB1AC' has no ANTENNADIFFAREA value defined. The library data is incomplete and some process antenna rules will not be checked correctly.
Type 'man IMPLF-201' for more detail.
**WARN: (IMPLF-200):	Pin 'AIO' in macro 'PDB1AC' has no ANTENNAGATEAREA value defined. The library data is incomplete and some process antenna rules will not be checked correctly.
Type 'man IMPLF-200' for more detail.
**WARN: (IMPLF-201):	Pin 'AIO' in macro 'PDB1A' has no ANTENNADIFFAREA value defined. The library data is incomplete and some process antenna rules will not be checked correctly.
Type 'man IMPLF-201' for more detail.
**WARN: (IMPLF-200):	Pin 'AIO' in macro 'PDB1A' has no ANTENNAGATEAREA value defined. The library data is incomplete and some process antenna rules will not be checked correctly.
Type 'man IMPLF-200' for more detail.
**WARN: (IMPLF-201):	Pin 'VSSESD' in macro 'PCLAMPAC' has no ANTENNADIFFAREA value defined. The library data is incomplete and some process antenna rules will not be checked correctly.
Type 'man IMPLF-201' for more detail.
**WARN: (IMPLF-200):	Pin 'VSSESD' in macro 'PCLAMPAC' has no ANTENNAGATEAREA value defined. The library data is incomplete and some process antenna rules will not be checked correctly.
Type 'man IMPLF-200' for more detail.
**WARN: (IMPLF-201):	Pin 'VDDESD' in macro 'PCLAMPAC' has no ANTENNADIFFAREA value defined. The library data is incomplete and some process antenna rules will not be checked correctly.
Type 'man IMPLF-201' for more detail.
**WARN: (IMPLF-200):	Pin 'VDDESD' in macro 'PCLAMPAC' has no ANTENNAGATEAREA value defined. The library data is incomplete and some process antenna rules will not be checked correctly.
Type 'man IMPLF-200' for more detail.
**WARN: (IMPLF-201):	Pin 'VSSESD' in macro 'PCLAMPA' has no ANTENNADIFFAREA value defined. The library data is incomplete and some process antenna rules will not be checked correctly.
Type 'man IMPLF-201' for more detail.
**WARN: (IMPLF-200):	Pin 'VSSESD' in macro 'PCLAMPA' has no ANTENNAGATEAREA value defined. The library data is incomplete and some process antenna rules will not be checked correctly.
Type 'man IMPLF-200' for more detail.
**WARN: (IMPLF-201):	Pin 'VDDESD' in macro 'PCLAMPA' has no ANTENNADIFFAREA value defined. The library data is incomplete and some process antenna rules will not be checked correctly.
Type 'man IMPLF-201' for more detail.
**WARN: (IMPLF-200):	Pin 'VDDESD' in macro 'PCLAMPA' has no ANTENNAGATEAREA value defined. The library data is incomplete and some process antenna rules will not be checked correctly.
Type 'man IMPLF-200' for more detail.
**WARN: (IMPLF-200):	Pin 'I' in macro 'ANTENNA' has no ANTENNAGATEAREA value defined. The library data is incomplete and some process antenna rules will not be checked correctly.
Type 'man IMPLF-200' for more detail.

viaInitial starts at Sun Jan  4 16:17:27 2026
viaInitial ends at Sun Jan  4 16:17:27 2026
Loading view definition file from kf_top.view
Reading worst timing library '/nfs/vrg/cmc/cmc/kits/tsmc_65nm_libs/OA_libs/tcbn65gplus/tcbn65gplus_200a/TSMCHOME/digital/Front_End/timing_power_noise/NLDM/tcbn65gplus_140b/tcbn65gpluswc.lib' ...
**WARN: (TECHLIB-436):	Attribute 'max_fanout' on 'output/inout' pin 'Z' of cell 'AN2D0' is not defined in the library. (File /nfs/vrg/cmc/cmc/kits/tsmc_65nm_libs/OA_libs/tcbn65gplus/tcbn65gplus_200a/TSMCHOME/digital/Front_End/timing_power_noise/NLDM/tcbn65gplus_140b/tcbn65gpluswc.lib)
**WARN: (TECHLIB-436):	Attribute 'max_fanout' on 'output/inout' pin 'Z' of cell 'AN2D1' is not defined in the library. (File /nfs/vrg/cmc/cmc/kits/tsmc_65nm_libs/OA_libs/tcbn65gplus/tcbn65gplus_200a/TSMCHOME/digital/Front_End/timing_power_noise/NLDM/tcbn65gplus_140b/tcbn65gpluswc.lib)
**WARN: (TECHLIB-436):	Attribute 'max_fanout' on 'output/inout' pin 'Z' of cell 'AN2D2' is not defined in the library. (File /nfs/vrg/cmc/cmc/kits/tsmc_65nm_libs/OA_libs/tcbn65gplus/tcbn65gplus_200a/TSMCHOME/digital/Front_End/timing_power_noise/NLDM/tcbn65gplus_140b/tcbn65gpluswc.lib)
**WARN: (TECHLIB-436):	Attribute 'max_fanout' on 'output/inout' pin 'Z' of cell 'AN2D4' is not defined in the library. (File /nfs/vrg/cmc/cmc/kits/tsmc_65nm_libs/OA_libs/tcbn65gplus/tcbn65gplus_200a/TSMCHOME/digital/Front_End/timing_power_noise/NLDM/tcbn65gplus_140b/tcbn65gpluswc.lib)
**WARN: (TECHLIB-436):	Attribute 'max_fanout' on 'output/inout' pin 'Z' of cell 'AN2D8' is not defined in the library. (File /nfs/vrg/cmc/cmc/kits/tsmc_65nm_libs/OA_libs/tcbn65gplus/tcbn65gplus_200a/TSMCHOME/digital/Front_End/timing_power_noise/NLDM/tcbn65gplus_140b/tcbn65gpluswc.lib)
**WARN: (TECHLIB-436):	Attribute 'max_fanout' on 'output/inout' pin 'Z' of cell 'AN2XD1' is not defined in the library. (File /nfs/vrg/cmc/cmc/kits/tsmc_65nm_libs/OA_libs/tcbn65gplus/tcbn65gplus_200a/TSMCHOME/digital/Front_End/timing_power_noise/NLDM/tcbn65gplus_140b/tcbn65gpluswc.lib)
**WARN: (TECHLIB-436):	Attribute 'max_fanout' on 'output/inout' pin 'Z' of cell 'AN3D0' is not defined in the library. (File /nfs/vrg/cmc/cmc/kits/tsmc_65nm_libs/OA_libs/tcbn65gplus/tcbn65gplus_200a/TSMCHOME/digital/Front_End/timing_power_noise/NLDM/tcbn65gplus_140b/tcbn65gpluswc.lib)
**WARN: (TECHLIB-436):	Attribute 'max_fanout' on 'output/inout' pin 'Z' of cell 'AN3D1' is not defined in the library. (File /nfs/vrg/cmc/cmc/kits/tsmc_65nm_libs/OA_libs/tcbn65gplus/tcbn65gplus_200a/TSMCHOME/digital/Front_End/timing_power_noise/NLDM/tcbn65gplus_140b/tcbn65gpluswc.lib)
**WARN: (TECHLIB-436):	Attribute 'max_fanout' on 'output/inout' pin 'Z' of cell 'AN3D2' is not defined in the library. (File /nfs/vrg/cmc/cmc/kits/tsmc_65nm_libs/OA_libs/tcbn65gplus/tcbn65gplus_200a/TSMCHOME/digital/Front_End/timing_power_noise/NLDM/tcbn65gplus_140b/tcbn65gpluswc.lib)
**WARN: (TECHLIB-436):	Attribute 'max_fanout' on 'output/inout' pin 'Z' of cell 'AN3D4' is not defined in the library. (File /nfs/vrg/cmc/cmc/kits/tsmc_65nm_libs/OA_libs/tcbn65gplus/tcbn65gplus_200a/TSMCHOME/digital/Front_End/timing_power_noise/NLDM/tcbn65gplus_140b/tcbn65gpluswc.lib)
**WARN: (TECHLIB-436):	Attribute 'max_fanout' on 'output/inout' pin 'Z' of cell 'AN3D8' is not defined in the library. (File /nfs/vrg/cmc/cmc/kits/tsmc_65nm_libs/OA_libs/tcbn65gplus/tcbn65gplus_200a/TSMCHOME/digital/Front_End/timing_power_noise/NLDM/tcbn65gplus_140b/tcbn65gpluswc.lib)
**WARN: (TECHLIB-436):	Attribute 'max_fanout' on 'output/inout' pin 'Z' of cell 'AN3XD1' is not defined in the library. (File /nfs/vrg/cmc/cmc/kits/tsmc_65nm_libs/OA_libs/tcbn65gplus/tcbn65gplus_200a/TSMCHOME/digital/Front_End/timing_power_noise/NLDM/tcbn65gplus_140b/tcbn65gpluswc.lib)
**WARN: (TECHLIB-436):	Attribute 'max_fanout' on 'output/inout' pin 'Z' of cell 'AN4D0' is not defined in the library. (File /nfs/vrg/cmc/cmc/kits/tsmc_65nm_libs/OA_libs/tcbn65gplus/tcbn65gplus_200a/TSMCHOME/digital/Front_End/timing_power_noise/NLDM/tcbn65gplus_140b/tcbn65gpluswc.lib)
**WARN: (TECHLIB-436):	Attribute 'max_fanout' on 'output/inout' pin 'Z' of cell 'AN4D1' is not defined in the library. (File /nfs/vrg/cmc/cmc/kits/tsmc_65nm_libs/OA_libs/tcbn65gplus/tcbn65gplus_200a/TSMCHOME/digital/Front_End/timing_power_noise/NLDM/tcbn65gplus_140b/tcbn65gpluswc.lib)
**WARN: (TECHLIB-436):	Attribute 'max_fanout' on 'output/inout' pin 'Z' of cell 'AN4D2' is not defined in the library. (File /nfs/vrg/cmc/cmc/kits/tsmc_65nm_libs/OA_libs/tcbn65gplus/tcbn65gplus_200a/TSMCHOME/digital/Front_End/timing_power_noise/NLDM/tcbn65gplus_140b/tcbn65gpluswc.lib)
**WARN: (TECHLIB-436):	Attribute 'max_fanout' on 'output/inout' pin 'Z' of cell 'AN4D4' is not defined in the library. (File /nfs/vrg/cmc/cmc/kits/tsmc_65nm_libs/OA_libs/tcbn65gplus/tcbn65gplus_200a/TSMCHOME/digital/Front_End/timing_power_noise/NLDM/tcbn65gplus_140b/tcbn65gpluswc.lib)
**WARN: (TECHLIB-436):	Attribute 'max_fanout' on 'output/inout' pin 'Z' of cell 'AN4D8' is not defined in the library. (File /nfs/vrg/cmc/cmc/kits/tsmc_65nm_libs/OA_libs/tcbn65gplus/tcbn65gplus_200a/TSMCHOME/digital/Front_End/timing_power_noise/NLDM/tcbn65gplus_140b/tcbn65gpluswc.lib)
**WARN: (TECHLIB-436):	Attribute 'max_fanout' on 'output/inout' pin 'Z' of cell 'AN4XD1' is not defined in the library. (File /nfs/vrg/cmc/cmc/kits/tsmc_65nm_libs/OA_libs/tcbn65gplus/tcbn65gplus_200a/TSMCHOME/digital/Front_End/timing_power_noise/NLDM/tcbn65gplus_140b/tcbn65gpluswc.lib)
**WARN: (TECHLIB-436):	Attribute 'max_fanout' on 'output/inout' pin 'Z' of cell 'AO211D0' is not defined in the library. (File /nfs/vrg/cmc/cmc/kits/tsmc_65nm_libs/OA_libs/tcbn65gplus/tcbn65gplus_200a/TSMCHOME/digital/Front_End/timing_power_noise/NLDM/tcbn65gplus_140b/tcbn65gpluswc.lib)
**WARN: (TECHLIB-436):	Attribute 'max_fanout' on 'output/inout' pin 'Z' of cell 'AO211D1' is not defined in the library. (File /nfs/vrg/cmc/cmc/kits/tsmc_65nm_libs/OA_libs/tcbn65gplus/tcbn65gplus_200a/TSMCHOME/digital/Front_End/timing_power_noise/NLDM/tcbn65gplus_140b/tcbn65gpluswc.lib)
Message <TECHLIB-436> has exceeded the message display limit of '20'. Use 'set_message -no_limit -id list_of_msgIDs' to reset the message limit.
**WARN: (TECHLIB-302):	No function defined for cell 'OD18DCAP64'. The cell will only be used for analysis. (File /nfs/vrg/cmc/cmc/kits/tsmc_65nm_libs/OA_libs/tcbn65gplus/tcbn65gplus_200a/TSMCHOME/digital/Front_End/timing_power_noise/NLDM/tcbn65gplus_140b/tcbn65gpluswc.lib)
**WARN: (TECHLIB-302):	No function defined for cell 'OD18DCAP32'. The cell will only be used for analysis. (File /nfs/vrg/cmc/cmc/kits/tsmc_65nm_libs/OA_libs/tcbn65gplus/tcbn65gplus_200a/TSMCHOME/digital/Front_End/timing_power_noise/NLDM/tcbn65gplus_140b/tcbn65gpluswc.lib)
**WARN: (TECHLIB-302):	No function defined for cell 'OD18DCAP16'. The cell will only be used for analysis. (File /nfs/vrg/cmc/cmc/kits/tsmc_65nm_libs/OA_libs/tcbn65gplus/tcbn65gplus_200a/TSMCHOME/digital/Front_End/timing_power_noise/NLDM/tcbn65gplus_140b/tcbn65gpluswc.lib)
**WARN: (TECHLIB-302):	No function defined for cell 'DCAP8'. The cell will only be used for analysis. (File /nfs/vrg/cmc/cmc/kits/tsmc_65nm_libs/OA_libs/tcbn65gplus/tcbn65gplus_200a/TSMCHOME/digital/Front_End/timing_power_noise/NLDM/tcbn65gplus_140b/tcbn65gpluswc.lib)
**WARN: (TECHLIB-302):	No function defined for cell 'DCAP64'. The cell will only be used for analysis. (File /nfs/vrg/cmc/cmc/kits/tsmc_65nm_libs/OA_libs/tcbn65gplus/tcbn65gplus_200a/TSMCHOME/digital/Front_End/timing_power_noise/NLDM/tcbn65gplus_140b/tcbn65gpluswc.lib)
**WARN: (TECHLIB-302):	No function defined for cell 'DCAP4'. The cell will only be used for analysis. (File /nfs/vrg/cmc/cmc/kits/tsmc_65nm_libs/OA_libs/tcbn65gplus/tcbn65gplus_200a/TSMCHOME/digital/Front_End/timing_power_noise/NLDM/tcbn65gplus_140b/tcbn65gpluswc.lib)
**WARN: (TECHLIB-302):	No function defined for cell 'DCAP32'. The cell will only be used for analysis. (File /nfs/vrg/cmc/cmc/kits/tsmc_65nm_libs/OA_libs/tcbn65gplus/tcbn65gplus_200a/TSMCHOME/digital/Front_End/timing_power_noise/NLDM/tcbn65gplus_140b/tcbn65gpluswc.lib)
**WARN: (TECHLIB-302):	No function defined for cell 'DCAP16'. The cell will only be used for analysis. (File /nfs/vrg/cmc/cmc/kits/tsmc_65nm_libs/OA_libs/tcbn65gplus/tcbn65gplus_200a/TSMCHOME/digital/Front_End/timing_power_noise/NLDM/tcbn65gplus_140b/tcbn65gpluswc.lib)
**WARN: (TECHLIB-302):	No function defined for cell 'DCAP'. The cell will only be used for analysis. (File /nfs/vrg/cmc/cmc/kits/tsmc_65nm_libs/OA_libs/tcbn65gplus/tcbn65gplus_200a/TSMCHOME/digital/Front_End/timing_power_noise/NLDM/tcbn65gplus_140b/tcbn65gpluswc.lib)
**WARN: (TECHLIB-302):	No function defined for cell 'ANTENNA'. The cell will only be used for analysis. (File /nfs/vrg/cmc/cmc/kits/tsmc_65nm_libs/OA_libs/tcbn65gplus/tcbn65gplus_200a/TSMCHOME/digital/Front_End/timing_power_noise/NLDM/tcbn65gplus_140b/tcbn65gpluswc.lib)
Read 816 cells in library 'tcbn65gpluswc' 
Reading worst timing library '/nfs/vrg/cmc/cmc/kits/tsmc_65nm_libs/OA_libs/tpan65gpgv2od3/tpan65gpgv2od3_200b/TSMCHOME/digital/Front_End/timing_power_noise/NLDM/tpan65gpgv2od3_200a/tpan65gpgv2od3wc.lib' ...
**WARN: (TECHLIB-302):	No function defined for cell 'PVSS3AC'. The cell will only be used for analysis. (File /nfs/vrg/cmc/cmc/kits/tsmc_65nm_libs/OA_libs/tpan65gpgv2od3/tpan65gpgv2od3_200b/TSMCHOME/digital/Front_End/timing_power_noise/NLDM/tpan65gpgv2od3_200a/tpan65gpgv2od3wc.lib)
**WARN: (TECHLIB-302):	No function defined for cell 'PVSS3A'. The cell will only be used for analysis. (File /nfs/vrg/cmc/cmc/kits/tsmc_65nm_libs/OA_libs/tpan65gpgv2od3/tpan65gpgv2od3_200b/TSMCHOME/digital/Front_End/timing_power_noise/NLDM/tpan65gpgv2od3_200a/tpan65gpgv2od3wc.lib)
**WARN: (TECHLIB-302):	No function defined for cell 'PVSS2AC'. The cell will only be used for analysis. (File /nfs/vrg/cmc/cmc/kits/tsmc_65nm_libs/OA_libs/tpan65gpgv2od3/tpan65gpgv2od3_200b/TSMCHOME/digital/Front_End/timing_power_noise/NLDM/tpan65gpgv2od3_200a/tpan65gpgv2od3wc.lib)
**WARN: (TECHLIB-302):	No function defined for cell 'PVSS2A'. The cell will only be used for analysis. (File /nfs/vrg/cmc/cmc/kits/tsmc_65nm_libs/OA_libs/tpan65gpgv2od3/tpan65gpgv2od3_200b/TSMCHOME/digital/Front_End/timing_power_noise/NLDM/tpan65gpgv2od3_200a/tpan65gpgv2od3wc.lib)
**WARN: (TECHLIB-302):	No function defined for cell 'PVDD3AC'. The cell will only be used for analysis. (File /nfs/vrg/cmc/cmc/kits/tsmc_65nm_libs/OA_libs/tpan65gpgv2od3/tpan65gpgv2od3_200b/TSMCHOME/digital/Front_End/timing_power_noise/NLDM/tpan65gpgv2od3_200a/tpan65gpgv2od3wc.lib)
**WARN: (TECHLIB-302):	No function defined for cell 'PVDD3A'. The cell will only be used for analysis. (File /nfs/vrg/cmc/cmc/kits/tsmc_65nm_libs/OA_libs/tpan65gpgv2od3/tpan65gpgv2od3_200b/TSMCHOME/digital/Front_End/timing_power_noise/NLDM/tpan65gpgv2od3_200a/tpan65gpgv2od3wc.lib)
**WARN: (TECHLIB-302):	No function defined for cell 'PVBUS'. The cell will only be used for analysis. (File /nfs/vrg/cmc/cmc/kits/tsmc_65nm_libs/OA_libs/tpan65gpgv2od3/tpan65gpgv2od3_200b/TSMCHOME/digital/Front_End/timing_power_noise/NLDM/tpan65gpgv2od3_200a/tpan65gpgv2od3wc.lib)
**WARN: (TECHLIB-302):	No function defined for cell 'PRCUTA'. The cell will only be used for analysis. (File /nfs/vrg/cmc/cmc/kits/tsmc_65nm_libs/OA_libs/tpan65gpgv2od3/tpan65gpgv2od3_200b/TSMCHOME/digital/Front_End/timing_power_noise/NLDM/tpan65gpgv2od3_200a/tpan65gpgv2od3wc.lib)
**WARN: (TECHLIB-302):	No function defined for cell 'PDB3AC'. The cell will only be used for analysis. (File /nfs/vrg/cmc/cmc/kits/tsmc_65nm_libs/OA_libs/tpan65gpgv2od3/tpan65gpgv2od3_200b/TSMCHOME/digital/Front_End/timing_power_noise/NLDM/tpan65gpgv2od3_200a/tpan65gpgv2od3wc.lib)
**WARN: (TECHLIB-302):	No function defined for cell 'PDB3A'. The cell will only be used for analysis. (File /nfs/vrg/cmc/cmc/kits/tsmc_65nm_libs/OA_libs/tpan65gpgv2od3/tpan65gpgv2od3_200b/TSMCHOME/digital/Front_End/timing_power_noise/NLDM/tpan65gpgv2od3_200a/tpan65gpgv2od3wc.lib)
Message <TECHLIB-302> has exceeded the message display limit of '20'. Use 'set_message -no_limit -id list_of_msgIDs' to reset the message limit.
Read 16 cells in library 'tpan65gpgv2od3wc' 
Reading best timing library '/nfs/vrg/cmc/cmc/kits/tsmc_65nm_libs/OA_libs/tcbn65gplus/tcbn65gplus_200a/TSMCHOME/digital/Front_End/timing_power_noise/NLDM/tcbn65gplus_140b/tcbn65gplusbc.lib' ...
Read 816 cells in library 'tcbn65gplusbc' 
Reading best timing library '/nfs/vrg/cmc/cmc/kits/tsmc_65nm_libs/OA_libs/tpan65gpgv2od3/tpan65gpgv2od3_200b/TSMCHOME/digital/Front_End/timing_power_noise/NLDM/tpan65gpgv2od3_200a/tpan65gpgv2od3bc.lib' ...
Read 16 cells in library 'tpan65gpgv2od3bc' 
*** End library_loading (cpu=0.11min, real=0.10min, mem=141.4M, fe_cpu=0.35min, fe_real=0.67min, fe_mem=764.9M) ***
#% Begin Load netlist data ... (date=01/04 16:17:33, mem=636.0M)
*** Begin netlist parsing (mem=764.9M) ***
Created 832 new cells from 4 timing libraries.
Reading netlist ...
Backslashed names will retain backslash and a trailing blank character.
Reading verilog netlist 'kf_top_syn.v'

*** Memory Usage v#1 (Current mem = 764.887M, initial mem = 258.629M) ***
*** End netlist parsing (cpu=0:00:00.1, real=0:00:00.0, mem=764.9M) ***
#% End Load netlist data ... (date=01/04 16:17:33, total cpu=0:00:00.1, real=0:00:00.0, peak res=706.4M, current mem=706.4M)
Top level cell is kf_top.
**WARN: (IMPTS-282):	Cell 'PCLAMPAC' is not a level shifter cell but has 'input_signal_level' and 'output_signal_level' specified on pins, or it has different related_power_pin specified on input and output pins. To mark this cell as level shifter, use 'is_level_shifter' attribute.
Type 'man IMPTS-282' for more detail.
**WARN: (IMPTS-282):	Cell 'PCLAMPAC' is not a level shifter cell but has 'input_signal_level' and 'output_signal_level' specified on pins, or it has different related_power_pin specified on input and output pins. To mark this cell as level shifter, use 'is_level_shifter' attribute.
Type 'man IMPTS-282' for more detail.
Hooked 1664 DB cells to tlib cells.
Starting recursive module instantiation check.
No recursion found.
Building hierarchical netlist for Cell kf_top ...
*** Netlist is unique.
** info: there are 1719 modules.
** info: there are 18727 stdCell insts.

*** Memory Usage v#1 (Current mem = 836.301M, initial mem = 258.629M) ***
**WARN: (IMPFP-3961):	The techSite 'corner' has no related standard cells in LEF/OA library. Cannot make calculations for this site type unless standard cell models of this type exist in the LEF/OA library. If the SITE is not used by the library you can ignore this warning or remove the SITE definition from the LEF/OA to avoid this message.
Type 'man IMPFP-3961' for more detail.
**WARN: (IMPFP-3961):	The techSite 'pad' has no related standard cells in LEF/OA library. Cannot make calculations for this site type unless standard cell models of this type exist in the LEF/OA library. If the SITE is not used by the library you can ignore this warning or remove the SITE definition from the LEF/OA to avoid this message.
Type 'man IMPFP-3961' for more detail.
**WARN: (IMPFP-3961):	The techSite 'dcore' has no related standard cells in LEF/OA library. Cannot make calculations for this site type unless standard cell models of this type exist in the LEF/OA library. If the SITE is not used by the library you can ignore this warning or remove the SITE definition from the LEF/OA to avoid this message.
Type 'man IMPFP-3961' for more detail.
**WARN: (IMPFP-3961):	The techSite 'ccore' has no related standard cells in LEF/OA library. Cannot make calculations for this site type unless standard cell models of this type exist in the LEF/OA library. If the SITE is not used by the library you can ignore this warning or remove the SITE definition from the LEF/OA to avoid this message.
Type 'man IMPFP-3961' for more detail.
Set Default Net Delay as 1000 ps.
Set Default Net Load as 0.5 pF. 
Set Default Input Pin Transition as 0.1 ps.
Extraction setup Started 
Initializing multi-corner RC extraction with 2 active RC Corners ...
**WARN: (IMPEXT-2773):	The via resistance between layers M0 and M1 could not be determined from the LEF technology file because the via resistance specification is missing. A default of 4 Ohms will be used as via resistance between these layers.
Type 'man IMPEXT-2773' for more detail.
**WARN: (IMPEXT-2776):	The via resistance between layers M1 and M2 is not defined in the capacitance table file. The via resistance of 1.5 Ohms defined in the LEF technology file will be used as via resistance between these layers.
Type 'man IMPEXT-2776' for more detail.
**WARN: (IMPEXT-2776):	The via resistance between layers M2 and M3 is not defined in the capacitance table file. The via resistance of 1.5 Ohms defined in the LEF technology file will be used as via resistance between these layers.
Type 'man IMPEXT-2776' for more detail.
**WARN: (IMPEXT-2776):	The via resistance between layers M3 and M4 is not defined in the capacitance table file. The via resistance of 1.5 Ohms defined in the LEF technology file will be used as via resistance between these layers.
Type 'man IMPEXT-2776' for more detail.
**WARN: (IMPEXT-2776):	The via resistance between layers M4 and M5 is not defined in the capacitance table file. The via resistance of 1.5 Ohms defined in the LEF technology file will be used as via resistance between these layers.
Type 'man IMPEXT-2776' for more detail.
**WARN: (IMPEXT-2776):	The via resistance between layers M5 and M6 is not defined in the capacitance table file. The via resistance of 1.5 Ohms defined in the LEF technology file will be used as via resistance between these layers.
Type 'man IMPEXT-2776' for more detail.
**WARN: (IMPEXT-2776):	The via resistance between layers M6 and M7 is not defined in the capacitance table file. The via resistance of 1.5 Ohms defined in the LEF technology file will be used as via resistance between these layers.
Type 'man IMPEXT-2776' for more detail.
**WARN: (IMPEXT-2776):	The via resistance between layers M7 and M8 is not defined in the capacitance table file. The via resistance of 0.22 Ohms defined in the LEF technology file will be used as via resistance between these layers.
Type 'man IMPEXT-2776' for more detail.
**WARN: (IMPEXT-2776):	The via resistance between layers M8 and M9 is not defined in the capacitance table file. The via resistance of 0.22 Ohms defined in the LEF technology file will be used as via resistance between these layers.
Type 'man IMPEXT-2776' for more detail.
**WARN: (IMPEXT-2776):	The via resistance between layers M9 and M10 is not defined in the capacitance table file. The via resistance of 0.041 Ohms defined in the LEF technology file will be used as via resistance between these layers.
Type 'man IMPEXT-2776' for more detail.
**WARN: (IMPEXT-2766):	The sheet resistance for layer M1 is not defined in the cap table. Therefore, the LEF value 0.16 will be used instead. To avoid this message, update the relevant cap table to include the sheet resistance for the specified layer and read it back in.
**WARN: (IMPEXT-2766):	The sheet resistance for layer M2 is not defined in the cap table. Therefore, the LEF value 0.1399 will be used instead. To avoid this message, update the relevant cap table to include the sheet resistance for the specified layer and read it back in.
**WARN: (IMPEXT-2766):	The sheet resistance for layer M3 is not defined in the cap table. Therefore, the LEF value 0.1399 will be used instead. To avoid this message, update the relevant cap table to include the sheet resistance for the specified layer and read it back in.
**WARN: (IMPEXT-2766):	The sheet resistance for layer M4 is not defined in the cap table. Therefore, the LEF value 0.1399 will be used instead. To avoid this message, update the relevant cap table to include the sheet resistance for the specified layer and read it back in.
**WARN: (IMPEXT-2766):	The sheet resistance for layer M5 is not defined in the cap table. Therefore, the LEF value 0.1399 will be used instead. To avoid this message, update the relevant cap table to include the sheet resistance for the specified layer and read it back in.
**WARN: (IMPEXT-2766):	The sheet resistance for layer M6 is not defined in the cap table. Therefore, the LEF value 0.1399 will be used instead. To avoid this message, update the relevant cap table to include the sheet resistance for the specified layer and read it back in.
**WARN: (IMPEXT-2766):	The sheet resistance for layer M7 is not defined in the cap table. Therefore, the LEF value 0.1399 will be used instead. To avoid this message, update the relevant cap table to include the sheet resistance for the specified layer and read it back in.
**WARN: (IMPEXT-2766):	The sheet resistance for layer M8 is not defined in the cap table. Therefore, the LEF value 0.0218 will be used instead. To avoid this message, update the relevant cap table to include the sheet resistance for the specified layer and read it back in.
**WARN: (IMPEXT-2766):	The sheet resistance for layer M9 is not defined in the cap table. Therefore, the LEF value 0.0218 will be used instead. To avoid this message, update the relevant cap table to include the sheet resistance for the specified layer and read it back in.
**WARN: (IMPEXT-2766):	The sheet resistance for layer M10 is not defined in the cap table. Therefore, the LEF value 0.021 will be used instead. To avoid this message, update the relevant cap table to include the sheet resistance for the specified layer and read it back in.
**WARN: (IMPEXT-2773):	The via resistance between layers M0 and M1 could not be determined from the LEF technology file because the via resistance specification is missing. A default of 4 Ohms will be used as via resistance between these layers.
Type 'man IMPEXT-2773' for more detail.
**WARN: (IMPEXT-2776):	The via resistance between layers M1 and M2 is not defined in the capacitance table file. The via resistance of 1.5 Ohms defined in the LEF technology file will be used as via resistance between these layers.
Type 'man IMPEXT-2776' for more detail.
**WARN: (IMPEXT-2776):	The via resistance between layers M2 and M3 is not defined in the capacitance table file. The via resistance of 1.5 Ohms defined in the LEF technology file will be used as via resistance between these layers.
Type 'man IMPEXT-2776' for more detail.
**WARN: (IMPEXT-2776):	The via resistance between layers M3 and M4 is not defined in the capacitance table file. The via resistance of 1.5 Ohms defined in the LEF technology file will be used as via resistance between these layers.
Type 'man IMPEXT-2776' for more detail.
**WARN: (IMPEXT-2776):	The via resistance between layers M4 and M5 is not defined in the capacitance table file. The via resistance of 1.5 Ohms defined in the LEF technology file will be used as via resistance between these layers.
Type 'man IMPEXT-2776' for more detail.
**WARN: (IMPEXT-2776):	The via resistance between layers M5 and M6 is not defined in the capacitance table file. The via resistance of 1.5 Ohms defined in the LEF technology file will be used as via resistance between these layers.
Type 'man IMPEXT-2776' for more detail.
**WARN: (IMPEXT-2776):	The via resistance between layers M6 and M7 is not defined in the capacitance table file. The via resistance of 1.5 Ohms defined in the LEF technology file will be used as via resistance between these layers.
Type 'man IMPEXT-2776' for more detail.
**WARN: (IMPEXT-2776):	The via resistance between layers M7 and M8 is not defined in the capacitance table file. The via resistance of 0.22 Ohms defined in the LEF technology file will be used as via resistance between these layers.
Type 'man IMPEXT-2776' for more detail.
**WARN: (IMPEXT-2776):	The via resistance between layers M8 and M9 is not defined in the capacitance table file. The via resistance of 0.22 Ohms defined in the LEF technology file will be used as via resistance between these layers.
Type 'man IMPEXT-2776' for more detail.
**WARN: (IMPEXT-2776):	The via resistance between layers M9 and M10 is not defined in the capacitance table file. The via resistance of 0.041 Ohms defined in the LEF technology file will be used as via resistance between these layers.
Type 'man IMPEXT-2776' for more detail.
**WARN: (IMPEXT-2766):	The sheet resistance for layer M1 is not defined in the cap table. Therefore, the LEF value 0.16 will be used instead. To avoid this message, update the relevant cap table to include the sheet resistance for the specified layer and read it back in.
**WARN: (IMPEXT-2766):	The sheet resistance for layer M2 is not defined in the cap table. Therefore, the LEF value 0.1399 will be used instead. To avoid this message, update the relevant cap table to include the sheet resistance for the specified layer and read it back in.
**WARN: (IMPEXT-2766):	The sheet resistance for layer M3 is not defined in the cap table. Therefore, the LEF value 0.1399 will be used instead. To avoid this message, update the relevant cap table to include the sheet resistance for the specified layer and read it back in.
**WARN: (IMPEXT-2766):	The sheet resistance for layer M4 is not defined in the cap table. Therefore, the LEF value 0.1399 will be used instead. To avoid this message, update the relevant cap table to include the sheet resistance for the specified layer and read it back in.
**WARN: (IMPEXT-2766):	The sheet resistance for layer M5 is not defined in the cap table. Therefore, the LEF value 0.1399 will be used instead. To avoid this message, update the relevant cap table to include the sheet resistance for the specified layer and read it back in.
**WARN: (IMPEXT-2766):	The sheet resistance for layer M6 is not defined in the cap table. Therefore, the LEF value 0.1399 will be used instead. To avoid this message, update the relevant cap table to include the sheet resistance for the specified layer and read it back in.
**WARN: (IMPEXT-2766):	The sheet resistance for layer M7 is not defined in the cap table. Therefore, the LEF value 0.1399 will be used instead. To avoid this message, update the relevant cap table to include the sheet resistance for the specified layer and read it back in.
**WARN: (IMPEXT-2766):	The sheet resistance for layer M8 is not defined in the cap table. Therefore, the LEF value 0.0218 will be used instead. To avoid this message, update the relevant cap table to include the sheet resistance for the specified layer and read it back in.
**WARN: (IMPEXT-2766):	The sheet resistance for layer M9 is not defined in the cap table. Therefore, the LEF value 0.0218 will be used instead. To avoid this message, update the relevant cap table to include the sheet resistance for the specified layer and read it back in.
**WARN: (IMPEXT-2766):	The sheet resistance for layer M10 is not defined in the cap table. Therefore, the LEF value 0.021 will be used instead. To avoid this message, update the relevant cap table to include the sheet resistance for the specified layer and read it back in.
Summary of Active RC-Corners : 
 
 Analysis View: setup_view
    RC-Corner Name        : worst
    RC-Corner Index       : 0
    RC-Corner Temperature : 25 Celsius
    RC-Corner Cap Table   : ''
    RC-Corner PreRoute Res Factor         : 1
    RC-Corner PreRoute Cap Factor         : 1
    RC-Corner PostRoute Res Factor        : 1 {1 1 1}
    RC-Corner PostRoute Cap Factor        : 1 {1 1 1}
    RC-Corner PostRoute XCap Factor       : 1 {1 1 1}
    RC-Corner PreRoute Clock Res Factor   : 1
    RC-Corner PreRoute Clock Cap Factor   : 1
    RC-Corner PostRoute Clock Cap Factor  : 1 {1 1 1} 
    RC-Corner PostRoute Clock Res Factor  : 1 {1 1 1} 
 
 Analysis View: hold_view
    RC-Corner Name        : best
    RC-Corner Index       : 1
    RC-Corner Temperature : 25 Celsius
    RC-Corner Cap Table   : ''
    RC-Corner PreRoute Res Factor         : 1
    RC-Corner PreRoute Cap Factor         : 1
    RC-Corner PostRoute Res Factor        : 1 {1 1 1}
    RC-Corner PostRoute Cap Factor        : 1 {1 1 1}
    RC-Corner PostRoute XCap Factor       : 1 {1 1 1}
    RC-Corner PreRoute Clock Res Factor   : 1
    RC-Corner PreRoute Clock Cap Factor   : 1
    RC-Corner PostRoute Clock Cap Factor  : 1 {1 1 1} 
    RC-Corner PostRoute Clock Res Factor  : 1 {1 1 1} 
Updating RC grid for preRoute extraction ...
Initializing multi-corner resistance tables ...
*Info: initialize multi-corner CTS.
Reading timing constraints file 'kf_top_syn.sdc' ...
Current (total cpu=0:00:21.7, real=0:00:41.0, peak res=925.9M, current mem=925.9M)
**WARN: (TCLCMD-1461):	Skipped unsupported command: set_units (File kf_top_syn.sdc, Line 8).

INFO (CTE): Reading of timing constraints file kf_top_syn.sdc completed, with 1 WARNING
Ending "Constraint file reading stats" (total cpu=0:00:00.0, real=0:00:00.0, peak res=926.7M, current mem=926.7M)
Current (total cpu=0:00:21.7, real=0:00:41.0, peak res=926.7M, current mem=926.7M)
Total number of combinational cells: 502
Total number of sequential cells: 303
Total number of tristate cells: 11
Total number of level shifter cells: 0
Total number of power gating cells: 0
Total number of isolation cells: 0
Total number of power switch cells: 0
Total number of pulse generator cells: 0
Total number of always on buffers: 0
Total number of retention cells: 0
List of usable buffers: BUFFD1 BUFFD0 BUFFD2 BUFFD12 BUFFD16 BUFFD3 BUFFD4 BUFFD6 BUFFD8 CKBD1 CKBD0 CKBD2 CKBD12 CKBD16 CKBD3 CKBD4 CKBD6 CKBD8
Total number of usable buffers: 18
List of unusable buffers: BUFFD20 BUFFD24 CKBD20 CKBD24 GBUFFD1 GBUFFD3 GBUFFD2 GBUFFD4 GBUFFD8
Total number of unusable buffers: 9
List of usable inverters: CKND1 CKND0 CKND2 CKND12 CKND16 CKND3 CKND4 CKND6 CKND8 INVD1 INVD0 INVD2 INVD12 INVD16 INVD3 INVD4 INVD6 INVD8
Total number of usable inverters: 18
List of unusable inverters: CKND20 CKND24 GINVD2 GINVD1 GINVD4 GINVD3 GINVD8 INVD20 INVD24
Total number of unusable inverters: 9
List of identified usable delay cells: DEL0 DEL005 DEL01 DEL015 DEL02 DEL1 DEL2 DEL3 DEL4
Total number of identified usable delay cells: 9
List of identified unusable delay cells:
Total number of identified unusable delay cells: 0

*** Summary of all messages that are not suppressed in this session:
Severity  ID               Count  Summary                                  
WARNING   IMPLF-200           20  Pin '%s' in macro '%s' has no ANTENNAGAT...
WARNING   IMPLF-201           19  Pin '%s' in macro '%s' has no ANTENNADIF...
WARNING   IMPFP-3961           4  The techSite '%s' has no related standar...
WARNING   IMPTS-282            2  Cell '%s' is not a level shifter cell bu...
WARNING   IMPEXT-2766         20  The sheet resistance for layer %s is not...
WARNING   IMPEXT-2773          2  The via resistance between layers %s and...
WARNING   IMPEXT-2776         18  The via resistance between layers %s and...
WARNING   TCLCMD-1461          1  Skipped unsupported command: %s          
WARNING   TECHLIB-302         20  No function defined for cell '%s'. The c...
WARNING   TECHLIB-436         20  Attribute '%s' on '%s' pin '%s' of cell ...
*** Message Summary: 126 warning(s), 0 error(s)

<CMD> getIoFlowFlag
<CMD> setIoFlowFlag 0
<CMD> floorPlan -site core -r 1 0.7 240 240 240 240
<CMD> uiSetTool select
<CMD> getIoFlowFlag
<CMD> fit
<CMD> createIoRow -site pad -beginOffset 240 -endOffset 240
**ERROR: (IMPTCM-113):	Option "-side" is required when option "[-beginOffset]" is specified. Type 'man createIoRow' for more details.
<CMD> createIoRow -site corner -corner BL
<CMD> createIoRow -site corner -corner BR
<CMD> createIoRow -site corner -corner TR
<CMD> createIoRow -site corner -corner TL
<CMD> createIoRow -site corner -corner TL
<CMD> gui_select -rect {-18.586 810.382 835.959 -24.483}
<CMD> deselectAll
<CMD> createIoRow -site corner -side N -beginOffset 240 -endOffset 240
<CMD> createIoRow -site corner -side W -beginOffset 240 -endOffset 240
<CMD> createIoRow -site corner -side S -beginOffset 240 -endOffset 240
<CMD> createIoRow -site corner -side E -beginOffset 240 -endOffset 240
<CMD> createIoRow -site corner -side E -beginOffset 240 -endOffset 240
<CMD> gui_select -rect {-21.693 817.632 816.279 -17.232}
<CMD> deselectAll
<CMD> selectObject StdRow (480000,1220800,860000,1600800)
<CMD> deleteSelectedFromFPlan
<CMD> selectObject StdRow (0,480000,380000,860000)
<CMD> deleteSelectedFromFPlan
<CMD> selectObject StdRow (480000,0,860000,380000)
<CMD> deleteSelectedFromFPlan
<CMD> selectObject StdRow (1221600,480000,1601600,860000)
<CMD> deleteSelectedFromFPlan
<CMD> selectObject StdRow (1221600,480000,1601600,860000)
<CMD> deleteSelectedFromFPlan
<CMD> createIoRow -site pad -beginOffset 240 -endOffset 240
**ERROR: (IMPTCM-113):	Option "-side" is required when option "[-beginOffset]" is specified. Type 'man createIoRow' for more details.
<CMD> gui_select -rect {377.094 742.018 72.566 797.952}
<CMD> createIoRow -site pad -side N -beginOffset 240 -endOffset 240
<CMD> createIoRow -site pad -side W -beginOffset 240 -endOffset 240
<CMD> createIoRow -site pad -side S -beginOffset 240 -endOffset 240
<CMD> createIoRow -site pad -side E -beginOffset 240 -endOffset 240
<CMD> createIoRow -site pad -side E -beginOffset 240 -endOffset 240
<CMD> selectObject StdRow (0,480000,380000,1120800)
<CMD> deselectAll
<CMD> selectObject StdRow (480000,1220800,1121600,1600800)
<CMD> deselectAll
<CMD> selectObject StdRow (1221600,480000,1601600,1120800)
<CMD> deselectAll
<CMD> selectObject StdRow (480000,0,1121600,380000)
<CMD> deselectAll
<CMD> selectObject StdRow (0,0,380000,380000)
<CMD> deselectAll
<CMD> selectObject StdRow (480000,0,1121600,380000)
<CMD> deselectAll
<CMD> selectObject StdRow (0,1220800,380000,1600800)
<CMD> deselectAll
<CMD> selectObject StdRow (1221600,1220800,1601600,1600800)
<CMD> deselectAll
<CMD> selectObject StdRow (1221600,480000,1601600,1120800)
<CMD> deselectAll
<CMD> selectObject StdRow (480000,1220800,1121600,1600800)
<CMD> deselectAll
<CMD> gui_select -rect {-22.729 823.847 853.567 -9.982}
<CMD> deselectAll
<CMD> set sprCreateIeRingOffset 1.0
<CMD> set sprCreateIeRingThreshold 1.0
<CMD> set sprCreateIeRingJogDistance 1.0
<CMD> set sprCreateIeRingLayers {}
<CMD> set sprCreateIeRingOffset 1.0
<CMD> set sprCreateIeRingThreshold 1.0
<CMD> set sprCreateIeRingJogDistance 1.0
<CMD> set sprCreateIeRingLayers {}
<CMD> set sprCreateIeStripeWidth 10.0
<CMD> set sprCreateIeStripeThreshold 1.0
<CMD> set sprCreateIeStripeWidth 10.0
<CMD> set sprCreateIeStripeThreshold 1.0
<CMD> set sprCreateIeRingOffset 1.0
<CMD> set sprCreateIeRingThreshold 1.0
<CMD> set sprCreateIeRingJogDistance 1.0
<CMD> set sprCreateIeRingLayers {}
<CMD> set sprCreateIeStripeWidth 10.0
<CMD> set sprCreateIeStripeThreshold 1.0
<CMD> setAddRingMode -ring_target default -extend_over_row 0 -ignore_rows 0 -avoid_short 0 -skip_crossing_trunks none -stacked_via_top_layer AP -stacked_via_bottom_layer M1 -via_using_exact_crossover_size 1 -orthogonal_only true -skip_via_on_pin {  standardcell } -skip_via_on_wire_shape {  noshape }
The ring targets are set to core/block ring wires.
addRing command will consider rows while creating rings.
addRing command will disallow rings to go over rows.
addRing command will ignore shorts while creating rings.
<CMD> addRing -nets {} -type core_rings -follow core -layer {top M5 bottom M5 left M4 right M4} -width {top 20 bottom 20 left 20 right 201} -spacing {top 2 bottom 2 left 2 right 2} -offset {top 2 bottom 2 left 2 right 2} -center 0 -extend_corner {} -threshold 0 -jog_distance 0 -snap_wire_center_to_grid None

**ERROR: Error: Invalid net names specified. 
<CMD> setAddRingMode -ring_target default -extend_over_row 0 -ignore_rows 0 -avoid_short 0 -skip_crossing_trunks none -stacked_via_top_layer AP -stacked_via_bottom_layer M1 -via_using_exact_crossover_size 1 -orthogonal_only true -skip_via_on_pin {  standardcell } -skip_via_on_wire_shape {  noshape }
The ring targets are set to core/block ring wires.
addRing command will consider rows while creating rings.
addRing command will disallow rings to go over rows.
addRing command will ignore shorts while creating rings.
<CMD> addRing -nets {VDD VSS} -type core_rings -follow core -layer {top M5 bottom M5 left M4 right M4} -width {top 20 bottom 20 left 20 right 201} -spacing {top 2 bottom 2 left 2 right 2} -offset {top 2 bottom 2 left 2 right 2} -center 0 -extend_corner {} -threshold 0 -jog_distance 0 -snap_wire_center_to_grid None

**ERROR: (IMPPP-137):	The top width 20.00 currently specified is larger than the permitted maximum width 12.00.
**ERROR: (IMPPP-137):	The top width 20.00 currently specified is larger than the permitted maximum width 12.00.
<CMD> setAddRingMode -ring_target default -extend_over_row 0 -ignore_rows 0 -avoid_short 0 -skip_crossing_trunks none -stacked_via_top_layer AP -stacked_via_bottom_layer M1 -via_using_exact_crossover_size 1 -orthogonal_only true -skip_via_on_pin {  standardcell } -skip_via_on_wire_shape {  noshape }
The ring targets are set to core/block ring wires.
addRing command will consider rows while creating rings.
addRing command will disallow rings to go over rows.
addRing command will ignore shorts while creating rings.
<CMD> addRing -nets {VDD VSS} -type core_rings -follow core -layer {top M5 bottom M5 left M4 right M4} -width {top 20 bottom 20 left 20 right 20} -spacing {top 2 bottom 2 left 2 right 2} -offset {top 2 bottom 2 left 2 right 2} -center 0 -extend_corner {} -threshold 0 -jog_distance 0 -snap_wire_center_to_grid None

**ERROR: (IMPPP-137):	The top width 20.00 currently specified is larger than the permitted maximum width 12.00.
**ERROR: (IMPPP-137):	The top width 20.00 currently specified is larger than the permitted maximum width 12.00.
<CMD> gui_select -rect {-24.800 822.811 840.102 -14.125}
<CMD> deselectAll
<CMD> setAddRingMode -ring_target default -extend_over_row 0 -ignore_rows 0 -avoid_short 0 -skip_crossing_trunks none -stacked_via_top_layer AP -stacked_via_bottom_layer M1 -via_using_exact_crossover_size 1 -orthogonal_only true -skip_via_on_pin {  standardcell } -skip_via_on_wire_shape {  noshape }
The ring targets are set to core/block ring wires.
addRing command will consider rows while creating rings.
addRing command will disallow rings to go over rows.
addRing command will ignore shorts while creating rings.
<CMD> addRing -nets {VDD VSS} -type core_rings -follow core -layer {top M5 bottom M5 left M4 right M4} -width {top 12 bottom 12 left 12 right 12} -spacing {top 2 bottom 2 left 2 right 2} -offset {top 2 bottom 2 left 2 right 2} -center 0 -extend_corner {} -threshold 0 -jog_distance 0 -snap_wire_center_to_grid None

Ring generation is complete.
vias are now being generated.
addRing created 8 wires.
ViaGen created 8 vias, deleted 0 via to avoid violation.
+--------+----------------+----------------+
|  Layer |     Created    |     Deleted    |
+--------+----------------+----------------+
|   M4   |        4       |       NA       |
|  VIA4  |        8       |        0       |
|   M5   |        4       |       NA       |
+--------+----------------+----------------+
<CMD> setAddRingMode -ring_target default -extend_over_row 0 -ignore_rows 0 -avoid_short 0 -skip_crossing_trunks none -stacked_via_top_layer AP -stacked_via_bottom_layer M1 -via_using_exact_crossover_size 1 -orthogonal_only true -skip_via_on_pin {  standardcell } -skip_via_on_wire_shape {  noshape }
The ring targets are set to core/block ring wires.
addRing command will consider rows while creating rings.
addRing command will disallow rings to go over rows.
addRing command will ignore shorts while creating rings.
<CMD> addRing -nets {VDD VSS} -type core_rings -follow core -layer {top M5 bottom M5 left M4 right M4} -width {top 12 bottom 12 left 12 right 12} -spacing {top 2 bottom 2 left 2 right 2} -offset {top 2 bottom 2 left 2 right 2} -center 0 -extend_corner {} -threshold 0 -jog_distance 0 -snap_wire_center_to_grid None

Ring generation is complete.
