ncverilog(64): 15.20-s079: (c) Copyright 1995-2019 Cadence Design Systems, Inc.
file: ../src/au_basic_tb.v
	module worklib.au_basic_tb:v
		errors: 0, warnings: 0
file: ../src/au.v
	module worklib.mult_inv:v
		errors: 0, warnings: 0
	module worklib.au:v
		errors: 0, warnings: 0
		Caching library 'worklib' ....... Done
	Elaborating the design hierarchy:
    au dut (
         |
ncelab: *W,CUVWSP (../src/au_basic_tb.v,25|9): 2 output ports were not connected:
ncelab: (../src/au.v,148): result_comb
ncelab: (../src/au.v,149): result_comb_valid

	Building instance overlay tables: .................... Done
	Generating native compiled code:
		worklib.au:v <0x5ac84f5e>
			streams:  34, words:  9573
		worklib.au_basic_tb:v <0x4aa4b837>
			streams:   7, words: 24692
		worklib.mult_inv:v <0x5391d977>
			streams:  10, words:  3237
	Building instance specific data structures.
	Loading native compiled code:     .................... Done
	Design hierarchy summary:
		                 Instances  Unique
		Modules:                 3       3
		Registers:              44      44
		Scalar wires:           11       -
		Vectored wires:         28       -
		Always blocks:           7       7
		Initial blocks:          2       2
		Cont. assignments:      25      27
		Pseudo assignments:      1       1
		Simulation timescale:  1ps
	Writing initial simulation snapshot: worklib.au_basic_tb:v
Loading snapshot worklib.au_basic_tb:v .................... Done
ncsim> source /CMC/tools/cadence/INCISIVE15.20.079_lnx86/tools/inca/files/ncsimrc
ncsim> run
========================================
Testing AU Basic Operations (1-cycle)
Per paper: ADD, SUB, MUL each take 1 cycle
========================================

--- Testing ADD (ctl_d=00) ---
FAIL: -4 + -4 = 0.000 (expected -8.000)
FAIL: -4 + -3 = 0.000 (expected -7.000)
FAIL: -4 + -2 = 0.000 (expected -6.000)
FAIL: -4 + -1 = 0.000 (expected -5.000)
FAIL: -4 + 0 = 0.000 (expected -4.000)
FAIL: -4 + 1 = 0.000 (expected -3.000)
FAIL: -4 + 2 = 0.000 (expected -2.000)
FAIL: -4 + 3 = 0.000 (expected -1.000)
FAIL: -4 + 4 = 0.000 (expected 0.000)
FAIL: -3 + -4 = 0.000 (expected -7.000)
FAIL: -3 + -3 = 0.000 (expected -6.000)
FAIL: -3 + -2 = 0.000 (expected -5.000)
FAIL: -3 + -1 = 0.000 (expected -4.000)
FAIL: -3 + 0 = 0.000 (expected -3.000)
FAIL: -3 + 1 = 0.000 (expected -2.000)
FAIL: -3 + 2 = 0.000 (expected -1.000)
FAIL: -3 + 3 = 0.000 (expected 0.000)
FAIL: -3 + 4 = 0.000 (expected 1.000)
FAIL: -2 + -4 = 0.000 (expected -6.000)
FAIL: -2 + -3 = 0.000 (expected -5.000)
FAIL: -2 + -2 = 0.000 (expected -4.000)
FAIL: -2 + -1 = 0.000 (expected -3.000)
FAIL: -2 + 0 = 0.000 (expected -2.000)
FAIL: -2 + 1 = 0.000 (expected -1.000)
FAIL: -2 + 2 = 0.000 (expected 0.000)
FAIL: -2 + 3 = 0.000 (expected 1.000)
FAIL: -2 + 4 = 0.000 (expected 2.000)
FAIL: -1 + -4 = 0.000 (expected -5.000)
FAIL: -1 + -3 = 0.000 (expected -4.000)
FAIL: -1 + -2 = 0.000 (expected -3.000)
FAIL: -1 + -1 = 0.000 (expected -2.000)
FAIL: -1 + 0 = 0.000 (expected -1.000)
FAIL: -1 + 1 = 0.000 (expected 0.000)
FAIL: -1 + 2 = 0.000 (expected 1.000)
FAIL: -1 + 3 = 0.000 (expected 2.000)
FAIL: -1 + 4 = 0.000 (expected 3.000)
FAIL: 0 + -4 = 0.000 (expected -4.000)
FAIL: 0 + -3 = 0.000 (expected -3.000)
FAIL: 0 + -2 = 0.000 (expected -2.000)
FAIL: 0 + -1 = 0.000 (expected -1.000)
FAIL: 0 + 0 = 0.000 (expected 0.000)
FAIL: 0 + 1 = 0.000 (expected 1.000)
FAIL: 0 + 2 = 0.000 (expected 2.000)
FAIL: 0 + 3 = 0.000 (expected 3.000)
FAIL: 0 + 4 = 0.000 (expected 4.000)
FAIL: 1 + -4 = 0.000 (expected -3.000)
FAIL: 1 + -3 = 0.000 (expected -2.000)
FAIL: 1 + -2 = 0.000 (expected -1.000)
FAIL: 1 + -1 = 0.000 (expected 0.000)
FAIL: 1 + 0 = 0.000 (expected 1.000)
FAIL: 1 + 1 = 0.000 (expected 2.000)
FAIL: 1 + 2 = 0.000 (expected 3.000)
FAIL: 1 + 3 = 0.000 (expected 4.000)
FAIL: 1 + 4 = 0.000 (expected 5.000)
FAIL: 2 + -4 = 0.000 (expected -2.000)
FAIL: 2 + -3 = 0.000 (expected -1.000)
FAIL: 2 + -2 = 0.000 (expected 0.000)
FAIL: 2 + -1 = 0.000 (expected 1.000)
FAIL: 2 + 0 = 0.000 (expected 2.000)
FAIL: 2 + 1 = 0.000 (expected 3.000)
FAIL: 2 + 2 = 0.000 (expected 4.000)
FAIL: 2 + 3 = 0.000 (expected 5.000)
FAIL: 2 + 4 = 0.000 (expected 6.000)
FAIL: 3 + -4 = 0.000 (expected -1.000)
FAIL: 3 + -3 = 0.000 (expected 0.000)
FAIL: 3 + -2 = 0.000 (expected 1.000)
FAIL: 3 + -1 = 0.000 (expected 2.000)
FAIL: 3 + 0 = 0.000 (expected 3.000)
FAIL: 3 + 1 = 0.000 (expected 4.000)
FAIL: 3 + 2 = 0.000 (expected 5.000)
FAIL: 3 + 3 = 0.000 (expected 6.000)
FAIL: 3 + 4 = 0.000 (expected 7.000)
FAIL: 4 + -4 = 0.000 (expected 0.000)
FAIL: 4 + -3 = 0.000 (expected 1.000)
FAIL: 4 + -2 = 0.000 (expected 2.000)
FAIL: 4 + -1 = 0.000 (expected 3.000)
FAIL: 4 + 0 = 0.000 (expected 4.000)
FAIL: 4 + 1 = 0.000 (expected 5.000)
FAIL: 4 + 2 = 0.000 (expected 6.000)
FAIL: 4 + 3 = 0.000 (expected 7.000)
FAIL: 4 + 4 = 0.000 (expected 8.000)
ADD tests completed

--- Testing SUB (ctl_d=01) ---
FAIL: -4 - -4 = 0.000 (expected 0.000)
FAIL: -4 - -3 = 0.000 (expected -1.000)
FAIL: -4 - -2 = 0.000 (expected -2.000)
FAIL: -4 - -1 = 0.000 (expected -3.000)
FAIL: -4 - 0 = 0.000 (expected -4.000)
FAIL: -4 - 1 = 0.000 (expected -5.000)
FAIL: -4 - 2 = 0.000 (expected -6.000)
FAIL: -4 - 3 = 0.000 (expected -7.000)
FAIL: -4 - 4 = 0.000 (expected -8.000)
FAIL: -3 - -4 = 0.000 (expected 1.000)
FAIL: -3 - -3 = 0.000 (expected 0.000)
FAIL: -3 - -2 = 0.000 (expected -1.000)
FAIL: -3 - -1 = 0.000 (expected -2.000)
FAIL: -3 - 0 = 0.000 (expected -3.000)
FAIL: -3 - 1 = 0.000 (expected -4.000)
FAIL: -3 - 2 = 0.000 (expected -5.000)
FAIL: -3 - 3 = 0.000 (expected -6.000)
FAIL: -3 - 4 = 0.000 (expected -7.000)
FAIL: -2 - -4 = 0.000 (expected 2.000)
FAIL: -2 - -3 = 0.000 (expected 1.000)
FAIL: -2 - -2 = 0.000 (expected 0.000)
FAIL: -2 - -1 = 0.000 (expected -1.000)
FAIL: -2 - 0 = 0.000 (expected -2.000)
FAIL: -2 - 1 = 0.000 (expected -3.000)
FAIL: -2 - 2 = 0.000 (expected -4.000)
FAIL: -2 - 3 = 0.000 (expected -5.000)
FAIL: -2 - 4 = 0.000 (expected -6.000)
FAIL: -1 - -4 = 0.000 (expected 3.000)
FAIL: -1 - -3 = 0.000 (expected 2.000)
FAIL: -1 - -2 = 0.000 (expected 1.000)
FAIL: -1 - -1 = 0.000 (expected 0.000)
FAIL: -1 - 0 = 0.000 (expected -1.000)
FAIL: -1 - 1 = 0.000 (expected -2.000)
FAIL: -1 - 2 = 0.000 (expected -3.000)
FAIL: -1 - 3 = 0.000 (expected -4.000)
FAIL: -1 - 4 = 0.000 (expected -5.000)
FAIL: 0 - -4 = 0.000 (expected 4.000)
FAIL: 0 - -3 = 0.000 (expected 3.000)
FAIL: 0 - -2 = 0.000 (expected 2.000)
FAIL: 0 - -1 = 0.000 (expected 1.000)
FAIL: 0 - 0 = 0.000 (expected 0.000)
FAIL: 0 - 1 = 0.000 (expected -1.000)
FAIL: 0 - 2 = 0.000 (expected -2.000)
FAIL: 0 - 3 = 0.000 (expected -3.000)
FAIL: 0 - 4 = 0.000 (expected -4.000)
FAIL: 1 - -4 = 0.000 (expected 5.000)
FAIL: 1 - -3 = 0.000 (expected 4.000)
FAIL: 1 - -2 = 0.000 (expected 3.000)
FAIL: 1 - -1 = 0.000 (expected 2.000)
FAIL: 1 - 0 = 0.000 (expected 1.000)
FAIL: 1 - 1 = 0.000 (expected 0.000)
FAIL: 1 - 2 = 0.000 (expected -1.000)
FAIL: 1 - 3 = 0.000 (expected -2.000)
FAIL: 1 - 4 = 0.000 (expected -3.000)
FAIL: 2 - -4 = 0.000 (expected 6.000)
FAIL: 2 - -3 = 0.000 (expected 5.000)
FAIL: 2 - -2 = 0.000 (expected 4.000)
FAIL: 2 - -1 = 0.000 (expected 3.000)
FAIL: 2 - 0 = 0.000 (expected 2.000)
FAIL: 2 - 1 = 0.000 (expected 1.000)
FAIL: 2 - 2 = 0.000 (expected 0.000)
FAIL: 2 - 3 = 0.000 (expected -1.000)
FAIL: 2 - 4 = 0.000 (expected -2.000)
FAIL: 3 - -4 = 0.000 (expected 7.000)
FAIL: 3 - -3 = 0.000 (expected 6.000)
FAIL: 3 - -2 = 0.000 (expected 5.000)
FAIL: 3 - -1 = 0.000 (expected 4.000)
FAIL: 3 - 0 = 0.000 (expected 3.000)
FAIL: 3 - 1 = 0.000 (expected 2.000)
FAIL: 3 - 2 = 0.000 (expected 1.000)
FAIL: 3 - 3 = 0.000 (expected 0.000)
FAIL: 3 - 4 = 0.000 (expected -1.000)
FAIL: 4 - -4 = 0.000 (expected 8.000)
FAIL: 4 - -3 = 0.000 (expected 7.000)
FAIL: 4 - -2 = 0.000 (expected 6.000)
FAIL: 4 - -1 = 0.000 (expected 5.000)
FAIL: 4 - 0 = 0.000 (expected 4.000)
FAIL: 4 - 1 = 0.000 (expected 3.000)
FAIL: 4 - 2 = 0.000 (expected 2.000)
FAIL: 4 - 3 = 0.000 (expected 1.000)
FAIL: 4 - 4 = 0.000 (expected 0.000)
SUB tests completed

--- Testing MUL (ctl_d=10) ---
FAIL: -4 * -4 = 0.000 (expected 16.000)
FAIL: -4 * -3 = 0.000 (expected 12.000)
FAIL: -4 * -2 = 0.000 (expected 8.000)
FAIL: -4 * -1 = 0.000 (expected 4.000)
FAIL: -4 * 0 = 0.000 (expected 0.000)
FAIL: -4 * 1 = 0.000 (expected -4.000)
FAIL: -4 * 2 = 0.000 (expected -8.000)
FAIL: -4 * 3 = 0.000 (expected -12.000)
FAIL: -4 * 4 = 0.000 (expected -16.000)
FAIL: -3 * -4 = 0.000 (expected 12.000)
FAIL: -3 * -3 = 0.000 (expected 9.000)
FAIL: -3 * -2 = 0.000 (expected 6.000)
FAIL: -3 * -1 = 0.000 (expected 3.000)
FAIL: -3 * 0 = 0.000 (expected 0.000)
FAIL: -3 * 1 = 0.000 (expected -3.000)
FAIL: -3 * 2 = 0.000 (expected -6.000)
FAIL: -3 * 3 = 0.000 (expected -9.000)
FAIL: -3 * 4 = 0.000 (expected -12.000)
FAIL: -2 * -4 = 0.000 (expected 8.000)
FAIL: -2 * -3 = 0.000 (expected 6.000)
FAIL: -2 * -2 = 0.000 (expected 4.000)
FAIL: -2 * -1 = 0.000 (expected 2.000)
FAIL: -2 * 0 = 0.000 (expected 0.000)
FAIL: -2 * 1 = 0.000 (expected -2.000)
FAIL: -2 * 2 = 0.000 (expected -4.000)
FAIL: -2 * 3 = 0.000 (expected -6.000)
FAIL: -2 * 4 = 0.000 (expected -8.000)
FAIL: -1 * -4 = 0.000 (expected 4.000)
FAIL: -1 * -3 = 0.000 (expected 3.000)
FAIL: -1 * -2 = 0.000 (expected 2.000)
FAIL: -1 * -1 = 0.000 (expected 1.000)
FAIL: -1 * 0 = 0.000 (expected 0.000)
FAIL: -1 * 1 = 0.000 (expected -1.000)
FAIL: -1 * 2 = 0.000 (expected -2.000)
FAIL: -1 * 3 = 0.000 (expected -3.000)
FAIL: -1 * 4 = 0.000 (expected -4.000)
FAIL: 0 * -4 = 0.000 (expected 0.000)
FAIL: 0 * -3 = 0.000 (expected 0.000)
FAIL: 0 * -2 = 0.000 (expected 0.000)
FAIL: 0 * -1 = 0.000 (expected 0.000)
FAIL: 0 * 0 = 0.000 (expected 0.000)
FAIL: 0 * 1 = 0.000 (expected 0.000)
FAIL: 0 * 2 = 0.000 (expected 0.000)
FAIL: 0 * 3 = 0.000 (expected 0.000)
FAIL: 0 * 4 = 0.000 (expected 0.000)
FAIL: 1 * -4 = 0.000 (expected -4.000)
FAIL: 1 * -3 = 0.000 (expected -3.000)
FAIL: 1 * -2 = 0.000 (expected -2.000)
FAIL: 1 * -1 = 0.000 (expected -1.000)
FAIL: 1 * 0 = 0.000 (expected 0.000)
FAIL: 1 * 1 = 0.000 (expected 1.000)
FAIL: 1 * 2 = 0.000 (expected 2.000)
FAIL: 1 * 3 = 0.000 (expected 3.000)
FAIL: 1 * 4 = 0.000 (expected 4.000)
FAIL: 2 * -4 = 0.000 (expected -8.000)
FAIL: 2 * -3 = 0.000 (expected -6.000)
FAIL: 2 * -2 = 0.000 (expected -4.000)
FAIL: 2 * -1 = 0.000 (expected -2.000)
FAIL: 2 * 0 = 0.000 (expected 0.000)
FAIL: 2 * 1 = 0.000 (expected 2.000)
FAIL: 2 * 2 = 0.000 (expected 4.000)
FAIL: 2 * 3 = 0.000 (expected 6.000)
FAIL: 2 * 4 = 0.000 (expected 8.000)
FAIL: 3 * -4 = 0.000 (expected -12.000)
FAIL: 3 * -3 = 0.000 (expected -9.000)
FAIL: 3 * -2 = 0.000 (expected -6.000)
FAIL: 3 * -1 = 0.000 (expected -3.000)
FAIL: 3 * 0 = 0.000 (expected 0.000)
FAIL: 3 * 1 = 0.000 (expected 3.000)
FAIL: 3 * 2 = 0.000 (expected 6.000)
FAIL: 3 * 3 = 0.000 (expected 9.000)
FAIL: 3 * 4 = 0.000 (expected 12.000)
FAIL: 4 * -4 = 0.000 (expected -16.000)
FAIL: 4 * -3 = 0.000 (expected -12.000)
FAIL: 4 * -2 = 0.000 (expected -8.000)
FAIL: 4 * -1 = 0.000 (expected -4.000)
FAIL: 4 * 0 = 0.000 (expected 0.000)
FAIL: 4 * 1 = 0.000 (expected 4.000)
FAIL: 4 * 2 = 0.000 (expected 8.000)
FAIL: 4 * 3 = 0.000 (expected 12.000)
FAIL: 4 * 4 = 0.000 (expected 16.000)
MUL tests completed

========================================
SOME TESTS FAILED!
========================================

Simulation complete via $finish(1) at time 7335 NS + 0
../src/au_basic_tb.v:178         $finish;
ncsim> exit
