ncverilog(64): 15.20-s079: (c) Copyright 1995-2019 Cadence Design Systems, Inc.
file: ../src/kf_top_tb.v
	module worklib.kf_top_tb:v
		errors: 0, warnings: 0
file: ../src/kf_top.v
	module worklib.kf_top:v
		errors: 0, warnings: 0
		Caching library 'worklib' ....... Done
	Elaborating the design hierarchy:
	Building instance overlay tables: .................... Done
	Generating native compiled code:
		worklib.Data_Bank:v <0x271232b3>
			streams:   4, words:  2086
		worklib.kf_top:v <0x090860a6>
			streams:  11, words:  3118
		worklib.kf_top_tb:v <0x41ee34e3>
			streams:  10, words: 50249
		worklib.rom_256x16:v <0x776afbe3>
			streams:   4, words:  2312
		worklib.sequencer:v <0x4f8e4f84>
			streams:   7, words:  2767
	Building instance specific data structures.
	Loading native compiled code:     .................... Done
	Design hierarchy summary:
		                 Instances  Unique
		Modules:                12      12
		Registers:              60      60
		Scalar wires:           29       -
		Vectored wires:         53       -
		Always blocks:          21      21
		Initial blocks:          5       5
		Cont. assignments:      39      50
		Pseudo assignments:      3       3
		Simulation timescale:  1ps
	Writing initial simulation snapshot: worklib.kf_top_tb:v
Loading snapshot worklib.kf_top_tb:v .................... Done
ncsim> source /CMC/tools/cadence/INCISIVE15.20.079_lnx86/tools/inca/files/ncsimrc
ncsim> run
[ROM] Loaded instructions from kf_1d.mem
================================================================
Kalman Filter ASIC Unified Testbench
Test Mode: 1D
ROM File: kf_1d.mem
================================================================

========================================
1D Kalman Filter Test
ROM File: kf_1d.mem
========================================
Parameters: Phi=1.0, Q=0.01, R=0.1, x0=0, P0=1.0, y=2.5
Expected result: x_hat ~= 2.275

--- Executing Kalman Filter ---
  Cycle   0: PC=  7, READY=0, e=0, f=1
  Cycle   1: PC=  8, READY=0, e=1, f=0
  Cycle   2: PC=  9, READY=0, e=0, f=1
  Cycle   3: PC= 10, READY=0, e=1, f=0
  Cycle   4: PC= 10, READY=0, e=1, f=0
  Cycle   5: PC= 10, READY=0, e=1, f=0
  Cycle   6: PC= 10, READY=0, e=1, f=0
  Cycle   7: PC= 10, READY=0, e=1, f=0
  Cycle   8: PC= 10, READY=0, e=1, f=0
  Cycle   9: PC= 10, READY=0, e=1, f=0
  Cycle  10: PC= 10, READY=0, e=1, f=0
  Cycle  11: PC= 10, READY=0, e=1, f=0
  Cycle  12: PC= 10, READY=0, e=1, f=0
  Cycle  13: PC= 10, READY=0, e=1, f=0
  Cycle  14: PC= 10, READY=0, e=1, f=0
  Cycle  15: PC= 10, READY=0, e=1, f=0
  Cycle  16: PC= 10, READY=0, e=1, f=0
  Cycle  17: PC= 10, READY=0, e=1, f=0
  Cycle  18: PC= 10, READY=0, e=1, f=0
  Cycle  19: PC= 10, READY=0, e=1, f=0
  Cycle  20: PC= 10, READY=0, e=1, f=0
  Cycle  21: PC= 10, READY=0, e=1, f=0
  Cycle  22: PC= 10, READY=0, e=1, f=0
  Cycle  23: PC= 10, READY=0, e=1, f=0
  Cycle  24: PC= 10, READY=0, e=1, f=0
  Cycle  25: PC= 10, READY=0, e=1, f=0
  Cycle  26: PC= 10, READY=0, e=1, f=0
  Cycle  27: PC= 10, READY=0, e=1, f=0
  Cycle  28: PC= 10, READY=0, e=1, f=0
  Cycle  29: PC= 10, READY=0, e=1, f=0
  KF computation completed at cycle          39

--- Results ---
  x_hat (DB[0]) = 2.274597
  K     (DB[6]) = 0.909851
  Expected: x_hat = 2.275 (K = 0.9099)

================================================================
Kalman Filter Test Complete
================================================================

Simulation complete via $finish(1) at time 526 NS + 0
../src/kf_top_tb.v:296     $finish;
ncsim> exit
