ncverilog(64): 15.20-s079: (c) Copyright 1995-2019 Cadence Design Systems, Inc.
file: ../src/router_b_tb.v
	module worklib.router_b_tb:v
		errors: 0, warnings: 0
file: ../src/router_b.v
	module worklib.router_b:v
		errors: 0, warnings: 0
		Caching library 'worklib' ....... Done
	Elaborating the design hierarchy:
	Building instance overlay tables: .................... Done
	Generating native compiled code:
		worklib.router_b:v <0x77f0b8d2>
			streams:   7, words:  1689
		worklib.router_b_tb:v <0x7e35e036>
			streams:   9, words: 15470
	Building instance specific data structures.
	Loading native compiled code:     .................... Done
	Design hierarchy summary:
		                 Instances  Unique
		Modules:                 2       2
		Registers:              28      28
		Scalar wires:            4       -
		Vectored wires:         10       -
		Always blocks:           3       3
		Initial blocks:          1       1
		Cont. assignments:       4       5
		Pseudo assignments:      5       5
		Simulation timescale:  1ps
	Writing initial simulation snapshot: worklib.router_b_tb:v
Loading snapshot worklib.router_b_tb:v .................... Done
ncsim> source /CMC/tools/cadence/INCISIVE15.20.079_lnx86/tools/inca/files/ncsimrc
ncsim> run
========================================
Testing Router B (per paper Figure 3)
Operand selection: R from A/RQ, S from B/RD
========================================
========================================
Router B: PASS (192 tests)
========================================
Simulation complete via $finish(1) at time 192 NS + 0
../src/router_b_tb.v:171     $finish;
ncsim> exit
