
Cadence Innovus(TM) Implementation System.
Copyright 2018 Cadence Design Systems, Inc. All rights reserved worldwide.

Version:	v18.10-p002_1, built Tue May 29 19:19:55 PDT 2018
Options:	
Date:		Thu Dec 18 03:52:34 2025
Host:		ug253 (x86_64 w/Linux 6.1.0-37-amd64) (12cores*48cpus*Intel(R) Xeon(R) Silver 4310 CPU @ 2.10GHz 18432KB)
OS:		Unsupported OS as /etc does not have release info

License:
		invs	Innovus Implementation System	18.1	checkout succeeded
		8 CPU jobs allowed with the current license(s). Use setMultiCpuUsage to set your required CPU count.
Change the soft stacksize limit to 0.2%RAM (515 mbytes). Set global soft_stack_size_limit to change the value.

**INFO:  MMMC transition support version v31-84 

<CMD> set_global _enable_mmmc_by_default_flow      $CTE::mmmc_default
<CMD> suppressMessage ENCEXT-2799
<CMD> getVersion
[INFO] Loading fill procedures release ... 2017_02_14_15_15 for PVS build 15.23
<CMD> win
<CMD> set ::TimeLib::tsgMarkCellLatchConstructFlag 1
<CMD> set defHierChar /
Set Default Input Pin Transition as 0.1 ps.
<CMD> set delaycal_input_transition_delay 0.1ps
<CMD> set distributed_client_message_echo 1
<CMD> set distributed_mmmc_disable_reports_auto_redirection 0
<CMD> set enc_enable_print_mode_command_reset_options 1
<CMD> set floorplan_default_site core
<CMD> set fpIsMaxIoHeight 0
<CMD> set init_gnd_net VSS
<CMD> set init_lef_file /nfs/vrg/cmc/cmc/kits/tsmc_65nm_libs/OA_libs/tcbn65gplus/tcbn65gplus_200a/TSMCHOME/digital/Back_End/lef/tcbn65gplus_200a/lef/tcbn65gplus_9lmT2.lef
<CMD> set init_mmmc_file au.view
<CMD> set init_oa_search_lib {}
<CMD> set init_original_verilog_files au_syn.v
<CMD> set init_pwr_net VDD
<CMD> set init_verilog au_syn.v
<CMD> set latch_time_borrow_mode max_borrow
<CMD> set pegDefaultResScaleFactor 1
<CMD> set pegDetailResScaleFactor 1
<CMD> set report_inactive_arcs_format {from to when arc_type sense reason}
<CMD> set soft_stack_size_limit 128
<CMD> init_design
#% Begin Load MMMC data ... (date=12/18 03:53:18, mem=588.8M)
#% End Load MMMC data ... (date=12/18 03:53:19, total cpu=0:00:00.0, real=0:00:00.0, peak res=589.1M, current mem=589.1M)
worst best typical

Loading LEF file /nfs/vrg/cmc/cmc/kits/tsmc_65nm_libs/OA_libs/tcbn65gplus/tcbn65gplus_200a/TSMCHOME/digital/Back_End/lef/tcbn65gplus_200a/lef/tcbn65gplus_9lmT2.lef ...
Set DBUPerIGU to M2 pitch 400.
**WARN: (IMPLF-200):	Pin 'I' in macro 'ANTENNA' has no ANTENNAGATEAREA value defined. The library data is incomplete and some process antenna rules will not be checked correctly.
Type 'man IMPLF-200' for more detail.

viaInitial starts at Thu Dec 18 03:53:19 2025
viaInitial ends at Thu Dec 18 03:53:19 2025
Loading view definition file from au.view
Reading worst timing library '/nfs/vrg/cmc/cmc/kits/tsmc_65nm_libs/OA_libs/tcbn65gplus/tcbn65gplus_200a/TSMCHOME/digital/Front_End/timing_power_noise/NLDM/tcbn65gplus_140b/tcbn65gpluswc.lib' ...
**WARN: (TECHLIB-436):	Attribute 'max_fanout' on 'output/inout' pin 'Z' of cell 'AN2D0' is not defined in the library. (File /nfs/vrg/cmc/cmc/kits/tsmc_65nm_libs/OA_libs/tcbn65gplus/tcbn65gplus_200a/TSMCHOME/digital/Front_End/timing_power_noise/NLDM/tcbn65gplus_140b/tcbn65gpluswc.lib)
**WARN: (TECHLIB-436):	Attribute 'max_fanout' on 'output/inout' pin 'Z' of cell 'AN2D1' is not defined in the library. (File /nfs/vrg/cmc/cmc/kits/tsmc_65nm_libs/OA_libs/tcbn65gplus/tcbn65gplus_200a/TSMCHOME/digital/Front_End/timing_power_noise/NLDM/tcbn65gplus_140b/tcbn65gpluswc.lib)
**WARN: (TECHLIB-436):	Attribute 'max_fanout' on 'output/inout' pin 'Z' of cell 'AN2D2' is not defined in the library. (File /nfs/vrg/cmc/cmc/kits/tsmc_65nm_libs/OA_libs/tcbn65gplus/tcbn65gplus_200a/TSMCHOME/digital/Front_End/timing_power_noise/NLDM/tcbn65gplus_140b/tcbn65gpluswc.lib)
**WARN: (TECHLIB-436):	Attribute 'max_fanout' on 'output/inout' pin 'Z' of cell 'AN2D4' is not defined in the library. (File /nfs/vrg/cmc/cmc/kits/tsmc_65nm_libs/OA_libs/tcbn65gplus/tcbn65gplus_200a/TSMCHOME/digital/Front_End/timing_power_noise/NLDM/tcbn65gplus_140b/tcbn65gpluswc.lib)
**WARN: (TECHLIB-436):	Attribute 'max_fanout' on 'output/inout' pin 'Z' of cell 'AN2D8' is not defined in the library. (File /nfs/vrg/cmc/cmc/kits/tsmc_65nm_libs/OA_libs/tcbn65gplus/tcbn65gplus_200a/TSMCHOME/digital/Front_End/timing_power_noise/NLDM/tcbn65gplus_140b/tcbn65gpluswc.lib)
**WARN: (TECHLIB-436):	Attribute 'max_fanout' on 'output/inout' pin 'Z' of cell 'AN2XD1' is not defined in the library. (File /nfs/vrg/cmc/cmc/kits/tsmc_65nm_libs/OA_libs/tcbn65gplus/tcbn65gplus_200a/TSMCHOME/digital/Front_End/timing_power_noise/NLDM/tcbn65gplus_140b/tcbn65gpluswc.lib)
**WARN: (TECHLIB-436):	Attribute 'max_fanout' on 'output/inout' pin 'Z' of cell 'AN3D0' is not defined in the library. (File /nfs/vrg/cmc/cmc/kits/tsmc_65nm_libs/OA_libs/tcbn65gplus/tcbn65gplus_200a/TSMCHOME/digital/Front_End/timing_power_noise/NLDM/tcbn65gplus_140b/tcbn65gpluswc.lib)
**WARN: (TECHLIB-436):	Attribute 'max_fanout' on 'output/inout' pin 'Z' of cell 'AN3D1' is not defined in the library. (File /nfs/vrg/cmc/cmc/kits/tsmc_65nm_libs/OA_libs/tcbn65gplus/tcbn65gplus_200a/TSMCHOME/digital/Front_End/timing_power_noise/NLDM/tcbn65gplus_140b/tcbn65gpluswc.lib)
**WARN: (TECHLIB-436):	Attribute 'max_fanout' on 'output/inout' pin 'Z' of cell 'AN3D2' is not defined in the library. (File /nfs/vrg/cmc/cmc/kits/tsmc_65nm_libs/OA_libs/tcbn65gplus/tcbn65gplus_200a/TSMCHOME/digital/Front_End/timing_power_noise/NLDM/tcbn65gplus_140b/tcbn65gpluswc.lib)
**WARN: (TECHLIB-436):	Attribute 'max_fanout' on 'output/inout' pin 'Z' of cell 'AN3D4' is not defined in the library. (File /nfs/vrg/cmc/cmc/kits/tsmc_65nm_libs/OA_libs/tcbn65gplus/tcbn65gplus_200a/TSMCHOME/digital/Front_End/timing_power_noise/NLDM/tcbn65gplus_140b/tcbn65gpluswc.lib)
**WARN: (TECHLIB-436):	Attribute 'max_fanout' on 'output/inout' pin 'Z' of cell 'AN3D8' is not defined in the library. (File /nfs/vrg/cmc/cmc/kits/tsmc_65nm_libs/OA_libs/tcbn65gplus/tcbn65gplus_200a/TSMCHOME/digital/Front_End/timing_power_noise/NLDM/tcbn65gplus_140b/tcbn65gpluswc.lib)
**WARN: (TECHLIB-436):	Attribute 'max_fanout' on 'output/inout' pin 'Z' of cell 'AN3XD1' is not defined in the library. (File /nfs/vrg/cmc/cmc/kits/tsmc_65nm_libs/OA_libs/tcbn65gplus/tcbn65gplus_200a/TSMCHOME/digital/Front_End/timing_power_noise/NLDM/tcbn65gplus_140b/tcbn65gpluswc.lib)
**WARN: (TECHLIB-436):	Attribute 'max_fanout' on 'output/inout' pin 'Z' of cell 'AN4D0' is not defined in the library. (File /nfs/vrg/cmc/cmc/kits/tsmc_65nm_libs/OA_libs/tcbn65gplus/tcbn65gplus_200a/TSMCHOME/digital/Front_End/timing_power_noise/NLDM/tcbn65gplus_140b/tcbn65gpluswc.lib)
**WARN: (TECHLIB-436):	Attribute 'max_fanout' on 'output/inout' pin 'Z' of cell 'AN4D1' is not defined in the library. (File /nfs/vrg/cmc/cmc/kits/tsmc_65nm_libs/OA_libs/tcbn65gplus/tcbn65gplus_200a/TSMCHOME/digital/Front_End/timing_power_noise/NLDM/tcbn65gplus_140b/tcbn65gpluswc.lib)
**WARN: (TECHLIB-436):	Attribute 'max_fanout' on 'output/inout' pin 'Z' of cell 'AN4D2' is not defined in the library. (File /nfs/vrg/cmc/cmc/kits/tsmc_65nm_libs/OA_libs/tcbn65gplus/tcbn65gplus_200a/TSMCHOME/digital/Front_End/timing_power_noise/NLDM/tcbn65gplus_140b/tcbn65gpluswc.lib)
**WARN: (TECHLIB-436):	Attribute 'max_fanout' on 'output/inout' pin 'Z' of cell 'AN4D4' is not defined in the library. (File /nfs/vrg/cmc/cmc/kits/tsmc_65nm_libs/OA_libs/tcbn65gplus/tcbn65gplus_200a/TSMCHOME/digital/Front_End/timing_power_noise/NLDM/tcbn65gplus_140b/tcbn65gpluswc.lib)
**WARN: (TECHLIB-436):	Attribute 'max_fanout' on 'output/inout' pin 'Z' of cell 'AN4D8' is not defined in the library. (File /nfs/vrg/cmc/cmc/kits/tsmc_65nm_libs/OA_libs/tcbn65gplus/tcbn65gplus_200a/TSMCHOME/digital/Front_End/timing_power_noise/NLDM/tcbn65gplus_140b/tcbn65gpluswc.lib)
**WARN: (TECHLIB-436):	Attribute 'max_fanout' on 'output/inout' pin 'Z' of cell 'AN4XD1' is not defined in the library. (File /nfs/vrg/cmc/cmc/kits/tsmc_65nm_libs/OA_libs/tcbn65gplus/tcbn65gplus_200a/TSMCHOME/digital/Front_End/timing_power_noise/NLDM/tcbn65gplus_140b/tcbn65gpluswc.lib)
**WARN: (TECHLIB-436):	Attribute 'max_fanout' on 'output/inout' pin 'Z' of cell 'AO211D0' is not defined in the library. (File /nfs/vrg/cmc/cmc/kits/tsmc_65nm_libs/OA_libs/tcbn65gplus/tcbn65gplus_200a/TSMCHOME/digital/Front_End/timing_power_noise/NLDM/tcbn65gplus_140b/tcbn65gpluswc.lib)
**WARN: (TECHLIB-436):	Attribute 'max_fanout' on 'output/inout' pin 'Z' of cell 'AO211D1' is not defined in the library. (File /nfs/vrg/cmc/cmc/kits/tsmc_65nm_libs/OA_libs/tcbn65gplus/tcbn65gplus_200a/TSMCHOME/digital/Front_End/timing_power_noise/NLDM/tcbn65gplus_140b/tcbn65gpluswc.lib)
Message <TECHLIB-436> has exceeded the message display limit of '20'. Use 'set_message -no_limit -id list_of_msgIDs' to reset the message limit.
**WARN: (TECHLIB-302):	No function defined for cell 'OD18DCAP64'. The cell will only be used for analysis. (File /nfs/vrg/cmc/cmc/kits/tsmc_65nm_libs/OA_libs/tcbn65gplus/tcbn65gplus_200a/TSMCHOME/digital/Front_End/timing_power_noise/NLDM/tcbn65gplus_140b/tcbn65gpluswc.lib)
**WARN: (TECHLIB-302):	No function defined for cell 'OD18DCAP32'. The cell will only be used for analysis. (File /nfs/vrg/cmc/cmc/kits/tsmc_65nm_libs/OA_libs/tcbn65gplus/tcbn65gplus_200a/TSMCHOME/digital/Front_End/timing_power_noise/NLDM/tcbn65gplus_140b/tcbn65gpluswc.lib)
**WARN: (TECHLIB-302):	No function defined for cell 'OD18DCAP16'. The cell will only be used for analysis. (File /nfs/vrg/cmc/cmc/kits/tsmc_65nm_libs/OA_libs/tcbn65gplus/tcbn65gplus_200a/TSMCHOME/digital/Front_End/timing_power_noise/NLDM/tcbn65gplus_140b/tcbn65gpluswc.lib)
**WARN: (TECHLIB-302):	No function defined for cell 'DCAP8'. The cell will only be used for analysis. (File /nfs/vrg/cmc/cmc/kits/tsmc_65nm_libs/OA_libs/tcbn65gplus/tcbn65gplus_200a/TSMCHOME/digital/Front_End/timing_power_noise/NLDM/tcbn65gplus_140b/tcbn65gpluswc.lib)
**WARN: (TECHLIB-302):	No function defined for cell 'DCAP64'. The cell will only be used for analysis. (File /nfs/vrg/cmc/cmc/kits/tsmc_65nm_libs/OA_libs/tcbn65gplus/tcbn65gplus_200a/TSMCHOME/digital/Front_End/timing_power_noise/NLDM/tcbn65gplus_140b/tcbn65gpluswc.lib)
**WARN: (TECHLIB-302):	No function defined for cell 'DCAP4'. The cell will only be used for analysis. (File /nfs/vrg/cmc/cmc/kits/tsmc_65nm_libs/OA_libs/tcbn65gplus/tcbn65gplus_200a/TSMCHOME/digital/Front_End/timing_power_noise/NLDM/tcbn65gplus_140b/tcbn65gpluswc.lib)
**WARN: (TECHLIB-302):	No function defined for cell 'DCAP32'. The cell will only be used for analysis. (File /nfs/vrg/cmc/cmc/kits/tsmc_65nm_libs/OA_libs/tcbn65gplus/tcbn65gplus_200a/TSMCHOME/digital/Front_End/timing_power_noise/NLDM/tcbn65gplus_140b/tcbn65gpluswc.lib)
**WARN: (TECHLIB-302):	No function defined for cell 'DCAP16'. The cell will only be used for analysis. (File /nfs/vrg/cmc/cmc/kits/tsmc_65nm_libs/OA_libs/tcbn65gplus/tcbn65gplus_200a/TSMCHOME/digital/Front_End/timing_power_noise/NLDM/tcbn65gplus_140b/tcbn65gpluswc.lib)
**WARN: (TECHLIB-302):	No function defined for cell 'DCAP'. The cell will only be used for analysis. (File /nfs/vrg/cmc/cmc/kits/tsmc_65nm_libs/OA_libs/tcbn65gplus/tcbn65gplus_200a/TSMCHOME/digital/Front_End/timing_power_noise/NLDM/tcbn65gplus_140b/tcbn65gpluswc.lib)
**WARN: (TECHLIB-302):	No function defined for cell 'ANTENNA'. The cell will only be used for analysis. (File /nfs/vrg/cmc/cmc/kits/tsmc_65nm_libs/OA_libs/tcbn65gplus/tcbn65gplus_200a/TSMCHOME/digital/Front_End/timing_power_noise/NLDM/tcbn65gplus_140b/tcbn65gpluswc.lib)
Read 816 cells in library 'tcbn65gpluswc' 
Reading best timing library '/nfs/vrg/cmc/cmc/kits/tsmc_65nm_libs/OA_libs/tcbn65gplus/tcbn65gplus_200a/TSMCHOME/digital/Front_End/timing_power_noise/NLDM/tcbn65gplus_140b/tcbn65gplusbc.lib' ...
**WARN: (TECHLIB-302):	No function defined for cell 'OD18DCAP64'. The cell will only be used for analysis. (File /nfs/vrg/cmc/cmc/kits/tsmc_65nm_libs/OA_libs/tcbn65gplus/tcbn65gplus_200a/TSMCHOME/digital/Front_End/timing_power_noise/NLDM/tcbn65gplus_140b/tcbn65gplusbc.lib)
**WARN: (TECHLIB-302):	No function defined for cell 'OD18DCAP32'. The cell will only be used for analysis. (File /nfs/vrg/cmc/cmc/kits/tsmc_65nm_libs/OA_libs/tcbn65gplus/tcbn65gplus_200a/TSMCHOME/digital/Front_End/timing_power_noise/NLDM/tcbn65gplus_140b/tcbn65gplusbc.lib)
**WARN: (TECHLIB-302):	No function defined for cell 'OD18DCAP16'. The cell will only be used for analysis. (File /nfs/vrg/cmc/cmc/kits/tsmc_65nm_libs/OA_libs/tcbn65gplus/tcbn65gplus_200a/TSMCHOME/digital/Front_End/timing_power_noise/NLDM/tcbn65gplus_140b/tcbn65gplusbc.lib)
**WARN: (TECHLIB-302):	No function defined for cell 'DCAP8'. The cell will only be used for analysis. (File /nfs/vrg/cmc/cmc/kits/tsmc_65nm_libs/OA_libs/tcbn65gplus/tcbn65gplus_200a/TSMCHOME/digital/Front_End/timing_power_noise/NLDM/tcbn65gplus_140b/tcbn65gplusbc.lib)
**WARN: (TECHLIB-302):	No function defined for cell 'DCAP64'. The cell will only be used for analysis. (File /nfs/vrg/cmc/cmc/kits/tsmc_65nm_libs/OA_libs/tcbn65gplus/tcbn65gplus_200a/TSMCHOME/digital/Front_End/timing_power_noise/NLDM/tcbn65gplus_140b/tcbn65gplusbc.lib)
**WARN: (TECHLIB-302):	No function defined for cell 'DCAP4'. The cell will only be used for analysis. (File /nfs/vrg/cmc/cmc/kits/tsmc_65nm_libs/OA_libs/tcbn65gplus/tcbn65gplus_200a/TSMCHOME/digital/Front_End/timing_power_noise/NLDM/tcbn65gplus_140b/tcbn65gplusbc.lib)
**WARN: (TECHLIB-302):	No function defined for cell 'DCAP32'. The cell will only be used for analysis. (File /nfs/vrg/cmc/cmc/kits/tsmc_65nm_libs/OA_libs/tcbn65gplus/tcbn65gplus_200a/TSMCHOME/digital/Front_End/timing_power_noise/NLDM/tcbn65gplus_140b/tcbn65gplusbc.lib)
**WARN: (TECHLIB-302):	No function defined for cell 'DCAP16'. The cell will only be used for analysis. (File /nfs/vrg/cmc/cmc/kits/tsmc_65nm_libs/OA_libs/tcbn65gplus/tcbn65gplus_200a/TSMCHOME/digital/Front_End/timing_power_noise/NLDM/tcbn65gplus_140b/tcbn65gplusbc.lib)
**WARN: (TECHLIB-302):	No function defined for cell 'DCAP'. The cell will only be used for analysis. (File /nfs/vrg/cmc/cmc/kits/tsmc_65nm_libs/OA_libs/tcbn65gplus/tcbn65gplus_200a/TSMCHOME/digital/Front_End/timing_power_noise/NLDM/tcbn65gplus_140b/tcbn65gplusbc.lib)
**WARN: (TECHLIB-302):	No function defined for cell 'ANTENNA'. The cell will only be used for analysis. (File /nfs/vrg/cmc/cmc/kits/tsmc_65nm_libs/OA_libs/tcbn65gplus/tcbn65gplus_200a/TSMCHOME/digital/Front_End/timing_power_noise/NLDM/tcbn65gplus_140b/tcbn65gplusbc.lib)
Read 816 cells in library 'tcbn65gplusbc' 
*** End library_loading (cpu=0.10min, real=0.08min, mem=133.9M, fe_cpu=0.37min, fe_real=0.83min, fe_mem=757.2M) ***
#% Begin Load netlist data ... (date=12/18 03:53:24, mem=635.8M)
*** Begin netlist parsing (mem=757.2M) ***
Created 816 new cells from 2 timing libraries.
Reading netlist ...
Backslashed names will retain backslash and a trailing blank character.
Reading verilog netlist 'au_syn.v'

*** Memory Usage v#1 (Current mem = 757.184M, initial mem = 266.629M) ***
*** End netlist parsing (cpu=0:00:00.0, real=0:00:00.0, mem=757.2M) ***
#% End Load netlist data ... (date=12/18 03:53:24, total cpu=0:00:00.0, real=0:00:00.0, peak res=701.4M, current mem=701.4M)
Top level cell is au.
Hooked 1632 DB cells to tlib cells.
Starting recursive module instantiation check.
No recursion found.
Building hierarchical netlist for Cell au ...
*** Netlist is unique.
** info: there are 1672 modules.
** info: there are 3897 stdCell insts.

*** Memory Usage v#1 (Current mem = 823.598M, initial mem = 266.629M) ***
**WARN: (IMPFP-3961):	The techSite 'dcore' has no related standard cells in LEF/OA library. Cannot make calculations for this site type unless standard cell models of this type exist in the LEF/OA library. If the SITE is not used by the library you can ignore this warning or remove the SITE definition from the LEF/OA to avoid this message.
Type 'man IMPFP-3961' for more detail.
**WARN: (IMPFP-3961):	The techSite 'ccore' has no related standard cells in LEF/OA library. Cannot make calculations for this site type unless standard cell models of this type exist in the LEF/OA library. If the SITE is not used by the library you can ignore this warning or remove the SITE definition from the LEF/OA to avoid this message.
Type 'man IMPFP-3961' for more detail.
Set Default Net Delay as 1000 ps.
Set Default Net Load as 0.5 pF. 
Set Default Input Pin Transition as 0.1 ps.
Extraction setup Started 
Initializing multi-corner RC extraction with 2 active RC Corners ...
**WARN: (IMPEXT-2773):	The via resistance between layers M0 and M1 could not be determined from the LEF technology file because the via resistance specification is missing. A default of 4 Ohms will be used as via resistance between these layers.
Type 'man IMPEXT-2773' for more detail.
**WARN: (IMPEXT-2776):	The via resistance between layers M1 and M2 is not defined in the capacitance table file. The via resistance of 1.5 Ohms defined in the LEF technology file will be used as via resistance between these layers.
Type 'man IMPEXT-2776' for more detail.
**WARN: (IMPEXT-2776):	The via resistance between layers M2 and M3 is not defined in the capacitance table file. The via resistance of 1.5 Ohms defined in the LEF technology file will be used as via resistance between these layers.
Type 'man IMPEXT-2776' for more detail.
**WARN: (IMPEXT-2776):	The via resistance between layers M3 and M4 is not defined in the capacitance table file. The via resistance of 1.5 Ohms defined in the LEF technology file will be used as via resistance between these layers.
Type 'man IMPEXT-2776' for more detail.
**WARN: (IMPEXT-2776):	The via resistance between layers M4 and M5 is not defined in the capacitance table file. The via resistance of 1.5 Ohms defined in the LEF technology file will be used as via resistance between these layers.
Type 'man IMPEXT-2776' for more detail.
**WARN: (IMPEXT-2776):	The via resistance between layers M5 and M6 is not defined in the capacitance table file. The via resistance of 1.5 Ohms defined in the LEF technology file will be used as via resistance between these layers.
Type 'man IMPEXT-2776' for more detail.
**WARN: (IMPEXT-2776):	The via resistance between layers M6 and M7 is not defined in the capacitance table file. The via resistance of 1.5 Ohms defined in the LEF technology file will be used as via resistance between these layers.
Type 'man IMPEXT-2776' for more detail.
**WARN: (IMPEXT-2776):	The via resistance between layers M7 and M8 is not defined in the capacitance table file. The via resistance of 0.22 Ohms defined in the LEF technology file will be used as via resistance between these layers.
Type 'man IMPEXT-2776' for more detail.
**WARN: (IMPEXT-2776):	The via resistance between layers M8 and M9 is not defined in the capacitance table file. The via resistance of 0.22 Ohms defined in the LEF technology file will be used as via resistance between these layers.
Type 'man IMPEXT-2776' for more detail.
**WARN: (IMPEXT-2776):	The via resistance between layers M9 and M10 is not defined in the capacitance table file. The via resistance of 0.041 Ohms defined in the LEF technology file will be used as via resistance between these layers.
Type 'man IMPEXT-2776' for more detail.
**WARN: (IMPEXT-2766):	The sheet resistance for layer M1 is not defined in the cap table. Therefore, the LEF value 0.16 will be used instead. To avoid this message, update the relevant cap table to include the sheet resistance for the specified layer and read it back in.
**WARN: (IMPEXT-2766):	The sheet resistance for layer M2 is not defined in the cap table. Therefore, the LEF value 0.1399 will be used instead. To avoid this message, update the relevant cap table to include the sheet resistance for the specified layer and read it back in.
**WARN: (IMPEXT-2766):	The sheet resistance for layer M3 is not defined in the cap table. Therefore, the LEF value 0.1399 will be used instead. To avoid this message, update the relevant cap table to include the sheet resistance for the specified layer and read it back in.
**WARN: (IMPEXT-2766):	The sheet resistance for layer M4 is not defined in the cap table. Therefore, the LEF value 0.1399 will be used instead. To avoid this message, update the relevant cap table to include the sheet resistance for the specified layer and read it back in.
**WARN: (IMPEXT-2766):	The sheet resistance for layer M5 is not defined in the cap table. Therefore, the LEF value 0.1399 will be used instead. To avoid this message, update the relevant cap table to include the sheet resistance for the specified layer and read it back in.
**WARN: (IMPEXT-2766):	The sheet resistance for layer M6 is not defined in the cap table. Therefore, the LEF value 0.1399 will be used instead. To avoid this message, update the relevant cap table to include the sheet resistance for the specified layer and read it back in.
**WARN: (IMPEXT-2766):	The sheet resistance for layer M7 is not defined in the cap table. Therefore, the LEF value 0.1399 will be used instead. To avoid this message, update the relevant cap table to include the sheet resistance for the specified layer and read it back in.
**WARN: (IMPEXT-2766):	The sheet resistance for layer M8 is not defined in the cap table. Therefore, the LEF value 0.0218 will be used instead. To avoid this message, update the relevant cap table to include the sheet resistance for the specified layer and read it back in.
**WARN: (IMPEXT-2766):	The sheet resistance for layer M9 is not defined in the cap table. Therefore, the LEF value 0.0218 will be used instead. To avoid this message, update the relevant cap table to include the sheet resistance for the specified layer and read it back in.
**WARN: (IMPEXT-2766):	The sheet resistance for layer M10 is not defined in the cap table. Therefore, the LEF value 0.021 will be used instead. To avoid this message, update the relevant cap table to include the sheet resistance for the specified layer and read it back in.
**WARN: (IMPEXT-2773):	The via resistance between layers M0 and M1 could not be determined from the LEF technology file because the via resistance specification is missing. A default of 4 Ohms will be used as via resistance between these layers.
Type 'man IMPEXT-2773' for more detail.
**WARN: (IMPEXT-2776):	The via resistance between layers M1 and M2 is not defined in the capacitance table file. The via resistance of 1.5 Ohms defined in the LEF technology file will be used as via resistance between these layers.
Type 'man IMPEXT-2776' for more detail.
**WARN: (IMPEXT-2776):	The via resistance between layers M2 and M3 is not defined in the capacitance table file. The via resistance of 1.5 Ohms defined in the LEF technology file will be used as via resistance between these layers.
Type 'man IMPEXT-2776' for more detail.
**WARN: (IMPEXT-2776):	The via resistance between layers M3 and M4 is not defined in the capacitance table file. The via resistance of 1.5 Ohms defined in the LEF technology file will be used as via resistance between these layers.
Type 'man IMPEXT-2776' for more detail.
**WARN: (IMPEXT-2776):	The via resistance between layers M4 and M5 is not defined in the capacitance table file. The via resistance of 1.5 Ohms defined in the LEF technology file will be used as via resistance between these layers.
Type 'man IMPEXT-2776' for more detail.
**WARN: (IMPEXT-2776):	The via resistance between layers M5 and M6 is not defined in the capacitance table file. The via resistance of 1.5 Ohms defined in the LEF technology file will be used as via resistance between these layers.
Type 'man IMPEXT-2776' for more detail.
**WARN: (IMPEXT-2776):	The via resistance between layers M6 and M7 is not defined in the capacitance table file. The via resistance of 1.5 Ohms defined in the LEF technology file will be used as via resistance between these layers.
Type 'man IMPEXT-2776' for more detail.
**WARN: (IMPEXT-2776):	The via resistance between layers M7 and M8 is not defined in the capacitance table file. The via resistance of 0.22 Ohms defined in the LEF technology file will be used as via resistance between these layers.
Type 'man IMPEXT-2776' for more detail.
**WARN: (IMPEXT-2776):	The via resistance between layers M8 and M9 is not defined in the capacitance table file. The via resistance of 0.22 Ohms defined in the LEF technology file will be used as via resistance between these layers.
Type 'man IMPEXT-2776' for more detail.
**WARN: (IMPEXT-2776):	The via resistance between layers M9 and M10 is not defined in the capacitance table file. The via resistance of 0.041 Ohms defined in the LEF technology file will be used as via resistance between these layers.
Type 'man IMPEXT-2776' for more detail.
**WARN: (IMPEXT-2766):	The sheet resistance for layer M1 is not defined in the cap table. Therefore, the LEF value 0.16 will be used instead. To avoid this message, update the relevant cap table to include the sheet resistance for the specified layer and read it back in.
**WARN: (IMPEXT-2766):	The sheet resistance for layer M2 is not defined in the cap table. Therefore, the LEF value 0.1399 will be used instead. To avoid this message, update the relevant cap table to include the sheet resistance for the specified layer and read it back in.
**WARN: (IMPEXT-2766):	The sheet resistance for layer M3 is not defined in the cap table. Therefore, the LEF value 0.1399 will be used instead. To avoid this message, update the relevant cap table to include the sheet resistance for the specified layer and read it back in.
**WARN: (IMPEXT-2766):	The sheet resistance for layer M4 is not defined in the cap table. Therefore, the LEF value 0.1399 will be used instead. To avoid this message, update the relevant cap table to include the sheet resistance for the specified layer and read it back in.
**WARN: (IMPEXT-2766):	The sheet resistance for layer M5 is not defined in the cap table. Therefore, the LEF value 0.1399 will be used instead. To avoid this message, update the relevant cap table to include the sheet resistance for the specified layer and read it back in.
**WARN: (IMPEXT-2766):	The sheet resistance for layer M6 is not defined in the cap table. Therefore, the LEF value 0.1399 will be used instead. To avoid this message, update the relevant cap table to include the sheet resistance for the specified layer and read it back in.
**WARN: (IMPEXT-2766):	The sheet resistance for layer M7 is not defined in the cap table. Therefore, the LEF value 0.1399 will be used instead. To avoid this message, update the relevant cap table to include the sheet resistance for the specified layer and read it back in.
**WARN: (IMPEXT-2766):	The sheet resistance for layer M8 is not defined in the cap table. Therefore, the LEF value 0.0218 will be used instead. To avoid this message, update the relevant cap table to include the sheet resistance for the specified layer and read it back in.
**WARN: (IMPEXT-2766):	The sheet resistance for layer M9 is not defined in the cap table. Therefore, the LEF value 0.0218 will be used instead. To avoid this message, update the relevant cap table to include the sheet resistance for the specified layer and read it back in.
**WARN: (IMPEXT-2766):	The sheet resistance for layer M10 is not defined in the cap table. Therefore, the LEF value 0.021 will be used instead. To avoid this message, update the relevant cap table to include the sheet resistance for the specified layer and read it back in.
Summary of Active RC-Corners : 
 
 Analysis View: setup_view
    RC-Corner Name        : worst
    RC-Corner Index       : 0
    RC-Corner Temperature : 25 Celsius
    RC-Corner Cap Table   : ''
    RC-Corner PreRoute Res Factor         : 1
    RC-Corner PreRoute Cap Factor         : 1
    RC-Corner PostRoute Res Factor        : 1 {1 1 1}
    RC-Corner PostRoute Cap Factor        : 1 {1 1 1}
    RC-Corner PostRoute XCap Factor       : 1 {1 1 1}
    RC-Corner PreRoute Clock Res Factor   : 1
    RC-Corner PreRoute Clock Cap Factor   : 1
    RC-Corner PostRoute Clock Cap Factor  : 1 {1 1 1} 
    RC-Corner PostRoute Clock Res Factor  : 1 {1 1 1} 
 
 Analysis View: hold_view
    RC-Corner Name        : best
    RC-Corner Index       : 1
    RC-Corner Temperature : 25 Celsius
    RC-Corner Cap Table   : ''
    RC-Corner PreRoute Res Factor         : 1
    RC-Corner PreRoute Cap Factor         : 1
    RC-Corner PostRoute Res Factor        : 1 {1 1 1}
    RC-Corner PostRoute Cap Factor        : 1 {1 1 1}
    RC-Corner PostRoute XCap Factor       : 1 {1 1 1}
    RC-Corner PreRoute Clock Res Factor   : 1
    RC-Corner PreRoute Clock Cap Factor   : 1
    RC-Corner PostRoute Clock Cap Factor  : 1 {1 1 1} 
    RC-Corner PostRoute Clock Res Factor  : 1 {1 1 1} 
Updating RC grid for preRoute extraction ...
Initializing multi-corner resistance tables ...
*Info: initialize multi-corner CTS.
Reading timing constraints file 'au_syn.sdc' ...
Current (total cpu=0:00:23.3, real=0:00:51.0, peak res=908.3M, current mem=908.3M)
**WARN: (TCLCMD-1461):	Skipped unsupported command: set_units (File au_syn.sdc, Line 8).

INFO (CTE): Reading of timing constraints file au_syn.sdc completed, with 1 WARNING
Ending "Constraint file reading stats" (total cpu=0:00:00.0, real=0:00:01.0, peak res=909.1M, current mem=909.1M)
Current (total cpu=0:00:23.3, real=0:00:52.0, peak res=909.1M, current mem=909.1M)
Total number of combinational cells: 502
Total number of sequential cells: 303
Total number of tristate cells: 11
Total number of level shifter cells: 0
Total number of power gating cells: 0
Total number of isolation cells: 0
Total number of power switch cells: 0
Total number of pulse generator cells: 0
Total number of always on buffers: 0
Total number of retention cells: 0
List of usable buffers: BUFFD1 BUFFD0 BUFFD2 BUFFD12 BUFFD16 BUFFD3 BUFFD4 BUFFD6 BUFFD8 CKBD1 CKBD0 CKBD2 CKBD12 CKBD16 CKBD3 CKBD4 CKBD6 CKBD8
Total number of usable buffers: 18
List of unusable buffers: BUFFD20 BUFFD24 CKBD20 CKBD24 GBUFFD1 GBUFFD3 GBUFFD2 GBUFFD4 GBUFFD8
Total number of unusable buffers: 9
List of usable inverters: CKND1 CKND0 CKND2 CKND12 CKND16 CKND3 CKND4 CKND6 CKND8 INVD1 INVD0 INVD2 INVD12 INVD16 INVD3 INVD4 INVD6 INVD8
Total number of usable inverters: 18
List of unusable inverters: CKND20 CKND24 GINVD2 GINVD1 GINVD4 GINVD3 GINVD8 INVD20 INVD24
Total number of unusable inverters: 9
List of identified usable delay cells: DEL0 DEL005 DEL01 DEL015 DEL02 DEL1 DEL2 DEL3 DEL4
Total number of identified usable delay cells: 9
List of identified unusable delay cells:
Total number of identified unusable delay cells: 0

*** Summary of all messages that are not suppressed in this session:
Severity  ID               Count  Summary                                  
WARNING   IMPLF-200            1  Pin '%s' in macro '%s' has no ANTENNAGAT...
WARNING   IMPFP-3961           2  The techSite '%s' has no related standar...
WARNING   IMPEXT-2766         20  The sheet resistance for layer %s is not...
WARNING   IMPEXT-2773          2  The via resistance between layers %s and...
WARNING   IMPEXT-2776         18  The via resistance between layers %s and...
WARNING   TCLCMD-1461          1  Skipped unsupported command: %s          
WARNING   TECHLIB-302         20  No function defined for cell '%s'. The c...
WARNING   TECHLIB-436         20  Attribute '%s' on '%s' pin '%s' of cell ...
*** Message Summary: 84 warning(s), 0 error(s)

<CMD> getIoFlowFlag
<CMD> setIoFlowFlag 0
<CMD> floorPlan -site core -r 1 0.7 0.0 0.0 0.0 0.0
<CMD> uiSetTool select
<CMD> getIoFlowFlag
<CMD> fit
<CMD> getPinAssignMode -pinEditInBatch -quiet
<CMD> setPinAssignMode -pinEditInBatch true
<CMD> editPin -fixOverlap 1 -spreadDirection clockwise -edge 2 -layer 3 -spreadType side -pin {{result_comb[0]} {result_comb[1]} {result_comb[2]} {result_comb[3]} {result_comb[4]} {result_comb[5]} {result_comb[6]} {result_comb[7]} {result_comb[8]} {result_comb[9]} {result_comb[10]} {result_comb[11]} {result_comb[12]} {result_comb[13]} {result_comb[14]} {result_comb[15]} {result_comb[16]} {result_comb[17]} {result_comb[18]} {result_comb[19]} {result_comb[20]} {result_comb[21]} {result_comb[22]} {result_comb[23]} result_comb_valid {result[0]} {result[1]} {result[2]} {result[3]} {result[4]} {result[5]} {result[6]} {result[7]} {result[8]} {result[9]} {result[10]} {result[11]} {result[12]} {result[13]} {result[14]} {result[15]} {result[16]} {result[17]} {result[18]} {result[19]} {result[20]} {result[21]} {result[22]} {result[23]}}
Successfully spread [49] pins.
editPin : finished (cpu = 0:00:00.9 real = 0:00:01.0, mem = 1006.4M).
<CMD> setPinAssignMode -pinEditInBatch false
<CMD> getPinAssignMode -pinEditInBatch -quiet
<CMD> setPinAssignMode -pinEditInBatch true
<CMD> editPin -fixOverlap 1 -spreadDirection clockwise -edge 1 -layer 3 -spreadType side -pin {{R[0]} {R[1]} {R[2]} {R[3]} {R[4]} {R[5]} {R[6]} {R[7]} {R[8]} {R[9]} {R[10]} {R[11]} {R[12]} {R[13]} {R[14]} {R[15]} {R[16]} {R[17]} {R[18]} {R[19]} {R[20]} {R[21]} {R[22]} {R[23]}}
Successfully spread [24] pins.
editPin : finished (cpu = 0:00:00.0 real = 0:00:00.0, mem = 1007.4M).
<CMD> setPinAssignMode -pinEditInBatch false
<CMD> getPinAssignMode -pinEditInBatch -quiet
<CMD> setPinAssignMode -pinEditInBatch true
<CMD> editPin -fixOverlap 1 -spreadDirection clockwise -edge 3 -layer 3 -spreadType side -pin {{S[0]} {S[1]} {S[2]} {S[3]} {S[4]} {S[5]} {S[6]} {S[7]} {S[8]} {S[9]} {S[10]} {S[11]} {S[12]} {S[13]} {S[14]} {S[15]} {S[16]} {S[17]} {S[18]} {S[19]} {S[20]} {S[21]} {S[22]} {S[23]}}
Successfully spread [24] pins.
editPin : finished (cpu = 0:00:00.0 real = 0:00:00.0, mem = 1007.4M).
<CMD> setPinAssignMode -pinEditInBatch false
<CMD> getPinAssignMode -pinEditInBatch -quiet
<CMD> setPinAssignMode -pinEditInBatch true
<CMD> editPin -fixOverlap 1 -spreadDirection clockwise -edge 0 -layer 3 -spreadType side -pin {busy clk {ctl_d[0]} {ctl_d[1]} done {I[0]} {I[1]} {I[2]} {I[3]} {I[4]} {I[5]} {I[6]} {I[7]} {I[8]} {I[9]} {I[10]} {I[11]} {I[12]} {I[13]} {I[14]} {I[15]} {I[16]} {I[17]} {I[18]} {I[19]} {I[20]} {I[21]} {I[22]} {I[23]} rst_n start}
Successfully spread [31] pins.
editPin : finished (cpu = 0:00:00.0 real = 0:00:00.0, mem = 1007.4M).
<CMD> setPinAssignMode -pinEditInBatch false
<CMD> getPinAssignMode -pinEditInBatch -quiet
<CMD> setPinAssignMode -pinEditInBatch true
<CMD> editPin -pinWidth 0.1 -pinDepth 0.52 -fixOverlap 1 -spreadDirection clockwise -edge 0 -layer 3 -spreadType side -pin {busy clk {ctl_d[0]} {ctl_d[1]} done {I[0]} {I[1]} {I[2]} {I[3]} {I[4]} {I[5]} {I[6]} {I[7]} {I[8]} {I[9]} {I[10]} {I[11]} {I[12]} {I[13]} {I[14]} {I[15]} {I[16]} {I[17]} {I[18]} {I[19]} {I[20]} {I[21]} {I[22]} {I[23]} rst_n start}
Successfully spread [31] pins.
editPin : finished (cpu = 0:00:00.0 real = 0:00:00.0, mem = 1007.4M).
<CMD> setPinAssignMode -pinEditInBatch false
<CMD> set sprCreateIeRingOffset 1.0
<CMD> set sprCreateIeRingThreshold 1.0
<CMD> set sprCreateIeRingJogDistance 1.0
<CMD> set sprCreateIeRingLayers {}
<CMD> set sprCreateIeRingOffset 1.0
<CMD> set sprCreateIeRingThreshold 1.0
<CMD> set sprCreateIeRingJogDistance 1.0
<CMD> set sprCreateIeRingLayers {}
<CMD> set sprCreateIeStripeWidth 10.0
<CMD> set sprCreateIeStripeThreshold 1.0
<CMD> set sprCreateIeStripeWidth 10.0
<CMD> set sprCreateIeStripeThreshold 1.0
<CMD> set sprCreateIeRingOffset 1.0
<CMD> set sprCreateIeRingThreshold 1.0
<CMD> set sprCreateIeRingJogDistance 1.0
<CMD> set sprCreateIeRingLayers {}
<CMD> set sprCreateIeStripeWidth 10.0
<CMD> set sprCreateIeStripeThreshold 1.0
<CMD> setAddStripeMode -ignore_block_check false -break_at none -route_over_rows_only false -rows_without_stripes_only false -extend_to_closest_target none -stop_at_last_wire_for_area false -partial_set_thru_domain false -ignore_nondefault_domains false -trim_antenna_back_to_shape none -spacing_type edge_to_edge -spacing_from_block 0 -stripe_min_length stripe_width -stacked_via_top_layer AP -stacked_via_bottom_layer M1 -via_using_exact_crossover_size false -split_vias false -orthogonal_only true -allow_jog { padcore_ring  block_ring } -skip_via_on_pin {  standardcell } -skip_via_on_wire_shape {  noshape   }
addStripe will allow jog to connect padcore ring and block ring.

Stripes will stop at the boundary of the specified area.
When breaking rings, the power planner will consider the existence of blocks.
Stripes will not extend to closest target.
The power planner will set stripe antenna targets to none (no trimming allowed).
Stripes will not be created over regions without power planning wires.
The entire stripe set will break at the domain if one of the nets is not in the domain.
addStripe will break automatically at non-default domains when generating global stripes over the core area or default domain.
Offset for stripe breaking is set to 0.
<CMD> addStripe -nets {VDD VSS} -layer M4 -direction vertical -width 1 -spacing 1 -set_to_set_distance 4 -start_from left -switch_layer_over_obs false -max_same_layer_jog_length 2 -padcore_ring_top_layer_limit AP -padcore_ring_bottom_layer_limit M1 -block_ring_top_layer_limit AP -block_ring_bottom_layer_limit M1 -use_wire_group 0 -snap_wire_center_to_grid None

Starting stripe generation ...
Non-Default Mode Option Settings :
  NONE
The core ring for VDD is incomplete. The core ring will not be used as a boundary for stripes. In this situation, the power planner will generate stripes only within the core area.
The core ring for VSS is incomplete. The core ring will not be used as a boundary for stripes. In this situation, the power planner will generate stripes only within the core area.
Stripe generation is complete.
vias are now being generated.
addStripe created 69 wires.
ViaGen created 0 via, deleted 0 via to avoid violation.
+--------+----------------+----------------+
|  Layer |     Created    |     Deleted    |
+--------+----------------+----------------+
|   M4   |       69       |       NA       |
+--------+----------------+----------------+
<CMD> setAddStripeMode -ignore_block_check false -break_at none -route_over_rows_only false -rows_without_stripes_only false -extend_to_closest_target none -stop_at_last_wire_for_area false -partial_set_thru_domain false -ignore_nondefault_domains false -trim_antenna_back_to_shape none -spacing_type edge_to_edge -spacing_from_block 0 -stripe_min_length stripe_width -stacked_via_top_layer AP -stacked_via_bottom_layer M1 -via_using_exact_crossover_size false -split_vias false -orthogonal_only true -allow_jog { padcore_ring  block_ring } -skip_via_on_pin {  standardcell } -skip_via_on_wire_shape {  noshape   }
addStripe will allow jog to connect padcore ring and block ring.

Stripes will stop at the boundary of the specified area.
When breaking rings, the power planner will consider the existence of blocks.
Stripes will not extend to closest target.
The power planner will set stripe antenna targets to none (no trimming allowed).
Stripes will not be created over regions without power planning wires.
The entire stripe set will break at the domain if one of the nets is not in the domain.
addStripe will break automatically at non-default domains when generating global stripes over the core area or default domain.
Offset for stripe breaking is set to 0.
<CMD> addStripe -nets {VDD VSS} -layer M5 -direction horizontal -width 1 -spacing 1 -set_to_set_distance 4 -start_from bottom -switch_layer_over_obs false -max_same_layer_jog_length 2 -padcore_ring_top_layer_limit AP -padcore_ring_bottom_layer_limit M1 -block_ring_top_layer_limit AP -block_ring_bottom_layer_limit M1 -use_wire_group 0 -snap_wire_center_to_grid None

Starting stripe generation ...
Non-Default Mode Option Settings :
  -trim_antenna_max_distance  0.00
The core ring for VDD is incomplete. The core ring will not be used as a boundary for stripes. In this situation, the power planner will generate stripes only within the core area.
The core ring for VSS is incomplete. The core ring will not be used as a boundary for stripes. In this situation, the power planner will generate stripes only within the core area.
Stripe generation is complete.
vias are now being generated.
addStripe created 68 wires.
ViaGen created 2346 vias, deleted 0 via to avoid violation.
+--------+----------------+----------------+
|  Layer |     Created    |     Deleted    |
+--------+----------------+----------------+
|  VIA4  |      2346      |        0       |
|   M5   |       68       |       NA       |
+--------+----------------+----------------+
<CMD> setAddStripeMode -ignore_block_check false -break_at none -route_over_rows_only false -rows_without_stripes_only false -extend_to_closest_target none -stop_at_last_wire_for_area false -partial_set_thru_domain false -ignore_nondefault_domains false -trim_antenna_back_to_shape none -spacing_type edge_to_edge -spacing_from_block 0 -stripe_min_length stripe_width -stacked_via_top_layer AP -stacked_via_bottom_layer M1 -via_using_exact_crossover_size false -split_vias false -orthogonal_only true -allow_jog { padcore_ring  block_ring } -skip_via_on_pin {  standardcell } -skip_via_on_wire_shape {  noshape   }
addStripe will allow jog to connect padcore ring and block ring.

Stripes will stop at the boundary of the specified area.
When breaking rings, the power planner will consider the existence of blocks.
Stripes will not extend to closest target.
The power planner will set stripe antenna targets to none (no trimming allowed).
Stripes will not be created over regions without power planning wires.
The entire stripe set will break at the domain if one of the nets is not in the domain.
addStripe will break automatically at non-default domains when generating global stripes over the core area or default domain.
Offset for stripe breaking is set to 0.
<CMD> addStripe -nets {VDD VSS} -layer M5 -direction horizontal -width 1 -spacing 1 -set_to_set_distance 4 -start_from bottom -switch_layer_over_obs false -max_same_layer_jog_length 2 -padcore_ring_top_layer_limit AP -padcore_ring_bottom_layer_limit M1 -block_ring_top_layer_limit AP -block_ring_bottom_layer_limit M1 -use_wire_group 0 -snap_wire_center_to_grid None

Starting stripe generation ...
Non-Default Mode Option Settings :
  -trim_antenna_max_distance  0.00
The core ring for VDD is incomplete. The core ring will not be used as a boundary for stripes. In this situation, the power planner will generate stripes only within the core area.
The core ring for VSS is incomplete. The core ring will not be used as a boundary for stripes. In this situation, the power planner will generate stripes only within the core area.
**WARN: (IMPPP-170):	The power planner failed to create a wire at (0.00, 0.50) (138.00, 0.50) because same wire already exists.
**WARN: (IMPPP-170):	The power planner failed to create a wire at (0.00, 4.50) (138.00, 4.50) because same wire already exists.
**WARN: (IMPPP-170):	The power planner failed to create a wire at (0.00, 8.50) (138.00, 8.50) because same wire already exists.
**WARN: (IMPPP-170):	The power planner failed to create a wire at (0.00, 12.50) (138.00, 12.50) because same wire already exists.
**WARN: (IMPPP-170):	The power planner failed to create a wire at (0.00, 16.50) (138.00, 16.50) because same wire already exists.
**WARN: (IMPPP-170):	The power planner failed to create a wire at (0.00, 20.50) (138.00, 20.50) because same wire already exists.
**WARN: (IMPPP-170):	The power planner failed to create a wire at (0.00, 24.50) (138.00, 24.50) because same wire already exists.
**WARN: (IMPPP-170):	The power planner failed to create a wire at (0.00, 28.50) (138.00, 28.50) because same wire already exists.
**WARN: (IMPPP-170):	The power planner failed to create a wire at (0.00, 32.50) (138.00, 32.50) because same wire already exists.
**WARN: (IMPPP-170):	The power planner failed to create a wire at (0.00, 36.50) (138.00, 36.50) because same wire already exists.
**WARN: (IMPPP-170):	The power planner failed to create a wire at (0.00, 40.50) (138.00, 40.50) because same wire already exists.
**WARN: (IMPPP-170):	The power planner failed to create a wire at (0.00, 44.50) (138.00, 44.50) because same wire already exists.
**WARN: (IMPPP-170):	The power planner failed to create a wire at (0.00, 48.50) (138.00, 48.50) because same wire already exists.
**WARN: (IMPPP-170):	The power planner failed to create a wire at (0.00, 52.50) (138.00, 52.50) because same wire already exists.
**WARN: (IMPPP-170):	The power planner failed to create a wire at (0.00, 56.50) (138.00, 56.50) because same wire already exists.
**WARN: (IMPPP-170):	The power planner failed to create a wire at (0.00, 60.50) (138.00, 60.50) because same wire already exists.
**WARN: (IMPPP-170):	The power planner failed to create a wire at (0.00, 64.50) (138.00, 64.50) because same wire already exists.
**WARN: (IMPPP-170):	The power planner failed to create a wire at (0.00, 68.50) (138.00, 68.50) because same wire already exists.
**WARN: (IMPPP-170):	The power planner failed to create a wire at (0.00, 72.50) (138.00, 72.50) because same wire already exists.
**WARN: (IMPPP-170):	The power planner failed to create a wire at (0.00, 76.50) (138.00, 76.50) because same wire already exists.
**WARN: (EMS-27):	Message (IMPPP-170) has exceeded the current message display limit of 20.
To increase the message display limit, refer to the product command reference manual.
Stripe generation is complete.
<CMD> setPlaceMode -fp false
<CMD> place_design
*** Starting placeDesign default flow ***
*** Start deleteBufferTree ***
Info: Detect buffers to remove automatically.
Analyzing netlist ...
Updating netlist

AAE DB initialization (MEM=1078.89 CPU=0:00:00.1 REAL=0:00:00.0) 
*summary: 2 instances (buffers/inverters) removed
*** Finish deleteBufferTree (0:00:00.7) ***
**INFO: Enable pre-place timing setting for timing analysis
Set Using Default Delay Limit as 101.
**WARN: (IMPDC-1629):	The default delay limit was set to 101. This is less than the default of 1000 and may result in inaccurate delay calculation for nets with a fanout higher than the setting.  If needed, the default delay limit may be adjusted by running the command 'set delaycal_use_default_delay_limit'.
Set Default Net Delay as 0 ps.
Set Default Net Load as 0 pF. 
**INFO: Analyzing IO path groups for slack adjustment
**INFO: Disable pre-place timing setting for timing analysis
Set Using Default Delay Limit as 1000.
Set Default Net Delay as 1000 ps.
Set Default Net Load as 0.5 pF. 
**INFO: Pre-place timing setting for timing analysis already disabled
Deleted 0 physical inst  (cell - / prefix -).
Extracting standard cell pins and blockage ...... 
Pin and blockage extraction finished
Extracting macro/IO cell pins and blockage ...... 
Pin and blockage extraction finished
*** Starting "NanoPlace(TM) placement v#1 (mem=1108.5M)" ...
*** Build Buffered Sizing Timing Model
(cpu=0:00:09.8 mem=1210.3M) ***
*** Build Virtual Sizing Timing Model
(cpu=0:00:10.3 mem=1252.3M) ***
No user-set net weight.
Options: timingDriven clkGateAware ignoreScan pinGuide congEffort=auto gpeffort=medium 
Scan chains were not defined.
#std cell=3895 (0 fixed + 3895 movable) #block=0 (0 floating + 0 preplaced)
#ioInst=0 #net=4507 #term=16315 #term/net=3.62, #fixedIo=0, #floatIo=0, #fixedPin=0, #floatPin=104
stdCell: 3895 single + 0 double + 0 multi
Total standard cell length = 7.2416 (mm), area = 0.0130 (mm^2)
Estimated cell power/ground rail width = 0.225 um
Average module density = 0.700.
Density for the design = 0.700.
       = stdcell_area 36208 sites (13035 um^2) / alloc_area 51721 sites (18620 um^2).
Pin Density = 0.3153.
            = total # of pins 16315 / total area 51750.
=== lastAutoLevel = 7 
Clock gating cells determined by native netlist tracing.
Iteration  1: Total net bbox = 2.083e+04 (1.01e+04 1.07e+04)
              Est.  stn bbox = 2.485e+04 (1.17e+04 1.31e+04)
              cpu = 0:00:00.0 real = 0:00:00.0 mem = 1287.9M
Iteration  2: Total net bbox = 2.083e+04 (1.01e+04 1.07e+04)
              Est.  stn bbox = 2.485e+04 (1.17e+04 1.31e+04)
              cpu = 0:00:00.0 real = 0:00:00.0 mem = 1287.9M
Iteration  3: Total net bbox = 2.156e+04 (1.15e+04 1.00e+04)
              Est.  stn bbox = 2.768e+04 (1.44e+04 1.33e+04)
              cpu = 0:00:00.5 real = 0:00:01.0 mem = 1304.9M
Active setup views:
    setup_view
Iteration  4: Total net bbox = 4.666e+04 (2.31e+04 2.36e+04)
              Est.  stn bbox = 6.105e+04 (2.98e+04 3.12e+04)
              cpu = 0:00:01.0 real = 0:00:01.0 mem = 1304.9M
Iteration  5: Total net bbox = 5.938e+04 (3.08e+04 2.86e+04)
              Est.  stn bbox = 7.838e+04 (4.03e+04 3.80e+04)
              cpu = 0:00:01.3 real = 0:00:01.0 mem = 1304.9M
Iteration  6: Total net bbox = 6.221e+04 (3.29e+04 2.93e+04)
              Est.  stn bbox = 8.148e+04 (4.26e+04 3.88e+04)
              cpu = 0:00:03.1 real = 0:00:04.0 mem = 1305.9M
Iteration  7: Total net bbox = 6.329e+04 (3.39e+04 2.93e+04)
              Est.  stn bbox = 8.266e+04 (4.37e+04 3.89e+04)
              cpu = 0:00:00.1 real = 0:00:00.0 mem = 1308.9M
Iteration  8: Total net bbox = 6.329e+04 (3.39e+04 2.93e+04)
              Est.  stn bbox = 8.266e+04 (4.37e+04 3.89e+04)
              cpu = 0:00:02.0 real = 0:00:02.0 mem = 1329.0M
Iteration  9: Total net bbox = 6.366e+04 (3.40e+04 2.97e+04)
              Est.  stn bbox = 8.319e+04 (4.39e+04 3.93e+04)
              cpu = 0:00:02.4 real = 0:00:03.0 mem = 1329.0M
Iteration 10: Total net bbox = 6.366e+04 (3.40e+04 2.97e+04)
              Est.  stn bbox = 8.319e+04 (4.39e+04 3.93e+04)
              cpu = 0:00:02.1 real = 0:00:02.0 mem = 1329.0M
Iteration 11: Total net bbox = 6.591e+04 (3.49e+04 3.10e+04)
              Est.  stn bbox = 8.515e+04 (4.47e+04 4.05e+04)
              cpu = 0:00:06.5 real = 0:00:07.0 mem = 1329.0M
Iteration 12: Total net bbox = 6.591e+04 (3.49e+04 3.10e+04)
              Est.  stn bbox = 8.515e+04 (4.47e+04 4.05e+04)
              cpu = 0:00:00.0 real = 0:00:00.0 mem = 1329.0M
*** cost = 6.591e+04 (3.49e+04 3.10e+04) (cpu for global=0:00:19.3) real=0:00:22.0***
Info: 0 clock gating cells identified, 0 (on average) moved 0/5
net ignore based on current view = 0
Solver runtime cpu: 0:00:14.4 real: 0:00:15.8
Core Placement runtime cpu: 0:00:14.9 real: 0:00:17.0
**WARN: (IMPSP-9025):	No scan chain specified/traced.
Type 'man IMPSP-9025' for more detail.
*** Starting refinePlace (0:01:31 mem=1329.0M) ***
Total net bbox length = 6.591e+04 (3.495e+04 3.096e+04) (ext = 4.352e+03)
Move report: Detail placement moves 3895 insts, mean move: 1.27 um, max move: 20.28 um
	Max move on inst (U2473): (115.88, 0.00) --> (95.60, 0.00)
	Runtime: CPU: 0:00:00.7 REAL: 0:00:01.0 MEM: 1329.0MB
Summary Report:
Instances move: 3895 (out of 3895 movable)
Instances flipped: 0
Mean displacement: 1.27 um
Max displacement: 20.28 um (Instance: U2473) (115.883, 0) -> (95.6, 0)
	Length: 6 sites, height: 1 rows, site name: core, cell type: OR2D0
Total net bbox length = 6.288e+04 (3.178e+04 3.110e+04) (ext = 4.386e+03)
Runtime: CPU: 0:00:00.7 REAL: 0:00:01.0 MEM: 1329.0MB
*** Finished refinePlace (0:01:32 mem=1329.0M) ***
*** End of Placement (cpu=0:00:30.9, real=0:00:34.0, mem=1329.0M) ***
default core: bins with density > 0.750 = 23.44 % ( 15 / 64 )
Density distribution unevenness ratio = 3.937%
*** Free Virtual Timing Model ...(mem=1329.0M)

Starting congestion repair ...
[NR-eGR] honorMsvRouteConstraint: false
[NR-eGR] honorClockSpecNDR      : 0
[NR-eGR] minRouteLayer          : 2
[NR-eGR] maxRouteLayer          : 127
[NR-eGR] numTracksPerClockWire  : 0
[NR-eGR] M1 has no routable track
[NR-eGR] M2 has single uniform track structure
[NR-eGR] M3 has single uniform track structure
[NR-eGR] M4 has single uniform track structure
[NR-eGR] M5 has single uniform track structure
[NR-eGR] M6 has single uniform track structure
[NR-eGR] M7 has single uniform track structure
[NR-eGR] M8 has single uniform track structure
[NR-eGR] M9 has single uniform track structure
[NR-eGR] AP has single uniform track structure
[NR-eGR] Read 4829 PG shapes in 0.001 seconds

[NR-eGR] numRoutingBlks=0 numInstBlks=0 numPGBlocks=4829 numBumpBlks=0 numBoundaryFakeBlks=0
[NR-eGR] Num Prerouted Nets = 0  Num Prerouted Wires = 0
[NR-eGR] Read numTotalNets=4507  numIgnoredNets=0
[NR-eGR] ============ Routing rule table ============
[NR-eGR] Rule id: 0  Nets: 4507 
[NR-eGR] ========================================
[NR-eGR] 
[NR-eGR] Layer group 1: route 4507 net(s) in layer range [2, 10]
[NR-eGR] earlyGlobalRoute overflow of layer group 1: 0.04% H + 0.00% V. EstWL: 7.299360e+04um
[NR-eGR] 
[NR-eGR] Congestion Analysis By layer: (blocked Gcells are excluded) 
[NR-eGR]                        OverCon            
[NR-eGR]                         #Gcell     %Gcell
[NR-eGR]       Layer                (2)    OverCon 
[NR-eGR] ----------------------------------------------
[NR-eGR]      M1  (1)         0( 0.00%)   ( 0.00%) 
[NR-eGR]      M2  (2)         1( 0.02%)   ( 0.02%) 
[NR-eGR]      M3  (3)         0( 0.00%)   ( 0.00%) 
[NR-eGR]      M4  (4)         8( 0.14%)   ( 0.14%) 
[NR-eGR]      M5  (5)        20( 0.35%)   ( 0.35%) 
[NR-eGR]      M6  (6)         0( 0.00%)   ( 0.00%) 
[NR-eGR]      M7  (7)         0( 0.00%)   ( 0.00%) 
[NR-eGR]      M8  (8)         0( 0.00%)   ( 0.00%) 
[NR-eGR]      M9  (9)         0( 0.00%)   ( 0.00%) 
[NR-eGR]      AP (10)         0( 0.00%)   ( 0.00%) 
[NR-eGR] ----------------------------------------------
[NR-eGR] Total               29( 0.06%)   ( 0.06%) 
[NR-eGR] 
[NR-eGR] Overflow after earlyGlobalRoute (GR compatible) 0.00% H + 0.00% V
[NR-eGR] Overflow after earlyGlobalRoute 0.00% H + 0.00% V
Early Global Route congestion estimation runtime: 0.06 seconds, mem = 1314.9M
Local HotSpot Analysis: normalized max congestion hotspot area = 0.00, normalized total congestion hotspot area = 0.00 (area is in unit of 4 std-cell row bins)

=== incrementalPlace Internal Loop 1 ===
Skipped repairing congestion.
[NR-eGR] --------------------------------------------------------------------------
[NR-eGR]     M1  (1F) length: 0.000000e+00um, number of vias: 16211
[NR-eGR]     M2  (2V) length: 2.767436e+04um, number of vias: 23570
[NR-eGR]     M3  (3H) length: 3.168120e+04um, number of vias: 1716
[NR-eGR]     M4  (4V) length: 4.417801e+03um, number of vias: 840
[NR-eGR]     M5  (5H) length: 1.346990e+03um, number of vias: 711
[NR-eGR]     M6  (6V) length: 6.214698e+03um, number of vias: 467
[NR-eGR]     M7  (7H) length: 5.120600e+03um, number of vias: 0
[NR-eGR]     M8  (8V) length: 0.000000e+00um, number of vias: 0
[NR-eGR]     M9  (9H) length: 0.000000e+00um, number of vias: 0
[NR-eGR]     AP (10V) length: 0.000000e+00um, number of vias: 0
[NR-eGR] Total length: 7.645565e+04um, number of vias: 43515
[NR-eGR] --------------------------------------------------------------------------
[NR-eGR] Total eGR-routed clock nets wire length: 0.000000e+00um 
[NR-eGR] --------------------------------------------------------------------------
Early Global Route wiring runtime: 0.08 seconds, mem = 1314.9M
End of congRepair (cpu=0:00:00.1, real=0:00:00.0)
*** Finishing placeDesign default flow ***
**placeDesign ... cpu = 0: 0:32, real = 0: 0:35, mem = 1174.9M **

*** Summary of all messages that are not suppressed in this session:
Severity  ID               Count  Summary                                  
WARNING   IMPDC-1629           1  The default delay limit was set to %d. T...
WARNING   IMPSP-9025           1  No scan chain specified/traced.          
*** Message Summary: 2 warning(s), 0 error(s)

<CMD> setSrouteMode -viaConnectToShape { stripe }
<CMD> sroute -connect { blockPin padPin padRing corePin floatingStripe } -layerChangeRange { M1(1) AP(10) } -blockPinTarget { nearestTarget } -padPinPortConnect { allPort oneGeom } -padPinTarget { nearestTarget } -corePinTarget { firstAfterRowEnd } -floatingStripeTarget { blockring padring ring stripe ringpin blockpin followpin } -allowJogging 1 -crossoverViaLayerRange { M1(1) AP(10) } -allowLayerChange 1 -blockPin useLef -targetViaLayerRange { M1(1) AP(10) }
*** Begin SPECIAL ROUTE on Thu Dec 18 03:57:35 2025 ***
SPECIAL ROUTE ran on directory: /nfs/ug/homes-0/s/sunlang/Kalman-Filter-ASIC/layout/layout_au
SPECIAL ROUTE ran on machine: ug253 (Linux 6.1.0-37-amd64 Xeon 800Mhz)

Begin option processing ...
srouteConnectPowerBump set to false
routeSpecial set to true
srouteBlockPin set to "useLef"
srouteBottomLayerLimit set to 1
srouteBottomTargetLayerLimit set to 1
srouteConnectConverterPin set to false
srouteCrossoverViaBottomLayer set to 1
srouteCrossoverViaTopLayer set to 10
srouteFloatingStripeTarget set to "blockring padring ring stripe ringpin blockpin followpin"
srouteFollowCorePinEnd set to 3
srouteJogControl set to "preferWithChanges differentLayer"
srouteNoViaOnWireShape set to "padring ring blockring blockpin coverpin noshape blockwire corewire followpin iowire"
sroutePadPinAllPorts set to true
sroutePreserveExistingRoutes set to true
srouteRoutePowerBarPortOnBothDir set to true
srouteStopBlockPin set to "nearestTarget"
srouteTopLayerLimit set to 10
srouteTopTargetLayerLimit set to 10
End option processing: cpu: 0:00:00, real: 0:00:00, peak: 1919.00 megs.

Reading DB technology information...
Finished reading DB technology information.
Reading floorplan and netlist information...
Finished reading floorplan and netlist information.
Read in 21 layers, 10 routing layers, 1 overlap layer
Read in 855 macros, 58 used
Read in 3895 components
  3895 core components: 0 unplaced, 3895 placed, 0 fixed
Read in 402 physical pins
  402 physical pins: 0 unplaced, 128 placed, 274 fixed
Read in 128 nets
Read in 2 special nets, 2 routed
Read in 402 terminals
Begin power routing ...
**WARN: (IMPSR-1253):	Cannot find any standard cell pin connected to net VDD.
Run globalNetConnect command or change CPF file to make sure that the netlist reflects the correct power ground connections. The standard cell pins must be defined as 'USE POWER' or 'USE GROUND'.
**WARN: (IMPSR-1254):	Cannot find any block pin of net VDD. Check netlist, or change option to include the pin.
**WARN: (IMPSR-1256):	Cannot find any CORE class pad pin of net VDD. Change routing area or layer to include the expected pin, or check netlist, or change port class in the technology file.
Type 'man IMPSR-1256' for more detail.
Cannot find any AREAIO class pad pin of net VDD. Check net list, or change port class in the technology file, or change option to include pin in given range.
**WARN: (IMPSR-1253):	Cannot find any standard cell pin connected to net VSS.
Run globalNetConnect command or change CPF file to make sure that the netlist reflects the correct power ground connections. The standard cell pins must be defined as 'USE POWER' or 'USE GROUND'.
**WARN: (IMPSR-1254):	Cannot find any block pin of net VSS. Check netlist, or change option to include the pin.
**WARN: (IMPSR-1256):	Cannot find any CORE class pad pin of net VSS. Change routing area or layer to include the expected pin, or check netlist, or change port class in the technology file.
Type 'man IMPSR-1256' for more detail.
Cannot find any AREAIO class pad pin of net VSS. Check net list, or change port class in the technology file, or change option to include pin in given range.
**WARN: (IMPSR-468):	Cannot find any standard cell pin connected to net VDD.
Use setSrouteMode -corePinReferenceMacro <standard cell> to specify a reference macro for followpin connection, or run globalNetConnect command or change CPF file to make sure that the netlist reflects the correct power ground connections. The standard cell pins must be defined as "USE POWER" or "USE GROUND".
**WARN: (IMPSR-468):	Cannot find any standard cell pin connected to net VDD.
Use setSrouteMode -corePinReferenceMacro <standard cell> to specify a reference macro for followpin connection, or run globalNetConnect command or change CPF file to make sure that the netlist reflects the correct power ground connections. The standard cell pins must be defined as "USE POWER" or "USE GROUND".
**WARN: (IMPPP-531):	ViaGen Warning: SPACING rule violation, no via created on layer VIA3 at (0.62, 17.83) (1.00, 18.17).
**WARN: (IMPPP-531):	ViaGen Warning: SPACING rule violation, no via created on layer VIA3 at (0.62, 35.83) (1.00, 36.17).
**WARN: (IMPPP-531):	ViaGen Warning: SPACING rule violation, no via created on layer VIA3 at (0.62, 53.83) (1.00, 54.17).
CPU time for FollowPin 0 seconds
**WARN: (IMPSR-468):	Cannot find any standard cell pin connected to net VSS.
Use setSrouteMode -corePinReferenceMacro <standard cell> to specify a reference macro for followpin connection, or run globalNetConnect command or change CPF file to make sure that the netlist reflects the correct power ground connections. The standard cell pins must be defined as "USE POWER" or "USE GROUND".
**WARN: (IMPSR-468):	Cannot find any standard cell pin connected to net VSS.
Use setSrouteMode -corePinReferenceMacro <standard cell> to specify a reference macro for followpin connection, or run globalNetConnect command or change CPF file to make sure that the netlist reflects the correct power ground connections. The standard cell pins must be defined as "USE POWER" or "USE GROUND".
CPU time for FollowPin 0 seconds
  Number of IO ports routed: 0
  Number of Block ports routed: 0
  Number of Stripe ports routed: 0
  Number of Core ports routed: 0
  Number of Pad ports routed: 0
  Number of Power Bump ports routed: 0
  Number of Followpin connections: 76
End power routing: cpu: 0:00:01, real: 0:00:00, peak: 1921.00 megs.



 Begin updating DB with routing results ...
 Updating DB with 402 io pins ...
 Updating DB with 0 via definition ...
sroute created 76 wires.
ViaGen created 7857 vias, deleted 0 via to avoid violation.
+--------+----------------+----------------+
|  Layer |     Created    |     Deleted    |
+--------+----------------+----------------+
|   M1   |       76       |       NA       |
|  VIA1  |      2619      |        0       |
|  VIA2  |      2619      |        0       |
|  VIA3  |      2619      |        0       |
+--------+----------------+----------------+
<CMD> setNanoRouteMode -quiet -timingEngine {}
<CMD> setNanoRouteMode -quiet -routeTopRoutingLayer default
<CMD> setNanoRouteMode -quiet -routeBottomRoutingLayer default
<CMD> setNanoRouteMode -quiet -drouteEndIteration default
**WARN: (IMPTCM-77):	Option "-routeEcoOnlyInLayers" for command getNanoRouteMode is obsolete and will be removed in a future release. The obsolete option still works in this release but to avoid this warning and to ensure compatibility with future releases, remove the obsolete option from your script.
<CMD> setNanoRouteMode -quiet -routeWithTimingDriven false
<CMD> setNanoRouteMode -quiet -routeWithSiDriven false
Running Native NanoRoute ...
<CMD> routeDesign -globalDetail
#routeDesign: cpu time = 00:00:00, elapsed time = 00:00:00, memory = 1130.00 (MB), peak = 1288.78 (MB)
#WARNING (NRIG-96) Selected single pass global detail route "-globalDetail". Clock eco and post optimizations will not be run. See "man NRIG-96" for more details.
#**INFO: setDesignMode -flowEffort standard
#**INFO: multi-cut via swapping will not be performed after routing.
#**INFO: All auto set options tuned by routeDesign will be restored to their original settings on command completion.
Begin checking placement ... (start mem=1181.2M, init mem=1181.2M)
*info: Placed = 3895          
*info: Unplaced = 0           
Placement Density:69.97%(13035/18630)
Placement Density (including fixed std cells):69.97%(13035/18630)
Finished checkPlace (total: cpu=0:00:00.0, real=0:00:00.0; vio checks: cpu=0:00:00.0, real=0:00:00.0; mem=1181.2M)
**WARN: (IMPCK-8086):	The command changeUseClockNetStatus is obsolete and will be removed in the next release. This command still works in this release, but by the next release you must transition to the CCOpt-based CTS flow.

changeUseClockNetStatus Option :  -noFixedNetWires 
*** Changed status on (0) nets in Clock.
*** End changeUseClockNetStatus (cpu=0:00:00.0, real=0:00:00.0, mem=1181.2M) ***
#ROUTE-DESIGN-CMD: N5-process: 0 [db_process_node=]

globalDetailRoute

#setNanoRouteMode -routeConcurrentMinimizeViaCountEffort "high"
#setNanoRouteMode -routeReserveSpaceForMultiCut true
#setNanoRouteMode -routeWithSiDriven false
#setNanoRouteMode -routeWithTimingDriven false
#Start globalDetailRoute on Thu Dec 18 03:57:41 2025
#
#WARNING (NRDB-2005) SPECIAL_NET VDD has special wires but no definitions for instance pins or top level pins. This will cause routability problems later.
#WARNING (NRDB-2005) SPECIAL_NET VSS has special wires but no definitions for instance pins or top level pins. This will cause routability problems later.
#NanoRoute Version 18.10-p002_1 NR180522-1057/18_10-UB
#Start routing data preparation on Thu Dec 18 03:57:41 2025
#
#WARNING (NRDB-2077) The below via enclosure for LAYER M1 is not specified for width 0.09000.
#WARNING (NRDB-2078) The above via enclosure for LAYER M2 is not specified for width 0.10000.
#WARNING (NRDB-2077) The below via enclosure for LAYER M1 is not specified for width 0.09000.
#WARNING (NRDB-2078) The above via enclosure for LAYER M2 is not specified for width 0.10000.
#WARNING (NRDB-2077) The below via enclosure for LAYER M2 is not specified for width 0.10000.
#WARNING (NRDB-2078) The above via enclosure for LAYER M3 is not specified for width 0.10000.
#WARNING (NRDB-2077) The below via enclosure for LAYER M2 is not specified for width 0.10000.
#WARNING (NRDB-2078) The above via enclosure for LAYER M3 is not specified for width 0.10000.
#WARNING (NRDB-2077) The below via enclosure for LAYER M3 is not specified for width 0.10000.
#WARNING (NRDB-2078) The above via enclosure for LAYER M4 is not specified for width 0.10000.
#WARNING (NRDB-2077) The below via enclosure for LAYER M3 is not specified for width 0.10000.
#WARNING (NRDB-2078) The above via enclosure for LAYER M4 is not specified for width 0.10000.
#WARNING (NRDB-2077) The below via enclosure for LAYER M4 is not specified for width 0.10000.
#WARNING (NRDB-2078) The above via enclosure for LAYER M5 is not specified for width 0.10000.
#WARNING (NRDB-2077) The below via enclosure for LAYER M4 is not specified for width 0.10000.
#WARNING (NRDB-2078) The above via enclosure for LAYER M5 is not specified for width 0.10000.
#WARNING (NRDB-2077) The below via enclosure for LAYER M5 is not specified for width 0.10000.
#WARNING (NRDB-2078) The above via enclosure for LAYER M6 is not specified for width 0.10000.
#WARNING (NRDB-2077) The below via enclosure for LAYER M5 is not specified for width 0.10000.
#WARNING (NRDB-2078) The above via enclosure for LAYER M6 is not specified for width 0.10000.
#WARNING (NRDB-2077) The below via enclosure for LAYER M6 is not specified for width 0.10000.
#WARNING (NRDB-2078) The above via enclosure for LAYER M7 is not specified for width 0.10000.
#WARNING (NRDB-2077) The below via enclosure for LAYER M6 is not specified for width 0.10000.
#WARNING (NRDB-2078) The above via enclosure for LAYER M7 is not specified for width 0.10000.
#WARNING (NRDB-2077) The below via enclosure for LAYER M7 is not specified for width 0.10000.
#WARNING (NRDB-2078) The above via enclosure for LAYER M8 is not specified for width 0.40000.
#WARNING (NRDB-2077) The below via enclosure for LAYER M7 is not specified for width 0.10000.
#WARNING (NRDB-2078) The above via enclosure for LAYER M8 is not specified for width 0.40000.
#WARNING (NRDB-2077) The below via enclosure for LAYER M8 is not specified for width 0.40000.
#WARNING (NRDB-2078) The above via enclosure for LAYER M9 is not specified for width 0.40000.
#WARNING (NRDB-2077) The below via enclosure for LAYER M8 is not specified for width 0.40000.
#WARNING (NRDB-2078) The above via enclosure for LAYER M9 is not specified for width 0.40000.
#WARNING (NRDB-2077) The below via enclosure for LAYER M9 is not specified for width 0.40000.
#WARNING (NRDB-2078) The above via enclosure for LAYER AP is not specified for width 3.00000.
#WARNING (NRDB-2077) The below via enclosure for LAYER M9 is not specified for width 0.40000.
#WARNING (NRDB-2078) The above via enclosure for LAYER AP is not specified for width 3.00000.
#Minimum voltage of a net in the design = 0.000.
#Maximum voltage of a net in the design = 1.100.
#Voltage range [0.000 - 0.000] has 1 net.
#Voltage range [0.900 - 1.100] has 1 net.
#Voltage range [0.000 - 1.100] has 4531 nets.
# M1           H   Track-Pitch = 0.20000    Line-2-Via Pitch = 0.18500
# M2           V   Track-Pitch = 0.20000    Line-2-Via Pitch = 0.20000
# M3           H   Track-Pitch = 0.20000    Line-2-Via Pitch = 0.20000
# M4           V   Track-Pitch = 0.20000    Line-2-Via Pitch = 0.20000
# M5           H   Track-Pitch = 0.20000    Line-2-Via Pitch = 0.20000
# M6           V   Track-Pitch = 0.20000    Line-2-Via Pitch = 0.20000
# M7           H   Track-Pitch = 0.20000    Line-2-Via Pitch = 0.20000
# M8           V   Track-Pitch = 0.80000    Line-2-Via Pitch = 0.80000
# M9           H   Track-Pitch = 0.80000    Line-2-Via Pitch = 0.80000
# AP           V   Track-Pitch = 6.50000    Line-2-Via Pitch = 6.50000
#Regenerating Ggrids automatically.
#Auto generating G-grids with size=15 tracks, using layer M3's pitch = 0.20000.
#Using automatically generated G-grids.
#Done routing data preparation.
#cpu time = 00:00:05, elapsed time = 00:00:05, memory = 1127.18 (MB), peak = 1288.78 (MB)
#Merging special wires...
#
#Finished routing data preparation on Thu Dec 18 03:57:46 2025
#
#Cpu time = 00:00:05
#Elapsed time = 00:00:05
#Increased memory = 17.36 (MB)
#Total memory = 1127.69 (MB)
#Peak memory = 1288.78 (MB)
#
#
#Start global routing on Thu Dec 18 03:57:46 2025
#
#Number of eco nets is 0
#
#Start global routing data preparation on Thu Dec 18 03:57:46 2025
#
#Start routing resource analysis on Thu Dec 18 03:57:46 2025
#
#Routing resource analysis is done on Thu Dec 18 03:57:46 2025
#
#  Resource Analysis:
#
#               Routing  #Avail      #Track     #Total     %Gcell
#  Layer      Direction   Track     Blocked      Gcell    Blocked
#  --------------------------------------------------------------
#  M1             H         674           0        2070    92.08%
#  M2             V         690           0        2070     0.00%
#  M3             H         674           0        2070     0.00%
#  M4             V         208         482        2070     0.00%
#  M5             H         134         540        2070     0.00%
#  M6             V         690           0        2070     0.00%
#  M7             H         674           0        2070     0.00%
#  M8             V         172           0        2070     0.00%
#  M9             H         168           0        2070     0.00%
#  AP             V          21           0        2070    54.35%
#  --------------------------------------------------------------
#  Total                   4105      15.00%       20700    14.64%
#
#
#
#
#Global routing data preparation is done on Thu Dec 18 03:57:46 2025
#
#cpu time = 00:00:00, elapsed time = 00:00:00, memory = 1128.36 (MB), peak = 1288.78 (MB)
#
#cpu time = 00:00:00, elapsed time = 00:00:00, memory = 1128.36 (MB), peak = 1288.78 (MB)
#
#start global routing iteration 1...
#cpu time = 00:00:00, elapsed time = 00:00:00, memory = 1132.24 (MB), peak = 1288.78 (MB)
#
#start global routing iteration 2...
#Initial_route: 1.23223
#Reroute: 9.71804
#cpu time = 00:00:11, elapsed time = 00:00:11, memory = 1151.84 (MB), peak = 1288.78 (MB)
#
#start global routing iteration 3...
#cpu time = 00:00:04, elapsed time = 00:00:04, memory = 1151.84 (MB), peak = 1288.78 (MB)
#
#
#Total number of trivial nets (e.g. < 2 pins) = 26 (skipped).
#Total number of routable nets = 4507.
#Total number of nets in the design = 4533.
#
#4507 routable nets have only global wires.
#
#Routed nets constraints summary:
#-----------------------------
#        Rules   Unconstrained  
#-----------------------------
#      Default            4507  
#-----------------------------
#        Total            4507  
#-----------------------------
#
#Routing constraints summary of the whole design:
#-----------------------------
#        Rules   Unconstrained  
#-----------------------------
#      Default            4507  
#-----------------------------
#        Total            4507  
#-----------------------------
#
#
#  Congestion Analysis: (blocked Gcells are excluded)
#
#                 OverCon       OverCon       OverCon       OverCon          
#                  #Gcell        #Gcell        #Gcell        #Gcell    %Gcell
#     Layer         (1-2)         (3-4)         (5-6)         (7-8)   OverCon
#  --------------------------------------------------------------------------
#  M1            0(0.00%)      0(0.00%)      0(0.00%)      0(0.00%)   (0.00%)
#  M2          674(32.6%)    277(13.4%)     74(3.57%)      4(0.19%)   (49.7%)
#  M3          264(12.8%)      2(0.10%)      0(0.00%)      0(0.00%)   (12.9%)
#  M4          392(18.9%)      0(0.00%)      0(0.00%)      0(0.00%)   (18.9%)
#  M5          134(6.47%)      0(0.00%)      0(0.00%)      0(0.00%)   (6.47%)
#  M6            0(0.00%)      0(0.00%)      0(0.00%)      0(0.00%)   (0.00%)
#  M7            0(0.00%)      0(0.00%)      0(0.00%)      0(0.00%)   (0.00%)
#  M8            0(0.00%)      0(0.00%)      0(0.00%)      0(0.00%)   (0.00%)
#  M9            0(0.00%)      0(0.00%)      0(0.00%)      0(0.00%)   (0.00%)
#  AP            0(0.00%)      0(0.00%)      0(0.00%)      0(0.00%)   (0.00%)
#  --------------------------------------------------------------------------
#     Total   1464(8.13%)    279(1.55%)     74(0.41%)      4(0.02%)   (10.1%)
#
#  The worst congested Gcell overcon (routing demand over resource in number of tracks) = 8
#  Overflow after GR: 2.22% H + 7.89% V
#
**WARN: (IMPSP-9105):	Global router needs be called before using this command.
#Hotspot report including placement blocked areas
[hotspot] +------------+---------------+---------------+
[hotspot] |    layer   |  max hotspot  | total hotspot |
[hotspot] +------------+---------------+---------------+
[hotspot] |    M1(H)   |        283.00 |        286.00 |
[hotspot] |    M2(V)   |        259.00 |        265.00 |
[hotspot] |    M3(H)   |          9.00 |         51.00 |
[hotspot] |    M4(V)   |         81.00 |        123.00 |
[hotspot] |    M5(H)   |         15.00 |         36.00 |
[hotspot] |    M6(V)   |          0.00 |          0.00 |
[hotspot] |    M7(H)   |          0.00 |          0.00 |
[hotspot] |    M8(V)   |          0.00 |          0.00 |
[hotspot] |    M9(H)   |          0.00 |          0.00 |
[hotspot] |    AP(V)   |          0.00 |          0.00 |
[hotspot] +------------+---------------+---------------+
[hotspot] |   worst    | (M1)   283.00 | (M1)   286.00 |
[hotspot] +------------+---------------+---------------+
[hotspot] | all layers |          0.00 |          0.00 |
[hotspot] +------------+---------------+---------------+
Local HotSpot Analysis (3d): normalized congestion max/total hotspot area = 0.00/0.00 (area is in unit of 4 std-cell row bins)
#Complete Global Routing.
#Total wire length = 88531 um.
#Total half perimeter of net bounding box = 68059 um.
#Total wire length on LAYER M1 = 3 um.
#Total wire length on LAYER M2 = 5553 um.
#Total wire length on LAYER M3 = 25057 um.
#Total wire length on LAYER M4 = 7319 um.
#Total wire length on LAYER M5 = 357 um.
#Total wire length on LAYER M6 = 23621 um.
#Total wire length on LAYER M7 = 23364 um.
#Total wire length on LAYER M8 = 2274 um.
#Total wire length on LAYER M9 = 984 um.
#Total wire length on LAYER AP = 0 um.
#Total number of vias = 46169
#Up-Via Summary (total 46169):
#           
#-----------------------
# M1              15406
# M2              11347
# M3               7025
# M4               4272
# M5               4259
# M6               3669
# M7                150
# M8                 41
#-----------------------
#                 46169 
#
#Max overcon = 8 tracks.
#Total overcon = 10.11%.
#Worst layer Gcell overcon rate = 18.94%.
#
#Global routing statistics:
#Cpu time = 00:00:15
#Elapsed time = 00:00:15
#Increased memory = 24.15 (MB)
#Total memory = 1151.84 (MB)
#Peak memory = 1288.78 (MB)
#
#Finished global routing on Thu Dec 18 03:58:02 2025
#
#
#cpu time = 00:00:00, elapsed time = 00:00:00, memory = 1143.75 (MB), peak = 1288.78 (MB)
#Start Track Assignment.
#Done with 9297 horizontal wires in 1 hboxes and 7624 vertical wires in 1 hboxes.
#Done with 2156 horizontal wires in 1 hboxes and 1172 vertical wires in 1 hboxes.
#Done with 1 horizontal wires in 1 hboxes and 1 vertical wires in 1 hboxes.
#
#Track assignment summary:
# layer   (wire length)   (overlap)     (long ovlp)	(with obs/pg/clk)  
#------------------------------------------------------------------------
# M1             3.69 	  0.00%  	  0.00% 	  0.00%
# M2          5488.59 	  0.11%  	  0.00% 	  0.00%
# M3         23946.81 	  0.17%  	  0.00% 	  0.00%
# M4          6771.49 	  0.10%  	  0.00% 	  0.00%
# M5           337.81 	  0.00%  	  0.00% 	  0.00%
# M6         23265.72 	  0.02%  	  0.00% 	  0.00%
# M7         22820.47 	  0.03%  	  0.00% 	  0.00%
# M8          2299.40 	  0.00%  	  0.00% 	  0.00%
# M9           987.80 	  0.00%  	  0.00% 	  0.00%
# AP             0.00 	  0.00%  	  0.00% 	  0.00%
#------------------------------------------------------------------------
# All       85921.78  	  0.08% 	  0.00% 	  0.00%
#Complete Track Assignment.
#Total wire length = 92673 um.
#Total half perimeter of net bounding box = 68059 um.
#Total wire length on LAYER M1 = 4307 um.
#Total wire length on LAYER M2 = 5489 um.
#Total wire length on LAYER M3 = 25639 um.
#Total wire length on LAYER M4 = 7099 um.
#Total wire length on LAYER M5 = 354 um.
#Total wire length on LAYER M6 = 23406 um.
#Total wire length on LAYER M7 = 23097 um.
#Total wire length on LAYER M8 = 2291 um.
#Total wire length on LAYER M9 = 991 um.
#Total wire length on LAYER AP = 0 um.
#Total number of vias = 46169
#Up-Via Summary (total 46169):
#           
#-----------------------
# M1              15406
# M2              11347
# M3               7025
# M4               4272
# M5               4259
# M6               3669
# M7                150
# M8                 41
#-----------------------
#                 46169 
#
#cpu time = 00:00:01, elapsed time = 00:00:01, memory = 1147.54 (MB), peak = 1288.78 (MB)
#
#Routing data preparation, pin analysis, global routing and track assignment statistics:
#Cpu time = 00:00:22
#Elapsed time = 00:00:22
#Increased memory = 37.57 (MB)
#Total memory = 1147.71 (MB)
#Peak memory = 1288.78 (MB)
#
#Start Detail Routing..
#start initial detail routing ...
#   number of violations = 13
#
#    By Layer and Type :
#	         MetSpc   EOLSpc    Short   CutSpc   Totals
#	M1            0        3        0        1        4
#	M2            0        0        7        0        7
#	M3            0        0        1        0        1
#	M4            0        0        0        0        0
#	M5            1        0        0        0        1
#	Totals        1        3        8        1       13
#cpu time = 00:00:33, elapsed time = 00:00:33, memory = 1234.29 (MB), peak = 1288.78 (MB)
#start 1st optimization iteration ...
#   number of violations = 0
#cpu time = 00:00:01, elapsed time = 00:00:01, memory = 1237.38 (MB), peak = 1288.78 (MB)
#Complete Detail Routing.
#Total wire length = 84112 um.
#Total half perimeter of net bounding box = 68059 um.
#Total wire length on LAYER M1 = 1485 um.
#Total wire length on LAYER M2 = 19252 um.
#Total wire length on LAYER M3 = 24058 um.
#Total wire length on LAYER M4 = 8692 um.
#Total wire length on LAYER M5 = 2750 um.
#Total wire length on LAYER M6 = 12414 um.
#Total wire length on LAYER M7 = 12263 um.
#Total wire length on LAYER M8 = 2126 um.
#Total wire length on LAYER M9 = 1073 um.
#Total wire length on LAYER AP = 0 um.
#Total number of vias = 39369
#Total number of multi-cut vias = 61 (  0.2%)
#Total number of single cut vias = 39308 ( 99.8%)
#Up-Via Summary (total 39369):
#                   single-cut          multi-cut      Total
#-----------------------------------------------------------
# M1             16155 (100.0%)         0 (  0.0%)      16155
# M2             11906 (100.0%)         0 (  0.0%)      11906
# M3              4450 (100.0%)         0 (  0.0%)       4450
# M4              2611 (100.0%)         0 (  0.0%)       2611
# M5              2565 (100.0%)         0 (  0.0%)       2565
# M6              1447 ( 96.0%)        61 (  4.0%)       1508
# M7               133 (100.0%)         0 (  0.0%)        133
# M8                41 (100.0%)         0 (  0.0%)         41
#-----------------------------------------------------------
#                39308 ( 99.8%)        61 (  0.2%)      39369 
#
#Total number of DRC violations = 0
#Cpu time = 00:00:35
#Elapsed time = 00:00:35
#Increased memory = -0.19 (MB)
#Total memory = 1147.52 (MB)
#Peak memory = 1288.78 (MB)
#
#start routing for process antenna violation fix ...
#cpu time = 00:00:01, elapsed time = 00:00:01, memory = 1149.64 (MB), peak = 1288.78 (MB)
#
#Total wire length = 84112 um.
#Total half perimeter of net bounding box = 68059 um.
#Total wire length on LAYER M1 = 1485 um.
#Total wire length on LAYER M2 = 19252 um.
#Total wire length on LAYER M3 = 24058 um.
#Total wire length on LAYER M4 = 8692 um.
#Total wire length on LAYER M5 = 2750 um.
#Total wire length on LAYER M6 = 12414 um.
#Total wire length on LAYER M7 = 12263 um.
#Total wire length on LAYER M8 = 2126 um.
#Total wire length on LAYER M9 = 1073 um.
#Total wire length on LAYER AP = 0 um.
#Total number of vias = 39369
#Total number of multi-cut vias = 61 (  0.2%)
#Total number of single cut vias = 39308 ( 99.8%)
#Up-Via Summary (total 39369):
#                   single-cut          multi-cut      Total
#-----------------------------------------------------------
# M1             16155 (100.0%)         0 (  0.0%)      16155
# M2             11906 (100.0%)         0 (  0.0%)      11906
# M3              4450 (100.0%)         0 (  0.0%)       4450
# M4              2611 (100.0%)         0 (  0.0%)       2611
# M5              2565 (100.0%)         0 (  0.0%)       2565
# M6              1447 ( 96.0%)        61 (  4.0%)       1508
# M7               133 (100.0%)         0 (  0.0%)        133
# M8                41 (100.0%)         0 (  0.0%)         41
#-----------------------------------------------------------
#                39308 ( 99.8%)        61 (  0.2%)      39369 
#
#Total number of DRC violations = 0
#Total number of net violated process antenna rule = 0
#
#
#Total wire length = 84112 um.
#Total half perimeter of net bounding box = 68059 um.
#Total wire length on LAYER M1 = 1485 um.
#Total wire length on LAYER M2 = 19252 um.
#Total wire length on LAYER M3 = 24058 um.
#Total wire length on LAYER M4 = 8692 um.
#Total wire length on LAYER M5 = 2750 um.
#Total wire length on LAYER M6 = 12414 um.
#Total wire length on LAYER M7 = 12263 um.
#Total wire length on LAYER M8 = 2126 um.
#Total wire length on LAYER M9 = 1073 um.
#Total wire length on LAYER AP = 0 um.
#Total number of vias = 39369
#Total number of multi-cut vias = 61 (  0.2%)
#Total number of single cut vias = 39308 ( 99.8%)
#Up-Via Summary (total 39369):
#                   single-cut          multi-cut      Total
#-----------------------------------------------------------
# M1             16155 (100.0%)         0 (  0.0%)      16155
# M2             11906 (100.0%)         0 (  0.0%)      11906
# M3              4450 (100.0%)         0 (  0.0%)       4450
# M4              2611 (100.0%)         0 (  0.0%)       2611
# M5              2565 (100.0%)         0 (  0.0%)       2565
# M6              1447 ( 96.0%)        61 (  4.0%)       1508
# M7               133 (100.0%)         0 (  0.0%)        133
# M8                41 (100.0%)         0 (  0.0%)         41
#-----------------------------------------------------------
#                39308 ( 99.8%)        61 (  0.2%)      39369 
#
#Total number of DRC violations = 0
#Total number of net violated process antenna rule = 0
#
#
#Start Post Route wire spreading..
#
#Start DRC checking..
#   number of violations = 0
#cpu time = 00:00:02, elapsed time = 00:00:02, memory = 1198.50 (MB), peak = 1288.78 (MB)
#CELL_VIEW au,init has no DRC violation.
#Total number of DRC violations = 0
#Total number of net violated process antenna rule = 0
#
#Start data preparation for wire spreading...
#
#Data preparation is done on Thu Dec 18 03:58:40 2025
#
#
#Start Post Route Wire Spread.
#Done with 765 horizontal wires in 1 hboxes and 884 vertical wires in 1 hboxes.
#Complete Post Route Wire Spread.
#
#Total wire length = 84749 um.
#Total half perimeter of net bounding box = 68059 um.
#Total wire length on LAYER M1 = 1485 um.
#Total wire length on LAYER M2 = 19284 um.
#Total wire length on LAYER M3 = 24158 um.
#Total wire length on LAYER M4 = 8779 um.
#Total wire length on LAYER M5 = 2750 um.
#Total wire length on LAYER M6 = 12647 um.
#Total wire length on LAYER M7 = 12416 um.
#Total wire length on LAYER M8 = 2142 um.
#Total wire length on LAYER M9 = 1087 um.
#Total wire length on LAYER AP = 0 um.
#Total number of vias = 39369
#Total number of multi-cut vias = 61 (  0.2%)
#Total number of single cut vias = 39308 ( 99.8%)
#Up-Via Summary (total 39369):
#                   single-cut          multi-cut      Total
#-----------------------------------------------------------
# M1             16155 (100.0%)         0 (  0.0%)      16155
# M2             11906 (100.0%)         0 (  0.0%)      11906
# M3              4450 (100.0%)         0 (  0.0%)       4450
# M4              2611 (100.0%)         0 (  0.0%)       2611
# M5              2565 (100.0%)         0 (  0.0%)       2565
# M6              1447 ( 96.0%)        61 (  4.0%)       1508
# M7               133 (100.0%)         0 (  0.0%)        133
# M8                41 (100.0%)         0 (  0.0%)         41
#-----------------------------------------------------------
#                39308 ( 99.8%)        61 (  0.2%)      39369 
#
#
#Start DRC checking..
#   number of violations = 0
#cpu time = 00:00:02, elapsed time = 00:00:02, memory = 1202.08 (MB), peak = 1288.78 (MB)
#CELL_VIEW au,init has no DRC violation.
#Total number of DRC violations = 0
#Total number of net violated process antenna rule = 0
#   number of violations = 0
#cpu time = 00:00:02, elapsed time = 00:00:02, memory = 1151.02 (MB), peak = 1288.78 (MB)
#CELL_VIEW au,init has no DRC violation.
#Total number of DRC violations = 0
#Total number of net violated process antenna rule = 0
#Post Route wire spread is done.
#Total wire length = 84749 um.
#Total half perimeter of net bounding box = 68059 um.
#Total wire length on LAYER M1 = 1485 um.
#Total wire length on LAYER M2 = 19284 um.
#Total wire length on LAYER M3 = 24158 um.
#Total wire length on LAYER M4 = 8779 um.
#Total wire length on LAYER M5 = 2750 um.
#Total wire length on LAYER M6 = 12647 um.
#Total wire length on LAYER M7 = 12416 um.
#Total wire length on LAYER M8 = 2142 um.
#Total wire length on LAYER M9 = 1087 um.
#Total wire length on LAYER AP = 0 um.
#Total number of vias = 39369
#Total number of multi-cut vias = 61 (  0.2%)
#Total number of single cut vias = 39308 ( 99.8%)
#Up-Via Summary (total 39369):
#                   single-cut          multi-cut      Total
#-----------------------------------------------------------
# M1             16155 (100.0%)         0 (  0.0%)      16155
# M2             11906 (100.0%)         0 (  0.0%)      11906
# M3              4450 (100.0%)         0 (  0.0%)       4450
# M4              2611 (100.0%)         0 (  0.0%)       2611
# M5              2565 (100.0%)         0 (  0.0%)       2565
# M6              1447 ( 96.0%)        61 (  4.0%)       1508
# M7               133 (100.0%)         0 (  0.0%)        133
# M8                41 (100.0%)         0 (  0.0%)         41
#-----------------------------------------------------------
#                39308 ( 99.8%)        61 (  0.2%)      39369 
#
#detailRoute Statistics:
#Cpu time = 00:00:40
#Elapsed time = 00:00:40
#Increased memory = 1.19 (MB)
#Total memory = 1148.90 (MB)
#Peak memory = 1288.78 (MB)
#
#globalDetailRoute statistics:
#Cpu time = 00:01:02
#Elapsed time = 00:01:02
#Increased memory = 18.65 (MB)
#Total memory = 1152.12 (MB)
#Peak memory = 1288.78 (MB)
#Number of warnings = 38
#Total number of warnings = 39
#Number of fails = 0
#Total number of fails = 0
#Complete globalDetailRoute on Thu Dec 18 03:58:43 2025
#
#routeDesign: cpu time = 00:01:02, elapsed time = 00:01:02, memory = 1152.46 (MB), peak = 1288.78 (MB)

*** Summary of all messages that are not suppressed in this session:
Severity  ID               Count  Summary                                  
WARNING   IMPCK-8086           1  The command %s is obsolete and will be r...
WARNING   IMPSP-9105           1  %sGlobal router needs be called before u...
*** Message Summary: 2 warning(s), 0 error(s)

<CMD> setVerifyGeometryMode -area { 0 0 0 0 } -minWidth true -minSpacing true -minArea true -sameNet true -short true -overlap true -offRGrid false -offMGrid true -mergedMGridCheck true -minHole true -implantCheck true -minimumCut true -minStep true -viaEnclosure true -antenna false -insuffMetalOverlap true -pinInBlkg false -diffCellViol true -sameCellViol false -padFillerCellsOverlap true -routingBlkgPinOverlap true -routingCellBlkgOverlap true -regRoutingOnly false -stackedViasOnRegNet false -wireExt true -useNonDefaultSpacing false -maxWidth true -maxNonPrefLength -1 -error 1000
<CMD> verifyGeometry
 *** Starting Verify Geometry (MEM: 1205.6) ***

**WARN: (IMPVFG-257):	verifyGeometry command is replaced by verify_drc command. It still works in this release but will be removed in future release. Please update your script to use the new command.
  VERIFY GEOMETRY ...... Starting Verification
  VERIFY GEOMETRY ...... Initializing
  VERIFY GEOMETRY ...... Deleting Existing Violations
  VERIFY GEOMETRY ...... Creating Sub-Areas
                  ...... bin size: 2880
**WARN: (IMPVFG-47):	This warning message means the PG pin of macro/macros is not connected to relevant PG net in the design. If we query the particular PG pin 'net:NULL' will be displayed in the Innovus GUI.

VG: elapsed time: 3.00
Begin Summary ...
  Cells       : 0
  SameNet     : 0
  Wiring      : 0
  Antenna     : 0
  Short       : 0
  Overlap     : 0
End Summary

  Verification Complete : 0 Viols.  0 Wrngs.

**********End: VERIFY GEOMETRY**********
 *** verify geometry (CPU: 0:00:03.3  MEM: 116.6M)

<CMD> setVerifyGeometryMode -area { 0 0 0 0 }
<CMD> saveDesign au
#% Begin save design ... (date=12/18 03:59:07, mem=1298.0M)
% Begin Save ccopt configuration ... (date=12/18 03:59:07, mem=1298.1M)
% End Save ccopt configuration ... (date=12/18 03:59:07, total cpu=0:00:00.0, real=0:00:00.0, peak res=1299.4M, current mem=1299.4M)
% Begin Save netlist data ... (date=12/18 03:59:07, mem=1299.6M)
Writing Binary DB to au.dat/au.v.bin in single-threaded mode...
% End Save netlist data ... (date=12/18 03:59:07, total cpu=0:00:00.0, real=0:00:00.0, peak res=1299.6M, current mem=1299.6M)
Saving congestion map file au.dat/au.route.congmap.gz ...
% Begin Save AAE data ... (date=12/18 03:59:07, mem=1299.7M)
Saving AAE Data ...
% End Save AAE data ... (date=12/18 03:59:07, total cpu=0:00:00.0, real=0:00:00.0, peak res=1299.7M, current mem=1299.7M)
% Begin Save clock tree data ... (date=12/18 03:59:07, mem=1300.0M)
% End Save clock tree data ... (date=12/18 03:59:07, total cpu=0:00:00.0, real=0:00:00.0, peak res=1300.0M, current mem=1300.0M)
Saving preference file au.dat/gui.pref.tcl ...
Saving mode setting ...
Saving global file ...
% Begin Save floorplan data ... (date=12/18 03:59:07, mem=1300.2M)
Saving floorplan file ...
% End Save floorplan data ... (date=12/18 03:59:08, total cpu=0:00:00.1, real=0:00:00.0, peak res=1300.3M, current mem=1300.3M)
Saving Drc markers ...
... No Drc file written since there is no markers found.
% Begin Save placement data ... (date=12/18 03:59:08, mem=1300.3M)
** Saving stdCellPlacement_binary (version# 2) ...
% End Save placement data ... (date=12/18 03:59:08, total cpu=0:00:00.0, real=0:00:00.0, peak res=1300.4M, current mem=1300.4M)
% Begin Save routing data ... (date=12/18 03:59:08, mem=1300.4M)
Saving route file ...
*** Completed saveRoute (cpu=0:00:00.1 real=0:00:00.0 mem=1322.2M) ***
% End Save routing data ... (date=12/18 03:59:08, total cpu=0:00:00.1, real=0:00:00.0, peak res=1301.5M, current mem=1301.5M)
Saving property file au.dat/au.prop
*** Completed saveProperty (cpu=0:00:00.0 real=0:00:00.0 mem=1322.2M) ***
#Saving pin access data to file au.dat/au.apa ...
#
% Begin Save power constraints data ... (date=12/18 03:59:08, mem=1301.8M)
% End Save power constraints data ... (date=12/18 03:59:08, total cpu=0:00:00.0, real=0:00:00.0, peak res=1301.8M, current mem=1301.8M)
worst best typical
Generated self-contained design au.dat
#% End save design ... (date=12/18 03:59:08, total cpu=0:00:00.8, real=0:00:01.0, peak res=1302.4M, current mem=1161.7M)
*** Message Summary: 0 warning(s), 0 error(s)


--------------------------------------------------------------------------------
Exiting Innovus on Thu Dec 18 03:59:12 2025
  Total CPU time:     0:02:46
  Total real time:    0:06:39
  Peak memory (main): 1298.00MB


*** Memory Usage v#1 (Current mem = 1240.113M, initial mem = 266.629M) ***
*** Message Summary: 172 warning(s), 0 error(s)

--- Ending "Innovus" (totcpu=0:02:46, real=0:06:38, mem=1240.1M) ---
