ncverilog(64): 15.20-s079: (c) Copyright 1995-2019 Cadence Design Systems, Inc.
TOOL:	ncverilog	15.20-s079: Started on Dec 09, 2025 at 18:28:00 EST
ncverilog
	../src/au_basic_tb.v
	../syn/au_syn.v
	tcbn65gplus.v
Recompiling... reason: file '../src/au_basic_tb.v' is newer than expected.
	expected: Tue Dec  9 18:24:00 2025
	actual:   Tue Dec  9 18:27:57 2025
file: ../src/au_basic_tb.v
	module worklib.au_basic_tb:v
		errors: 0, warnings: 0
		Caching library 'worklib' ....... Done
	Elaborating the design hierarchy:
	Building instance overlay tables: .................... Done
	Generating native compiled code:
		worklib.au_basic_tb:v <0x7a751a9a>
			streams:   7, words: 23994
	Building instance specific data structures.
	Loading native compiled code:     .................... Done
	Design hierarchy summary:
		                  Instances  Unique
		Modules:               2908     846
		UDPs:                  2253       4
		Primitives:            8901      10
		Timing outputs:        2282      62
		Registers:              535     373
		Scalar wires:          2754       -
		Expanded wires:          76       5
		Always blocks:           57      57
		Initial blocks:           2       2
		Pseudo assignments:       1       1
		Timing checks:         5652       -
		Simulation timescale:   1ps
	Writing initial simulation snapshot: worklib.au_basic_tb:v
Loading snapshot worklib.au_basic_tb:v .................... Done
ncsim> source /CMC/tools/cadence/INCISIVE15.20.079_lnx86/tools/inca/files/ncsimrc
ncsim> run
========================================
Testing AU Basic Operations (1-cycle)
========================================

--- Testing ADD ---
ADD tests completed

--- Testing SUB ---
SUB tests completed

--- Testing MULT ---
MULT tests completed

========================================
ALL BASIC TESTS PASSED!
========================================

Simulation complete via $finish(1) at time 7335 NS + 0
../src/au_basic_tb.v:171         $finish;
ncsim> exit
TOOL:	ncverilog	15.20-s079: Exiting on Dec 09, 2025 at 18:28:03 EST  (total: 00:00:03)
