ncverilog(64): 15.20-s079: (c) Copyright 1995-2019 Cadence Design Systems, Inc.
TOOL:	ncverilog	15.20-s079: Started on Dec 09, 2025 at 17:57:51 EST
ncverilog
	../src/router_a_tb.v
	../syn/router_a_syn.v
	tcbn65gplus.v
Recompiling... reason: file '../src/router_a_tb.v' is newer than expected.
	expected: Tue Dec  9 16:05:08 2025
	actual:   Tue Dec  9 17:54:15 2025
file: ../src/router_a_tb.v
	module worklib.router_a_tb:v
		errors: 0, warnings: 0
		Caching library 'worklib' ....... Done
	Elaborating the design hierarchy:
	Building instance overlay tables: .................... Done
	Generating native compiled code:
		worklib.AO211D0:v <0x01b25d00>
			streams:   0, words:     0
		worklib.AO211D1:v <0x10bd5bd1>
			streams:   0, words:     0
		worklib.AO211D2:v <0x2af68755>
			streams:   0, words:     0
		worklib.AO211D4:v <0x5e613e5d>
			streams:   0, words:     0
		worklib.AO21D0:v <0x27d01534>
			streams:   0, words:     0
		worklib.AO21D1:v <0x29d53b45>
			streams:   0, words:     0
		worklib.AO21D2:v <0x03662eb3>
			streams:   0, words:     0
		worklib.AO21D4:v <0x35cd647b>
			streams:   0, words:     0
		worklib.AO221D0:v <0x368b029a>
			streams:   0, words:     0
		worklib.AO221D1:v <0x19d6ce6e>
			streams:   0, words:     0
		worklib.AO221D2:v <0x59d62be0>
			streams:   0, words:     0
		worklib.AO221D4:v <0x0bfc314a>
			streams:   0, words:     0
		worklib.AO222D0:v <0x6786e9c8>
			streams:   0, words:     0
		worklib.AO222D1:v <0x335ff86a>
			streams:   0, words:     0
		worklib.AO222D2:v <0x1545cccd>
			streams:   0, words:     0
		worklib.AO222D4:v <0x33e61350>
			streams:   0, words:     0
		worklib.AO22D0:v <0x3c2e4e53>
			streams:   0, words:     0
		worklib.AO22D1:v <0x224e85d7>
			streams:   0, words:     0
		worklib.AO22D2:v <0x499eca2f>
			streams:   0, words:     0
		worklib.AO22D4:v <0x454f539e>
			streams:   0, words:     0
		worklib.AO31D0:v <0x18a49bee>
			streams:   0, words:     0
		worklib.AO31D1:v <0x0c994134>
			streams:   0, words:     0
		worklib.AO31D2:v <0x3985f9ad>
			streams:   0, words:     0
		worklib.AO31D4:v <0x53bc889f>
			streams:   0, words:     0
		worklib.AO32D0:v <0x0d386b85>
			streams:   0, words:     0
		worklib.AO32D1:v <0x2e02ce59>
			streams:   0, words:     0
		worklib.AO32D2:v <0x4217f7ca>
			streams:   0, words:     0
		worklib.AO32D4:v <0x2bdb347e>
			streams:   0, words:     0
		worklib.AO33D0:v <0x668d1dc9>
			streams:   0, words:     0
		worklib.AO33D1:v <0x359935f6>
			streams:   0, words:     0
		worklib.AO33D2:v <0x1bd44bf6>
			streams:   0, words:     0
		worklib.AO33D4:v <0x1c3fb1b7>
			streams:   0, words:     0
		worklib.AOI211D0:v <0x382b1ef2>
			streams:   0, words:     0
		worklib.AOI211D1:v <0x29241823>
			streams:   0, words:     0
		worklib.AOI211D2:v <0x136fc4a7>
			streams:   0, words:     0
		worklib.AOI211D4:v <0x67f87daf>
			streams:   0, words:     0
		worklib.AOI211XD0:v <0x733c71d2>
			streams:   0, words:     0
		worklib.AOI211XD1:v <0x62337703>
			streams:   0, words:     0
		worklib.AOI211XD2:v <0x5878ab87>
			streams:   0, words:     0
		worklib.AOI211XD4:v <0x2cef128f>
			streams:   0, words:     0
		worklib.AOI21D0:v <0x3f0bcb12>
			streams:   0, words:     0
		worklib.AOI21D1:v <0x310ee563>
			streams:   0, words:     0
		worklib.AOI21D2:v <0x1bbdf095>
			streams:   0, words:     0
		worklib.AOI21D4:v <0x2d16ba5d>
			streams:   0, words:     0
		worklib.AOI221D0:v <0x418e7230>
			streams:   0, words:     0
		worklib.AOI221D1:v <0x6ed3bec4>
			streams:   0, words:     0
		worklib.AOI221D2:v <0x2ed35b4a>
			streams:   0, words:     0
		worklib.AOI221D4:v <0x7cf941e0>
			streams:   0, words:     0
		worklib.AOI221XD4:v <0x22917d83>
			streams:   0, words:     0
		worklib.AOI222D0:v <0x6c3cd4ee>
			streams:   0, words:     0
		worklib.AOI222D1:v <0x38e5c54c>
			streams:   0, words:     0
		worklib.AOI222D2:v <0x1efff1eb>
			streams:   0, words:     0
		worklib.AOI222D4:v <0x385c2e76>
			streams:   0, words:     0
		worklib.AOI222XD4:v <0x24a1e998>
			streams:   0, words:     0
		worklib.AOI22D0:v <0x6e88646c>
			streams:   0, words:     0
		worklib.AOI22D1:v <0x30f1ec69>
			streams:   0, words:     0
		worklib.AOI22D2:v <0x5b21a391>
			streams:   0, words:     0
		worklib.AOI22D4:v <0x57f03a20>
			streams:   0, words:     0
		worklib.AOI31D0:v <0x537b5576>
			streams:   0, words:     0
		worklib.AOI31D1:v <0x47468fac>
			streams:   0, words:     0
		worklib.AOI31D2:v <0x725a3735>
			streams:   0, words:     0
		worklib.AOI31D4:v <0x18634607>
			streams:   0, words:     0
		worklib.AOI32D0:v <0x00d19f57>
			streams:   0, words:     0
		worklib.AOI32D1:v <0x23eb3a8b>
			streams:   0, words:     0
		worklib.AOI32D2:v <0x4ffe0318>
			streams:   0, words:     0
		worklib.AOI32D4:v <0x2632c0ac>
			streams:   0, words:     0
		worklib.AOI32XD4:v <0x373cd591>
			streams:   0, words:     0
		worklib.AOI33D0:v <0x2bd0a349>
			streams:   0, words:     0
		worklib.AOI33D1:v <0x78c48b76>
			streams:   0, words:     0
		worklib.AOI33D2:v <0x5689f576>
			streams:   0, words:     0
		worklib.AOI33D4:v <0x51620f37>
			streams:   0, words:     0
		worklib.AOI33XD4:v <0x01a972ad>
			streams:   0, words:     0
		worklib.BENCD1:v <0x28f1eaab>
			streams:   0, words:     0
		worklib.BENCD2:v <0x3bdcb05c>
			streams:   0, words:     0
		worklib.BENCD4:v <0x7711b361>
			streams:   0, words:     0
		worklib.BMLD1:v <0x35bef5b0>
			streams:   0, words:     0
		worklib.BMLD2:v <0x3ed2eb8d>
			streams:   0, words:     0
		worklib.BMLD4:v <0x19ec6765>
			streams:   0, words:     0
		worklib.BUFTD0:v <0x1ffdada0>
			streams:   1, words:  1114
		worklib.BUFTD12:v <0x495d2328>
			streams:   1, words:  1114
		worklib.BUFTD16:v <0x0245d340>
			streams:   1, words:  1114
		worklib.BUFTD1:v <0x3cdd2128>
			streams:   1, words:  1114
		worklib.BUFTD20:v <0x30301c97>
			streams:   1, words:  1114
		worklib.BUFTD24:v <0x7b28ecff>
			streams:   1, words:  1114
		worklib.BUFTD2:v <0x3a71d594>
			streams:   1, words:  1114
		worklib.BUFTD3:v <0x1951591c>
			streams:   1, words:  1114
		worklib.BUFTD4:v <0x54e55dc8>
			streams:   1, words:  1114
		worklib.BUFTD6:v <0x716925fc>
			streams:   1, words:  1114
		worklib.BUFTD8:v <0x382afde2>
			streams:   1, words:  1114
		worklib.CKLHQD12:v <0x1d807b76>
			streams:   0, words:     0
		worklib.CKLHQD16:v <0x0c59a68f>
			streams:   0, words:     0
		worklib.CKLHQD1:v <0x5ad81266>
			streams:   0, words:     0
		worklib.CKLHQD20:v <0x70f4b971>
			streams:   0, words:     0
		worklib.CKLHQD24:v <0x612d6488>
			streams:   0, words:     0
		worklib.CKLHQD2:v <0x1cc0f9c6>
			streams:   0, words:     0
		worklib.CKLHQD3:v <0x7f8c7fba>
			streams:   0, words:     0
		worklib.CKLHQD4:v <0x284d49e3>
			streams:   0, words:     0
		worklib.CKLHQD6:v <0x0d19243f>
			streams:   0, words:     0
		worklib.CKLHQD8:v <0x70b0993b>
			streams:   0, words:     0
		worklib.CKLNQD12:v <0x7483f5d8>
			streams:   0, words:     0
		worklib.CKLNQD16:v <0x10b2871a>
			streams:   0, words:     0
		worklib.CKLNQD1:v <0x1f34d722>
			streams:   0, words:     0
		worklib.CKLNQD20:v <0x5ce07546>
			streams:   0, words:     0
		worklib.CKLNQD24:v <0x38d10784>
			streams:   0, words:     0
		worklib.CKLNQD2:v <0x40aac69e>
			streams:   0, words:     0
		worklib.CKLNQD3:v <0x44398698>
			streams:   0, words:     0
		worklib.CKLNQD4:v <0x7f96e5e6>
			streams:   0, words:     0
		worklib.CKLNQD6:v <0x249bb45c>
			streams:   0, words:     0
		worklib.CKLNQD8:v <0x5a9fa557>
			streams:   0, words:     0
		worklib.CKMUX2D0:v <0x686c7268>
			streams:   0, words:     0
		worklib.CKMUX2D1:v <0x549ad7a7>
			streams:   0, words:     0
		worklib.CKMUX2D2:v <0x7b168f25>
			streams:   0, words:     0
		worklib.CKMUX2D4:v <0x47c35f05>
			streams:   0, words:     0
		worklib.CKXOR2D0:v <0x7adae6fc>
			streams:   0, words:     0
		worklib.CKXOR2D1:v <0x7d6b8363>
			streams:   0, words:     0
		worklib.CKXOR2D2:v <0x4d044aa7>
			streams:   0, words:     0
		worklib.CKXOR2D4:v <0x7ff00899>
			streams:   0, words:     0
		worklib.CMPE42D1:v <0x4fdcfa4c>
			streams:   0, words:     0
		worklib.CMPE42D2:v <0x3d935571>
			streams:   0, words:     0
		worklib.DFCND1:v <0x6e8ec46c>
			streams:   0, words:     0
		worklib.DFCND2:v <0x0b312c07>
			streams:   0, words:     0
		worklib.DFCND4:v <0x12652d67>
			streams:   0, words:     0
		worklib.DFCNQD1:v <0x38c63741>
			streams:   0, words:     0
		worklib.DFCNQD2:v <0x78f97296>
			streams:   0, words:     0
		worklib.DFCNQD4:v <0x1b4a981c>
			streams:   0, words:     0
		worklib.DFCSND1:v <0x63916d21>
			streams:   1, words:  2727
		worklib.DFCSND2:v <0x5d12bd1d>
			streams:   1, words:  2727
		worklib.DFCSND4:v <0x294fca92>
			streams:   1, words:  2727
		worklib.DFCSNQD1:v <0x094428bf>
			streams:   1, words:  2727
		worklib.DFCSNQD2:v <0x270956bf>
			streams:   1, words:  2727
		worklib.DFCSNQD4:v <0x20e2acfe>
			streams:   1, words:  2727
		worklib.DFD1:v <0x410822e5>
			streams:   0, words:     0
		worklib.DFD2:v <0x10ad77cb>
			streams:   0, words:     0
		worklib.DFD4:v <0x3abd0a60>
			streams:   0, words:     0
		worklib.DFKCND1:v <0x6aa6fccf>
			streams:   0, words:     0
		worklib.DFKCND2:v <0x0935d018>
			streams:   0, words:     0
		worklib.DFKCND4:v <0x7ff53924>
			streams:   0, words:     0
		worklib.DFKCNQD1:v <0x29bd3811>
			streams:   0, words:     0
		worklib.DFKCNQD2:v <0x39cf5af7>
			streams:   0, words:     0
		worklib.DFKCNQD4:v <0x192b9f3b>
			streams:   0, words:     0
		worklib.DFKCSND1:v <0x4c41aebe>
			streams:   0, words:     0
		worklib.DFKCSND2:v <0x4914512f>
			streams:   0, words:     0
		worklib.DFKCSND4:v <0x18cea84c>
			streams:   0, words:     0
		worklib.DFKSND1:v <0x2095e4b6>
			streams:   0, words:     0
		worklib.DFKSND2:v <0x2e61eeec>
			streams:   0, words:     0
		worklib.DFKSND4:v <0x591e4c8b>
			streams:   0, words:     0
		worklib.DFNCND1:v <0x7b586a31>
			streams:   0, words:     0
		worklib.DFNCND2:v <0x24c67b8d>
			streams:   0, words:     0
		worklib.DFNCND4:v <0x1bfa58f5>
			streams:   0, words:     0
		worklib.DFNCSND1:v <0x32c52a57>
			streams:   1, words:  2727
		worklib.DFNCSND2:v <0x14df1ef0>
			streams:   1, words:  2727
		worklib.DFNCSND4:v <0x327cc16d>
			streams:   1, words:  2727
		worklib.DFND1:v <0x1024d997>
			streams:   0, words:     0
		worklib.DFND2:v <0x369c84f8>
			streams:   0, words:     0
		worklib.DFND4:v <0x117b88f5>
			streams:   0, words:     0
		worklib.DFNSND1:v <0x1032a318>
			streams:   0, words:     0
		worklib.DFNSND2:v <0x4facb2a4>
			streams:   0, words:     0
		worklib.DFNSND4:v <0x709091dc>
			streams:   0, words:     0
		worklib.DFQD1:v <0x1f58e62c>
			streams:   0, words:     0
		worklib.DFQD2:v <0x5efda3b1>
			streams:   0, words:     0
		worklib.DFQD4:v <0x6c519819>
			streams:   0, words:     0
		worklib.DFSND1:v <0x2963bc97>
			streams:   0, words:     0
		worklib.DFSND2:v <0x4cdc54fc>
			streams:   0, words:     0
		worklib.DFSND4:v <0x5588559c>
			streams:   0, words:     0
		worklib.DFSNQD1:v <0x1a025690>
			streams:   0, words:     0
		worklib.DFSNQD2:v <0x5a3d1347>
			streams:   0, words:     0
		worklib.DFSNQD4:v <0x398ef9cd>
			streams:   0, words:     0
		worklib.DFXD1:v <0x1652a05a>
			streams:   0, words:     0
		worklib.DFXD2:v <0x11361fd3>
			streams:   0, words:     0
		worklib.DFXD4:v <0x7c3201e5>
			streams:   0, words:     0
		worklib.DFXQD1:v <0x1e44c025>
			streams:   0, words:     0
		worklib.DFXQD2:v <0x1c146dde>
			streams:   0, words:     0
		worklib.DFXQD4:v <0x7b78570c>
			streams:   0, words:     0
		worklib.EDFCND1:v <0x564da770>
			streams:   0, words:     0
		worklib.EDFCND2:v <0x3525742c>
			streams:   0, words:     0
		worklib.EDFCND4:v <0x19636447>
			streams:   0, words:     0
		worklib.EDFCNQD1:v <0x593d6ac4>
			streams:   0, words:     0
		worklib.EDFCNQD2:v <0x73bdcfa5>
			streams:   0, words:     0
		worklib.EDFCNQD4:v <0x7dcd8326>
			streams:   0, words:     0
		worklib.EDFD1:v <0x62b29a28>
			streams:   0, words:     0
		worklib.EDFD2:v <0x3d2c8b94>
			streams:   0, words:     0
		worklib.EDFD4:v <0x0210a8ec>
			streams:   0, words:     0
		worklib.EDFKCND1:v <0x7867ed5a>
			streams:   0, words:     0
		worklib.EDFKCND2:v <0x25b896e1>
			streams:   0, words:     0
		worklib.EDFKCND4:v <0x7491d744>
			streams:   0, words:     0
		worklib.EDFKCNQD1:v <0x45259030>
			streams:   0, words:     0
		worklib.EDFKCNQD2:v <0x532908b5>
			streams:   0, words:     0
		worklib.EDFKCNQD4:v <0x4ed6892d>
			streams:   0, words:     0
		worklib.EDFQD1:v <0x42f901b1>
			streams:   0, words:     0
		worklib.EDFQD2:v <0x2746e9da>
			streams:   0, words:     0
		worklib.EDFQD4:v <0x3e12e8ba>
			streams:   0, words:     0
		worklib.FA1D0:v <0x57e2aa78>
			streams:   0, words:     0
		worklib.FA1D1:v <0x227766cb>
			streams:   0, words:     0
		worklib.FA1D2:v <0x0d2f838c>
			streams:   0, words:     0
		worklib.FA1D4:v <0x6b222e67>
			streams:   0, words:     0
		worklib.FCICIND1:v <0x092d7b1b>
			streams:   0, words:     0
		worklib.FCICIND2:v <0x31d471a1>
			streams:   0, words:     0
		worklib.FCICOND1:v <0x0f357f50>
			streams:   0, words:     0
		worklib.FCICOND2:v <0x37cc75ea>
			streams:   0, words:     0
		worklib.FCSICIND1:v <0x6085bb32>
			streams:   0, words:     0
		worklib.FCSICIND2:v <0x0b92a38a>
			streams:   0, words:     0
		worklib.FCSICOND1:v <0x34429ccb>
			streams:   0, words:     0
		worklib.FCSICOND2:v <0x5f558473>
			streams:   0, words:     0
		worklib.FICIND1:v <0x09766edb>
			streams:   0, words:     0
		worklib.FICIND2:v <0x5720bd4f>
			streams:   0, words:     0
		worklib.FICOND1:v <0x0e8ea829>
			streams:   0, words:     0
		worklib.FICOND2:v <0x50d87bbd>
			streams:   0, words:     0
		worklib.FIICOND1:v <0x496302de>
			streams:   0, words:     0
		worklib.FIICOND2:v <0x1735d14a>
			streams:   0, words:     0
		worklib.GAOI21D1:v <0x16159910>
			streams:   0, words:     0
		worklib.GAOI21D2:v <0x3ca68ce6>
			streams:   0, words:     0
		worklib.GAOI22D1:v <0x3b5f2ba2>
			streams:   0, words:     0
		worklib.GDFCNQD1:v <0x3d943326>
			streams:   0, words:     0
		worklib.GDFQD1:v <0x3c51e433>
			streams:   0, words:     0
		worklib.GMUX2D1:v <0x7c6c80bf>
			streams:   0, words:     0
		worklib.GMUX2D2:v <0x53e0d83d>
			streams:   0, words:     0
		worklib.GMUX2ND1:v <0x0e6710d2>
			streams:   0, words:     0
		worklib.GMUX2ND2:v <0x21eb4850>
			streams:   0, words:     0
		worklib.GOAI21D1:v <0x437eff30>
			streams:   0, words:     0
		worklib.GOAI21D2:v <0x69cdeac6>
			streams:   0, words:     0
		worklib.GSDFCNQD1:v <0x4e16ff2c>
			streams:   0, words:     0
		worklib.GXNR2D1:v <0x1523bb68>
			streams:   0, words:     0
		worklib.GXNR2D2:v <0x254c72ac>
			streams:   0, words:     0
		worklib.GXOR2D1:v <0x0a15f9d6>
			streams:   0, words:     0
		worklib.GXOR2D2:v <0x3a7a3012>
			streams:   0, words:     0
		worklib.HA1D0:v <0x00f16f46>
			streams:   0, words:     0
		worklib.HA1D1:v <0x0ef44137>
			streams:   0, words:     0
		worklib.HA1D2:v <0x244754c1>
			streams:   0, words:     0
		worklib.HA1D4:v <0x12ec1e09>
			streams:   0, words:     0
		worklib.HCOSCIND1:v <0x68989998>
			streams:   0, words:     0
		worklib.HCOSCIND2:v <0x6e346d24>
			streams:   0, words:     0
		worklib.HCOSCOND1:v <0x26c7b76e>
			streams:   0, words:     0
		worklib.HCOSCOND2:v <0x206b43d2>
			streams:   0, words:     0
		worklib.HICIND1:v <0x49bbd764>
			streams:   0, words:     0
		worklib.HICIND2:v <0x2168da43>
			streams:   0, words:     0
		worklib.HICOND1:v <0x2a54cc0e>
			streams:   0, words:     0
		worklib.HICOND2:v <0x4287c129>
			streams:   0, words:     0
		worklib.IAO21D0:v <0x3b8d7987>
			streams:   0, words:     0
		worklib.IAO21D1:v <0x2a827f56>
			streams:   0, words:     0
		worklib.IAO21D2:v <0x10c9a3d2>
			streams:   0, words:     0
		worklib.IAO21D4:v <0x645e1ada>
			streams:   0, words:     0
		worklib.IAO22D0:v <0x24da3a5c>
			streams:   0, words:     0
		worklib.IAO22D1:v <0x28a21215>
			streams:   0, words:     0
		worklib.IAO22D2:v <0x3c2a6ace>
			streams:   0, words:     0
		worklib.IAO22D4:v <0x24dc2bea>
			streams:   0, words:     0
		worklib.IOA21D0:v <0x277b02a2>
			streams:   0, words:     0
		worklib.IOA21D1:v <0x36740473>
			streams:   0, words:     0
		worklib.IOA21D2:v <0x0c3fd8f7>
			streams:   0, words:     0
		worklib.IOA21D4:v <0x78a861ff>
			streams:   0, words:     0
		worklib.IOA22D0:v <0x754fb091>
			streams:   0, words:     0
		worklib.IOA22D1:v <0x793798d8>
			streams:   0, words:     0
		worklib.IOA22D2:v <0x6dbfe003>
			streams:   0, words:     0
		worklib.IOA22D4:v <0x7549a127>
			streams:   0, words:     0
		worklib.LHCND1:v <0x19d9508f>
			streams:   0, words:     0
		worklib.LHCND2:v <0x59e61558>
			streams:   0, words:     0
		worklib.LHCND4:v <0x3a55ffd2>
			streams:   0, words:     0
		worklib.LHCNDD1:v <0x73ab699b>
			streams:   0, words:     0
		worklib.LHCNDD2:v <0x33942c4c>
			streams:   0, words:     0
		worklib.LHCNDD4:v <0x5027c6c6>
			streams:   0, words:     0
		worklib.LHCNDQD1:v <0x1f64f5d3>
			streams:   0, words:     0
		worklib.LHCNDQD2:v <0x60f8bfb1>
			streams:   0, words:     0
		worklib.LHCNDQD4:v <0x1fc02b75>
			streams:   0, words:     0
		worklib.LHCNQD1:v <0x6e6e6176>
			streams:   0, words:     0
		worklib.LHCNQD2:v <0x11f22b14>
			streams:   0, words:     0
		worklib.LHCNQD4:v <0x6ecabfd0>
			streams:   0, words:     0
		worklib.LHCSND1:v <0x2d9e6697>
			streams:   1, words:  2727
		worklib.LHCSND2:v <0x75213806>
			streams:   1, words:  2727
		worklib.LHCSND4:v <0x2792e400>
			streams:   1, words:  2727
		worklib.LHCSNDD1:v <0x5e95d7ea>
			streams:   1, words:  2727
		worklib.LHCSNDD2:v <0x062a897b>
			streams:   1, words:  2727
		worklib.LHCSNDD4:v <0x5499557d>
			streams:   1, words:  2727
		worklib.LHCSNDQD1:v <0x2b3982b6>
			streams:   1, words:  2727
		worklib.LHCSNDQD2:v <0x0af6ddb9>
			streams:   1, words:  2727
		worklib.LHCSNDQD4:v <0x496863a7>
			streams:   1, words:  2727
		worklib.LHCSNQD1:v <0x377eb420>
			streams:   1, words:  2727
		worklib.LHCSNQD2:v <0x16b1eb2f>
			streams:   1, words:  2727
		worklib.LHCSNQD4:v <0x552f5531>
			streams:   1, words:  2727
		worklib.LHD1:v <0x70de1bc6>
			streams:   0, words:     0
		worklib.LHD2:v <0x622b730f>
			streams:   0, words:     0
		worklib.LHD4:v <0x1cb0a4dc>
			streams:   0, words:     0
		worklib.LHQD1:v <0x1cf73590>
			streams:   0, words:     0
		worklib.LHQD2:v <0x4621e54d>
			streams:   0, words:     0
		worklib.LHQD4:v <0x28fd42b6>
			streams:   0, words:     0
		worklib.LHSND1:v <0x7758a6a7>
			streams:   0, words:     0
		worklib.LHSND2:v <0x12e74ecc>
			streams:   0, words:     0
		worklib.LHSND4:v <0x0bb34fac>
			streams:   0, words:     0
		worklib.LHSNDD1:v <0x3e761fdd>
			streams:   0, words:     0
		worklib.LHSNDD2:v <0x5bc9f7b6>
			streams:   0, words:     0
		worklib.LHSNDD4:v <0x429df6d6>
			streams:   0, words:     0
		worklib.LHSNDQD1:v <0x0bf4fb3b>
			streams:   0, words:     0
		worklib.LHSNDQD2:v <0x5a51ae15>
			streams:   0, words:     0
		worklib.LHSNDQD4:v <0x7041d3be>
			streams:   0, words:     0
		worklib.LHSNQD1:v <0x35c93983>
			streams:   0, words:     0
		worklib.LHSNQD2:v <0x646c6cad>
			streams:   0, words:     0
		worklib.LHSNQD4:v <0x4e7c1106>
			streams:   0, words:     0
		worklib.LNCND1:v <0x4f682fc6>
			streams:   0, words:     0
		worklib.LNCND2:v <0x3cb95e1a>
			streams:   0, words:     0
		worklib.LNCND4:v <0x09306c14>
			streams:   0, words:     0
		worklib.LNCNDD1:v <0x388a5c15>
			streams:   0, words:     0
		worklib.LNCNDD2:v <0x4b5b2dc9>
			streams:   0, words:     0
		worklib.LNCNDD4:v <0x7ed21fc7>
			streams:   0, words:     0
		worklib.LNCNDQD1:v <0x1ae0104f>
			streams:   0, words:     0
		worklib.LNCNDQD2:v <0x5b4555d2>
			streams:   0, words:     0
		worklib.LNCNDQD4:v <0x69e96e7a>
			streams:   0, words:     0
		worklib.LNCNQD1:v <0x5585e9a7>
			streams:   0, words:     0
		worklib.LNCNQD2:v <0x1420ac3a>
			streams:   0, words:     0
		worklib.LNCNQD4:v <0x268c9792>
			streams:   0, words:     0
		worklib.LNCSND1:v <0x104390f3>
			streams:   1, words:  2727
		worklib.LNCSND2:v <0x587a6d47>
			streams:   1, words:  2727
		worklib.LNCSND4:v <0x229e20fc>
			streams:   1, words:  2727
		worklib.LNCSNDD1:v <0x789863a7>
			streams:   1, words:  2727
		worklib.LNCSNDD2:v <0x30a19e13>
			streams:   1, words:  2727
		worklib.LNCSNDD4:v <0x4a45d3a8>
			streams:   1, words:  2727
		worklib.LNCSNDQD1:v <0x6621db14>
			streams:   1, words:  2727
		worklib.LNCSNDQD2:v <0x486ca514>
			streams:   1, words:  2727
		worklib.LNCSNDQD4:v <0x4f875f55>
			streams:   1, words:  2727
		worklib.LNCSNQD1:v <0x235c88ea>
			streams:   1, words:  2727
		worklib.LNCSNQD2:v <0x0d11f6ea>
			streams:   1, words:  2727
		worklib.LNCSNQD4:v <0x0afa0cab>
			streams:   1, words:  2727
		worklib.LND1:v <0x7f3f16f2>
			streams:   0, words:     0
		worklib.LND2:v <0x44fe8e0a>
			streams:   0, words:     0
		worklib.LND4:v <0x680cb9bb>
			streams:   0, words:     0
		worklib.LNQD1:v <0x3b19973f>
			streams:   0, words:     0
		worklib.LNQD2:v <0x29ecfff6>
			streams:   0, words:     0
		worklib.LNQD4:v <0x57772825>
			streams:   0, words:     0
		worklib.LNSND1:v <0x22ad3f64>
			streams:   0, words:     0
		worklib.LNSND2:v <0x4712d70f>
			streams:   0, words:     0
		worklib.LNSND4:v <0x5e46d66f>
			streams:   0, words:     0
		worklib.LNSNDD1:v <0x3ab01da8>
			streams:   0, words:     0
		worklib.LNSNDD2:v <0x5f0ff5c3>
			streams:   0, words:     0
		worklib.LNSNDD4:v <0x465bf4a3>
			streams:   0, words:     0
		worklib.LNSNDQD1:v <0x48bddab1>
			streams:   0, words:     0
		worklib.LNSNDQD2:v <0x6e0587de>
			streams:   0, words:     0
		worklib.LNSNDQD4:v <0x49e28bd3>
			streams:   0, words:     0
		worklib.LNSNQD1:v <0x010ce622>
			streams:   0, words:     0
		worklib.LNSNQD2:v <0x27b4bb4d>
			streams:   0, words:     0
		worklib.LNSNQD4:v <0x0053b740>
			streams:   0, words:     0
		worklib.MAOI222D0:v <0x78225cd2>
			streams:   0, words:     0
		worklib.MAOI222D1:v <0x6505cff1>
			streams:   0, words:     0
		worklib.MAOI222D2:v <0x191c7cd5>
			streams:   0, words:     0
		worklib.MAOI222D4:v <0x612f1a9d>
			streams:   0, words:     0
		worklib.MAOI22D0:v <0x12b92c67>
			streams:   0, words:     0
		worklib.MAOI22D1:v <0x4cc0a462>
			streams:   0, words:     0
		worklib.MAOI22D2:v <0x2710eb9a>
			streams:   0, words:     0
		worklib.MAOI22D4:v <0x2bc1722b>
			streams:   0, words:     0
		worklib.MOAI22D0:v <0x38714190>
			streams:   0, words:     0
		worklib.MOAI22D1:v <0x6608c995>
			streams:   0, words:     0
		worklib.MOAI22D2:v <0x0dd8866d>
			streams:   0, words:     0
		worklib.MOAI22D4:v <0x01091fdc>
			streams:   0, words:     0
		worklib.MUX2D0:v <0x18d444d0>
			streams:   0, words:     0
		worklib.MUX2D1:v <0x36b7fb7c>
			streams:   0, words:     0
		worklib.MUX2D2:v <0x193ba3fe>
			streams:   0, words:     0
		worklib.MUX2D4:v <0x25ee73de>
			streams:   0, words:     0
		worklib.MUX2ND0:v <0x27bb68b9>
			streams:   0, words:     0
		worklib.MUX2ND1:v <0x2316fce9>
			streams:   0, words:     0
		worklib.MUX2ND2:v <0x0c9aa46b>
			streams:   0, words:     0
		worklib.MUX2ND4:v <0x304f744b>
			streams:   0, words:     0
		worklib.MUX3D0:v <0x5882b901>
			streams:   0, words:     0
		worklib.MUX3D1:v <0x5ecaf00e>
			streams:   0, words:     0
		worklib.MUX3D2:v <0x0f632d5e>
			streams:   0, words:     0
		worklib.MUX3D4:v <0x1dd6276c>
			streams:   0, words:     0
		worklib.MUX3ND0:v <0x47e81c8f>
			streams:   0, words:     0
		worklib.MUX3ND1:v <0x41a05580>
			streams:   0, words:     0
		worklib.MUX3ND2:v <0x100988d0>
			streams:   0, words:     0
		worklib.MUX3ND4:v <0x02bc82e2>
			streams:   0, words:     0
		worklib.MUX4D0:v <0x73a99fe4>
			streams:   0, words:     0
		worklib.MUX4D1:v <0x2526e33b>
			streams:   0, words:     0
		worklib.MUX4D2:v <0x3d7a077e>
			streams:   0, words:     0
		worklib.MUX4D4:v <0x04991803>
			streams:   0, words:     0
		worklib.MUX4ND0:v <0x03e5f2a1>
			streams:   0, words:     0
		worklib.MUX4ND1:v <0x556a8e7e>
			streams:   0, words:     0
		worklib.MUX4ND2:v <0x4d366a3b>
			streams:   0, words:     0
		worklib.MUX4ND4:v <0x74d57546>
			streams:   0, words:     0
		worklib.OA211D0:v <0x65fcdb76>
			streams:   0, words:     0
		worklib.OA211D1:v <0x74f3dda7>
			streams:   0, words:     0
		worklib.OA211D2:v <0x4eb80123>
			streams:   0, words:     0
		worklib.OA211D4:v <0x3a2fb82b>
			streams:   0, words:     0
		worklib.OA21D0:v <0x7876aa11>
			streams:   0, words:     0
		worklib.OA21D1:v <0x76738460>
			streams:   0, words:     0
		worklib.OA21D2:v <0x5cc09196>
			streams:   0, words:     0
		worklib.OA21D4:v <0x6a6bdb5e>
			streams:   0, words:     0
		worklib.OA221D0:v <0x3ec5a614>
			streams:   0, words:     0
		worklib.OA221D1:v <0x11986ae0>
			streams:   0, words:     0
		worklib.OA221D2:v <0x51988f6e>
			streams:   0, words:     0
		worklib.OA221D4:v <0x03b295c4>
			streams:   0, words:     0
		worklib.OA222D0:v <0x422198d8>
			streams:   0, words:     0
		worklib.OA222D1:v <0x16f8897a>
			streams:   0, words:     0
		worklib.OA222D2:v <0x30e2bddd>
			streams:   0, words:     0
		worklib.OA222D4:v <0x16416240>
			streams:   0, words:     0
		worklib.OA22D0:v <0x5b716e29>
			streams:   0, words:     0
		worklib.OA22D1:v <0x0508e62c>
			streams:   0, words:     0
		worklib.OA22D2:v <0x6ed8a9d4>
			streams:   0, words:     0
		worklib.OA22D4:v <0x62093065>
			streams:   0, words:     0
		worklib.OA31D0:v <0x300a660f>
			streams:   0, words:     0
		worklib.OA31D1:v <0x2437bcd5>
			streams:   0, words:     0
		worklib.OA31D2:v <0x112b044c>
			streams:   0, words:     0
		worklib.OA31D4:v <0x7b12757e>
			streams:   0, words:     0
		worklib.OA32D0:v <0x6931affd>
			streams:   0, words:     0
		worklib.OA32D1:v <0x4a0b0a21>
			streams:   0, words:     0
		worklib.OA32D2:v <0x261e33b2>
			streams:   0, words:     0
		worklib.OA32D4:v <0x4fd2f006>
			streams:   0, words:     0
		worklib.OA33D0:v <0x46f2a717>
			streams:   0, words:     0
		worklib.OA33D1:v <0x15e68f28>
			streams:   0, words:     0
		worklib.OA33D2:v <0x3babf128>
			streams:   0, words:     0
		worklib.OA33D4:v <0x3c400b69>
			streams:   0, words:     0
		worklib.OAI211D0:v <0x2eff2037>
			streams:   0, words:     0
		worklib.OAI211D1:v <0x3ff026e6>
			streams:   0, words:     0
		worklib.OAI211D2:v <0x05bbfa62>
			streams:   0, words:     0
		worklib.OAI211D4:v <0x712c436a>
			streams:   0, words:     0
		worklib.OAI21D0:v <0x11205120>
			streams:   0, words:     0
		worklib.OAI21D1:v <0x64658343>
			streams:   0, words:     0
		worklib.OAI21D2:v <0x4ed696b5>
			streams:   0, words:     0
		worklib.OAI21D4:v <0x787ddc7d>
			streams:   0, words:     0
		worklib.OAI221D0:v <0x7ae02221>
			streams:   0, words:     0
		worklib.OAI221D1:v <0x55bdeed5>
			streams:   0, words:     0
		worklib.OAI221D2:v <0x15bd0b5b>
			streams:   0, words:     0
		worklib.OAI221D4:v <0x479711f1>
			streams:   0, words:     0
		worklib.OAI221XD4:v <0x67cc976b>
			streams:   0, words:     0
		worklib.OAI222D0:v <0x5ef8c7b1>
			streams:   0, words:     0
		worklib.OAI222D1:v <0x0a21d613>
			streams:   0, words:     0
		worklib.OAI222D2:v <0x2c3be2b4>
			streams:   0, words:     0
		worklib.OAI222D4:v <0x0a983d29>
			streams:   0, words:     0
		worklib.OAI222XD4:v <0x7091c5a4>
			streams:   0, words:     0
		worklib.OAI22D0:v <0x4440099b>
			streams:   0, words:     0
		worklib.OAI22D1:v <0x1a39819e>
			streams:   0, words:     0
		worklib.OAI22D2:v <0x71e9ce66>
			streams:   0, words:     0
		worklib.OAI22D4:v <0x7d3857d7>
			streams:   0, words:     0
		worklib.OAI31D0:v <0x1aee3dbd>
			streams:   0, words:     0
		worklib.OAI31D1:v <0x0ed3e767>
			streams:   0, words:     0
		worklib.OAI31D2:v <0x3bcf5ffe>
			streams:   0, words:     0
		worklib.OAI31D4:v <0x51f62ecc>
			streams:   0, words:     0
		worklib.OAI32D0:v <0x40db7b45>
			streams:   0, words:     0
		worklib.OAI32D1:v <0x63e1de99>
			streams:   0, words:     0
		worklib.OAI32D2:v <0x0ff4e70a>
			streams:   0, words:     0
		worklib.OAI32D4:v <0x663824be>
			streams:   0, words:     0
		worklib.OAI32XD4:v <0x44c5ae3d>
			streams:   0, words:     0
		worklib.OAI33D0:v <0x4a1b2320>
			streams:   0, words:     0
		worklib.OAI33D1:v <0x190f0b1f>
			streams:   0, words:     0
		worklib.OAI33D2:v <0x3742751f>
			streams:   0, words:     0
		worklib.OAI33D4:v <0x30a98f5e>
			streams:   0, words:     0
		worklib.OAI33XD4:v <0x35a660d1>
			streams:   0, words:     0
		worklib.SDFCND0:v <0x2b6be3db>
			streams:   0, words:     0
		worklib.SDFCND1:v <0x00a99389>
			streams:   0, words:     0
		worklib.SDFCND2:v <0x7cef037f>
			streams:   0, words:     0
		worklib.SDFCND4:v <0x35849201>
			streams:   0, words:     0
		worklib.SDFCNQD0:v <0x4669f0b2>
			streams:   0, words:     0
		worklib.SDFCNQD1:v <0x79ca629c>
			streams:   0, words:     0
		worklib.SDFCNQD2:v <0x6b050558>
			streams:   0, words:     0
		worklib.SDFCNQD4:v <0x4e9bcad0>
			streams:   0, words:     0
		worklib.SDFCSND0:v <0x56dedb22>
			streams:   1, words:  2727
		worklib.SDFCSND1:v <0x44f2ecb3>
			streams:   1, words:  2727
		worklib.SDFCSND2:v <0x7bdc63f7>
			streams:   1, words:  2727
		worklib.SDFCSND4:v <0x3467cded>
			streams:   1, words:  2727
		worklib.SDFCSNQD0:v <0x5ae42ab4>
			streams:   1, words:  2727
		worklib.SDFCSNQD1:v <0x0ea0cf70>
			streams:   1, words:  2727
		worklib.SDFCSNQD2:v <0x4ad18659>
			streams:   1, words:  2727
		worklib.SDFCSNQD4:v <0x7a8f736e>
			streams:   1, words:  2727
		worklib.SDFD0:v <0x369e97ea>
			streams:   0, words:     0
		worklib.SDFD1:v <0x24e092e3>
			streams:   0, words:     0
		worklib.SDFD2:v <0x23842d6a>
			streams:   0, words:     0
		worklib.SDFD4:v <0x4e80335c>
			streams:   0, words:     0
		worklib.SDFKCND0:v <0x3b128a6e>
			streams:   0, words:     0
		worklib.SDFKCND1:v <0x585e0c12>
			streams:   0, words:     0
		worklib.SDFKCND2:v <0x1e46e7b2>
			streams:   0, words:     0
		worklib.SDFKCND4:v <0x2acb5797>
			streams:   0, words:     0
		worklib.SDFKCNQD0:v <0x43d03cfe>
			streams:   0, words:     0
		worklib.SDFKCNQD1:v <0x47437cf8>
			streams:   0, words:     0
		worklib.SDFKCNQD2:v <0x18dd6d44>
			streams:   0, words:     0
		worklib.SDFKCNQD4:v <0x27e14e3c>
			streams:   0, words:     0
		worklib.SDFKCSND0:v <0x797a0a29>
			streams:   0, words:     0
		worklib.SDFKCSND1:v <0x1350b04c>
			streams:   0, words:     0
		worklib.SDFKCSND2:v <0x1cc9ce71>
			streams:   0, words:     0
		worklib.SDFKCSND4:v <0x3b47556e>
			streams:   0, words:     0
		worklib.SDFKCSNQD0:v <0x126b7595>
			streams:   0, words:     0
		worklib.SDFKCSNQD1:v <0x4ddbd6cd>
			streams:   0, words:     0
		worklib.SDFKCSNQD2:v <0x1cec83b7>
			streams:   0, words:     0
		worklib.SDFKCSNQD4:v <0x063e4e26>
			streams:   0, words:     0
		worklib.SDFKSND0:v <0x3170cf9a>
			streams:   0, words:     0
		worklib.SDFKSND1:v <0x5e035368>
			streams:   0, words:     0
		worklib.SDFKSND2:v <0x3dbc27c8>
			streams:   0, words:     0
		worklib.SDFKSND4:v <0x21b3c8c9>
			streams:   0, words:     0
		worklib.SDFKSNQD0:v <0x512e09c7>
			streams:   0, words:     0
		worklib.SDFKSNQD1:v <0x32628fbb>
			streams:   0, words:     0
		worklib.SDFKSNQD2:v <0x747a641b>
			streams:   0, words:     0
		worklib.SDFKSNQD4:v <0x40f7d43e>
			streams:   0, words:     0
		worklib.SDFNCND0:v <0x25733a1a>
			streams:   0, words:     0
		worklib.SDFNCND1:v <0x1bc52559>
			streams:   0, words:     0
		worklib.SDFNCND2:v <0x581f049c>
			streams:   0, words:     0
		worklib.SDFNCND4:v <0x5fab4716>
			streams:   0, words:     0
		worklib.SDFNCSND0:v <0x16cd8e0e>
			streams:   1, words:  2727
		worklib.SDFNCSND1:v <0x54a005f9>
			streams:   1, words:  2727
		worklib.SDFNCSND2:v <0x23f02972>
			streams:   1, words:  2727
		worklib.SDFNCSND4:v <0x75ec1701>
			streams:   1, words:  2727
		worklib.SDFND0:v <0x1906c97f>
			streams:   0, words:     0
		worklib.SDFND1:v <0x02558c7e>
			streams:   0, words:     0
		worklib.SDFND2:v <0x1e46f3ef>
			streams:   0, words:     0
		worklib.SDFND4:v <0x744bdd7b>
			streams:   0, words:     0
		worklib.SDFNSND0:v <0x7a9b1984>
			streams:   0, words:     0
		worklib.SDFNSND1:v <0x442d06c7>
			streams:   0, words:     0
		worklib.SDFNSND2:v <0x07f72702>
			streams:   0, words:     0
		worklib.SDFNSND4:v <0x00436488>
			streams:   0, words:     0
		worklib.SDFQD0:v <0x20e0082d>
			streams:   0, words:     0
		worklib.SDFQD1:v <0x075d0135>
			streams:   0, words:     0
		worklib.SDFQD2:v <0x050dacce>
			streams:   0, words:     0
		worklib.SDFQD4:v <0x6261961c>
			streams:   0, words:     0
		worklib.SDFQND0:v <0x590b140c>
			streams:   0, words:     0
		worklib.SDFQND1:v <0x7eb61d14>
			streams:   0, words:     0
		worklib.SDFQND2:v <0x7ce6b0ef>
			streams:   0, words:     0
		worklib.SDFQND4:v <0x1b8a8a3d>
			streams:   0, words:     0
		worklib.SDFSND0:v <0x7abd563b>
			streams:   0, words:     0
		worklib.SDFSND1:v <0x517f2669>
			streams:   0, words:     0
		worklib.SDFSND2:v <0x2d39b69f>
			streams:   0, words:     0
		worklib.SDFSND4:v <0x645227e1>
			streams:   0, words:     0
		worklib.SDFSNQD0:v <0x2bd6ae02>
			streams:   0, words:     0
		worklib.SDFSNQD1:v <0x14753c2c>
			streams:   0, words:     0
		worklib.SDFSNQD2:v <0x06ba5be8>
			streams:   0, words:     0
		worklib.SDFSNQD4:v <0x23249460>
			streams:   0, words:     0
		worklib.SDFXD0:v <0x7ff3b269>
			streams:   0, words:     0
		worklib.SDFXD1:v <0x723bd0bf>
			streams:   0, words:     0
		worklib.SDFXD2:v <0x0ef4c116>
			streams:   0, words:     0
		worklib.SDFXD4:v <0x254133f2>
			streams:   0, words:     0
		worklib.SDFXQD0:v <0x148c5b04>
			streams:   0, words:     0
		worklib.SDFXQD1:v <0x7ea6e161>
			streams:   0, words:     0
		worklib.SDFXQD2:v <0x713f9f5c>
			streams:   0, words:     0
		worklib.SDFXQD4:v <0x56b10443>
			streams:   0, words:     0
		worklib.SEDFCND0:v <0x3bb90e42>
			streams:   0, words:     0
		worklib.SEDFCND1:v <0x5d000a52>
			streams:   0, words:     0
		worklib.SEDFCND2:v <0x24e0d7d4>
			streams:   0, words:     0
		worklib.SEDFCND4:v <0x3db6da0b>
			streams:   0, words:     0
		worklib.SEDFCNQD0:v <0x20336bc3>
			streams:   0, words:     0
		worklib.SEDFCNQD1:v <0x2b71c4f4>
			streams:   0, words:     0
		worklib.SEDFCNQD2:v <0x557b5489>
			streams:   0, words:     0
		worklib.SEDFCNQD4:v <0x4aa31557>
			streams:   0, words:     0
		worklib.SEDFD0:v <0x45a2f99a>
			streams:   0, words:     0
		worklib.SEDFD1:v <0x1a125ac2>
			streams:   0, words:     0
		worklib.SEDFD2:v <0x4b250fb8>
			streams:   0, words:     0
		worklib.SEDFD4:v <0x51f7c229>
			streams:   0, words:     0
		worklib.SEDFKCND0:v <0x295acaf2>
			streams:   0, words:     0
		worklib.SEDFKCND1:v <0x415279f9>
			streams:   0, words:     0
		worklib.SEDFKCND2:v <0x223aaaa5>
			streams:   0, words:     0
		worklib.SEDFKCND4:v <0x0e7cbace>
			streams:   0, words:     0
		worklib.SEDFKCNQD0:v <0x1697b9d3>
			streams:   0, words:     0
		worklib.SEDFKCNQD1:v <0x4fe7c3ec>
			streams:   0, words:     0
		worklib.SEDFKCNQD2:v <0x765c9c1b>
			streams:   0, words:     0
		worklib.SEDFKCNQD4:v <0x6fbd9526>
			streams:   0, words:     0
		worklib.SEDFQD0:v <0x6af73d1b>
			streams:   0, words:     0
		worklib.SEDFQD1:v <0x71a4781a>
			streams:   0, words:     0
		worklib.SEDFQD2:v <0x6db7078b>
			streams:   0, words:     0
		worklib.SEDFQD4:v <0x07ba291f>
			streams:   0, words:     0
		worklib.SEDFQND0:v <0x4b89428b>
			streams:   0, words:     0
		worklib.SEDFQND1:v <0x50da078a>
			streams:   0, words:     0
		worklib.SEDFQND2:v <0x4cc9781b>
			streams:   0, words:     0
		worklib.SEDFQND4:v <0x26c4568f>
			streams:   0, words:     0
		worklib.SEDFQNXD0:v <0x5be21b0f>
			streams:   0, words:     0
		worklib.SEDFQNXD1:v <0x40b15e0e>
			streams:   0, words:     0
		worklib.SEDFQNXD2:v <0x5ca2219f>
			streams:   0, words:     0
		worklib.SEDFQNXD4:v <0x36af0f0b>
			streams:   0, words:     0
		worklib.SEDFQXD0:v <0x1a2a46a6>
			streams:   0, words:     0
		worklib.SEDFQXD1:v <0x017903a7>
			streams:   0, words:     0
		worklib.SEDFQXD2:v <0x1d6a7c36>
			streams:   0, words:     0
		worklib.SEDFQXD4:v <0x776752a2>
			streams:   0, words:     0
		worklib.SEDFXD0:v <0x19dcb926>
			streams:   0, words:     0
		worklib.SEDFXD1:v <0x466c1a7e>
			streams:   0, words:     0
		worklib.SEDFXD2:v <0x175b4f04>
			streams:   0, words:     0
		worklib.SEDFXD4:v <0x0d898295>
			streams:   0, words:     0
		worklib.XNR2D0:v <0x4f3fcf05>
			streams:   0, words:     0
		worklib.XNR2D1:v <0x488eaa9a>
			streams:   0, words:     0
		worklib.XNR2D2:v <0x78e1635e>
			streams:   0, words:     0
		worklib.XNR2D4:v <0x4a152160>
			streams:   0, words:     0
		worklib.XNR3D0:v <0x40350f1a>
			streams:   0, words:     0
		worklib.XNR3D1:v <0x5d129c39>
			streams:   0, words:     0
		worklib.XNR3D2:v <0x210b2f1d>
			streams:   0, words:     0
		worklib.XNR3D4:v <0x59384955>
			streams:   0, words:     0
		worklib.XNR4D0:v <0x1f88c140>
			streams:   0, words:     0
		worklib.XNR4D1:v <0x17a8d983>
			streams:   0, words:     0
		worklib.XNR4D2:v <0x5de32170>
			streams:   0, words:     0
		worklib.XNR4D4:v <0x78926004>
			streams:   0, words:     0
		worklib.XOR2D0:v <0x50098dbb>
			streams:   0, words:     0
		worklib.XOR2D1:v <0x57b8e824>
			streams:   0, words:     0
		worklib.XOR2D2:v <0x67d721e0>
			streams:   0, words:     0
		worklib.XOR2D4:v <0x552363de>
			streams:   0, words:     0
		worklib.XOR3D0:v <0x687ae46d>
			streams:   0, words:     0
		worklib.XOR3D1:v <0x755d774e>
			streams:   0, words:     0
		worklib.XOR3D2:v <0x0944c46a>
			streams:   0, words:     0
		worklib.XOR3D4:v <0x7177a222>
			streams:   0, words:     0
		worklib.XOR4D0:v <0x79f75d9f>
			streams:   0, words:     0
		worklib.XOR4D1:v <0x71d7455c>
			streams:   0, words:     0
		worklib.XOR4D2:v <0x3b9cbdaf>
			streams:   0, words:     0
		worklib.XOR4D4:v <0x1eedfcdb>
			streams:   0, words:     0
		worklib.router_a_tb:v <0x06d498aa>
			streams:  11, words: 12479
	Building instance specific data structures.
	Loading native compiled code:     .................... Done
	Design hierarchy summary:
		                  Instances  Unique
		Modules:                878     846
		UDPs:                  1403       4
		Primitives:            3693      10
		Timing outputs:          49      17
		Registers:              377     379
		Scalar wires:           358       -
		Expanded wires:          67       7
		Always blocks:           56      56
		Initial blocks:           1       1
		Pseudo assignments:       6       6
		Timing checks:         4170       -
		Simulation timescale:   1ps
	Writing initial simulation snapshot: worklib.router_a_tb:v
Loading snapshot worklib.router_a_tb:v .................... Done
ncsim> source /CMC/tools/cadence/INCISIVE15.20.079_lnx86/tools/inca/files/ncsimrc
ncsim> run
Router A: 256 tests PASSED :)
Simulation complete via $finish(1) at time 256 NS + 0
../src/router_a_tb.v:107     $finish;
ncsim> exit
TOOL:	ncverilog	15.20-s079: Exiting on Dec 09, 2025 at 17:57:55 EST  (total: 00:00:04)
